<?xml version="1.0" encoding="UTF-8"?>
<robot generator="Robot 7.3.1 (Python 3.13.7 on linux)" generated="2025-09-23T10:10:27.677361" rpa="false" schemaversion="5">
<suite id="s1" name="Front" source="/home/sami/ecommerce-api-and-web-robotframework/tests/serverest/front">
<suite id="s1-s1" name="Product" source="/home/sami/ecommerce-api-and-web-robotframework/tests/serverest/front/product">
<suite id="s1-s1-s1" name="Product Create" source="/home/sami/ecommerce-api-and-web-robotframework/tests/serverest/front/product/product_create.robot">
<test id="s1-s1-s1-t1" name="Create Product Success" line="6">
<kw name="Serverest Values Front" owner="keywords_front">
<kw name="Evaluate" owner="BuiltIn">
<msg time="2025-09-23T10:10:27.884738" level="INFO">${name} = Luzia</msg>
<var>${name}</var>
<arg>random.choice(["Lara", "Lana", "Kaira", "Karol", "Juliana", "Vircine", "Viviene", "Vivian", "Sami", "Samilly", "Samara", "Samira", "Luiza", "Luzia"])</arg>
<arg>modules=random</arg>
<doc>Evaluates the given expression in Python and returns the result.</doc>
<status status="PASS" start="2025-09-23T10:10:27.883668" elapsed="0.001131"/>
</kw>
<kw name="Evaluate" owner="BuiltIn">
<msg time="2025-09-23T10:10:27.885500" level="INFO">${surname} = Silveira</msg>
<var>${surname}</var>
<arg>random.choice(["Santos", "Silva", "Stiti", "Lucena", "Silveira", "Oliveira", "Laradina", "Winked", "Sousa", "Souza", "Alves", "Gomes", "Carneiro", "Santana"])</arg>
<arg>modules=random</arg>
<doc>Evaluates the given expression in Python and returns the result.</doc>
<status status="PASS" start="2025-09-23T10:10:27.885199" elapsed="0.000331"/>
</kw>
<kw name="Catenate" owner="BuiltIn">
<msg time="2025-09-23T10:10:27.885812" level="INFO">${s_FULLNAME} = Luzia Silveira</msg>
<var>${s_FULLNAME}</var>
<arg>${name} ${surname}</arg>
<doc>Catenates the given items together and returns the resulted string.</doc>
<status status="PASS" start="2025-09-23T10:10:27.885652" elapsed="0.000179"/>
</kw>
<kw name="Set Suite Variable" owner="BuiltIn">
<msg time="2025-09-23T10:10:27.886069" level="INFO">${s_FULLNAME} = Luzia Silveira</msg>
<arg>${s_FULLNAME}</arg>
<doc>Makes a variable available everywhere within the scope of the current suite.</doc>
<status status="PASS" start="2025-09-23T10:10:27.885933" elapsed="0.000177"/>
</kw>
<kw name="Generate Random String" owner="String">
<msg time="2025-09-23T10:10:27.886375" level="INFO">${number} = 553</msg>
<var>${number}</var>
<arg>3</arg>
<arg>[NUMBERS]</arg>
<doc>Generates a string with a desired ``length`` from the given ``chars``.</doc>
<status status="PASS" start="2025-09-23T10:10:27.886198" elapsed="0.000198"/>
</kw>
<kw name="Set Variable" owner="BuiltIn">
<msg time="2025-09-23T10:10:27.886635" level="INFO">${email} = Luzia_Silveira_553@hotmail.com</msg>
<var>${email}</var>
<arg>${name}_${surname}_${number}@hotmail.com</arg>
<doc>Returns the given values which can then be assigned to a variables.</doc>
<status status="PASS" start="2025-09-23T10:10:27.886492" elapsed="0.000163"/>
</kw>
<kw name="Set Global Variable" owner="BuiltIn">
<msg time="2025-09-23T10:10:27.887461" level="INFO">${g_FULLNAME} = Luzia Silveira</msg>
<arg>${g_FULLNAME}</arg>
<arg>${s_FULLNAME}</arg>
<doc>Makes a variable available globally in all tests and suites.</doc>
<status status="PASS" start="2025-09-23T10:10:27.886748" elapsed="0.000766"/>
</kw>
<kw name="Set Global Variable" owner="BuiltIn">
<msg time="2025-09-23T10:10:27.888168" level="INFO">${g_EMAIL} = Luzia_Silveira_553@hotmail.com</msg>
<arg>${g_EMAIL}</arg>
<arg>${email}</arg>
<doc>Makes a variable available globally in all tests and suites.</doc>
<status status="PASS" start="2025-09-23T10:10:27.887626" elapsed="0.000605"/>
</kw>
<kw name="Generate Random String" owner="String">
<msg time="2025-09-23T10:10:27.888972" level="INFO">${number} = 224</msg>
<var>${number}</var>
<arg>3</arg>
<arg>[NUMBERS]</arg>
<doc>Generates a string with a desired ``length`` from the given ``chars``.</doc>
<status status="PASS" start="2025-09-23T10:10:27.888444" elapsed="0.000559"/>
</kw>
<kw name="Generate Random String" owner="String">
<msg time="2025-09-23T10:10:27.889295" level="INFO">${letters} = Xgs</msg>
<var>${letters}</var>
<arg>3</arg>
<arg>[LETTERS]</arg>
<doc>Generates a string with a desired ``length`` from the given ``chars``.</doc>
<status status="PASS" start="2025-09-23T10:10:27.889129" elapsed="0.000185"/>
</kw>
<kw name="Set Variable" owner="BuiltIn">
<msg time="2025-09-23T10:10:27.889535" level="INFO">${password_admin} = 224#Xgs</msg>
<var>${password_admin}</var>
<arg>${number}#${letters}</arg>
<doc>Returns the given values which can then be assigned to a variables.</doc>
<status status="PASS" start="2025-09-23T10:10:27.889412" elapsed="0.000141"/>
</kw>
<kw name="Set Global Variable" owner="BuiltIn">
<msg time="2025-09-23T10:10:27.890481" level="INFO">${g_PASSWORD} = 224#Xgs</msg>
<arg>${g_PASSWORD}</arg>
<arg>${password_admin}</arg>
<doc>Makes a variable available globally in all tests and suites.</doc>
<status status="PASS" start="2025-09-23T10:10:27.889646" elapsed="0.000889"/>
</kw>
<kw name="Evaluate" owner="BuiltIn">
<msg time="2025-09-23T10:10:27.890979" level="INFO">${name_product} = Notebook X1</msg>
<var>${name_product}</var>
<arg>random.choice(["Camisa Tech", "Fone Gamer", "Notebook X1", "Cadeira Ergonômica", "Mouse RGB", "Teclado Mecânico", "Monitor UltraWide", "Hub USB-C", "Smartwatch Fit", "Echo Bass", "Carregador Turbo", "Luminária LED", "HD Externo", "Webcam Full HD"])</arg>
<arg>modules=random</arg>
<doc>Evaluates the given expression in Python and returns the result.</doc>
<status status="PASS" start="2025-09-23T10:10:27.890661" elapsed="0.000340"/>
</kw>
<kw name="Generate Random String" owner="String">
<msg time="2025-09-23T10:10:27.891310" level="INFO">${number} = 137</msg>
<var>${number}</var>
<arg>3</arg>
<arg>[NUMBERS]</arg>
<doc>Generates a string with a desired ``length`` from the given ``chars``.</doc>
<status status="PASS" start="2025-09-23T10:10:27.891105" elapsed="0.000224"/>
</kw>
<kw name="Set Variable" owner="BuiltIn">
<msg time="2025-09-23T10:10:27.891566" level="INFO">${s_NAME_PRODUCT} = Notebook X1137</msg>
<var>${s_NAME_PRODUCT}</var>
<arg>${name_product}${number}</arg>
<doc>Returns the given values which can then be assigned to a variables.</doc>
<status status="PASS" start="2025-09-23T10:10:27.891438" elapsed="0.000147"/>
</kw>
<kw name="Evaluate" owner="BuiltIn">
<msg time="2025-09-23T10:10:27.891881" level="INFO">${description} = 16GB RAM, SSD 512GB e tela Full HD</msg>
<var>${description}</var>
<arg>random.choice(["Tecido respirável com proteção UV, ideal para treinos","16GB RAM, SSD 512GB e tela Full HD"," Apoio lombar ajustável e reclinação 135","Mouse RGB DPI com software de personalização de macros"])</arg>
<arg>modules=random</arg>
<doc>Evaluates the given expression in Python and returns the result.</doc>
<status status="PASS" start="2025-09-23T10:10:27.891674" elapsed="0.000227"/>
</kw>
<kw name="Generate Random String" owner="String">
<msg time="2025-09-23T10:10:27.892160" level="INFO">${price} = 133</msg>
<var>${price}</var>
<arg>3</arg>
<arg>[NUMBERS]</arg>
<doc>Generates a string with a desired ``length`` from the given ``chars``.</doc>
<status status="PASS" start="2025-09-23T10:10:27.892001" elapsed="0.000182"/>
</kw>
<kw name="Generate Random String" owner="String">
<msg time="2025-09-23T10:10:27.892449" level="INFO">${quantity} = 1286</msg>
<var>${quantity}</var>
<arg>4</arg>
<arg>[NUMBERS]</arg>
<doc>Generates a string with a desired ``length`` from the given ``chars``.</doc>
<status status="PASS" start="2025-09-23T10:10:27.892277" elapsed="0.000194"/>
</kw>
<kw name="Set Global Variable" owner="BuiltIn">
<msg time="2025-09-23T10:10:27.893322" level="INFO">${g_PRODUCT} = Notebook X1137</msg>
<arg>${g_PRODUCT}</arg>
<arg>${s_NAME_PRODUCT}</arg>
<doc>Makes a variable available globally in all tests and suites.</doc>
<status status="PASS" start="2025-09-23T10:10:27.892583" elapsed="0.000776"/>
</kw>
<kw name="Set Global Variable" owner="BuiltIn">
<msg time="2025-09-23T10:10:27.894195" level="INFO">${g_DESCRIPTION} = 16GB RAM, SSD 512GB e tela Full HD</msg>
<arg>${g_DESCRIPTION}</arg>
<arg>${description}</arg>
<doc>Makes a variable available globally in all tests and suites.</doc>
<status status="PASS" start="2025-09-23T10:10:27.893455" elapsed="0.001030"/>
</kw>
<kw name="Set Global Variable" owner="BuiltIn">
<msg time="2025-09-23T10:10:27.895337" level="INFO">${g_PRICE} = 133</msg>
<arg>${g_PRICE}</arg>
<arg>${price}</arg>
<doc>Makes a variable available globally in all tests and suites.</doc>
<status status="PASS" start="2025-09-23T10:10:27.894690" elapsed="0.000682"/>
</kw>
<kw name="Set Global Variable" owner="BuiltIn">
<msg time="2025-09-23T10:10:27.896040" level="INFO">${g_QUANTITY} = 1286</msg>
<arg>${g_QUANTITY}</arg>
<arg>${quantity}</arg>
<doc>Makes a variable available globally in all tests and suites.</doc>
<status status="PASS" start="2025-09-23T10:10:27.895468" elapsed="0.000605"/>
</kw>
<status status="PASS" start="2025-09-23T10:10:27.882719" elapsed="0.013438"/>
</kw>
<kw name="Setup Authenticated Environment" owner="headers">
<kw name="Create Dictionary" owner="BuiltIn">
<msg time="2025-09-23T10:10:27.897874" level="INFO">${headers} = {'Content-Type': 'application/json'}</msg>
<var>${headers}</var>
<arg>Content-Type=application/json</arg>
<doc>Creates and returns a dictionary based on the given ``items``.</doc>
<status status="PASS" start="2025-09-23T10:10:27.897520" elapsed="0.000404"/>
</kw>
<kw name="Set Global Variable" owner="BuiltIn">
<msg time="2025-09-23T10:10:27.899569" level="INFO">${g_HEADERS} = {'Content-Type': 'application/json'}</msg>
<arg>${g_HEADERS}</arg>
<arg>${headers}</arg>
<doc>Makes a variable available globally in all tests and suites.</doc>
<status status="PASS" start="2025-09-23T10:10:27.898292" elapsed="0.001335"/>
</kw>
<kw name="Set Variable" owner="BuiltIn">
<msg time="2025-09-23T10:10:27.900188" level="INFO">${env_dict} = {'server_back': 'https://serverest.dev', 'server_front': 'https://front.serverest.dev', 'endpoint_login': '/login', 'endpoint_user': '/usuarios', 'endpoint_product': '/produtos', 'endpoint_carts': '/c...</msg>
<var>${env_dict}</var>
<arg>${environments['serverest']}</arg>
<doc>Returns the given values which can then be assigned to a variables.</doc>
<status status="PASS" start="2025-09-23T10:10:27.899767" elapsed="0.000448"/>
</kw>
<kw name="Set Global Variable" owner="BuiltIn">
<msg time="2025-09-23T10:10:27.901058" level="INFO">${g_ENV} = {'server_back': 'https://serverest.dev', 'server_front': 'https://front.serverest.dev', 'endpoint_login': '/login', 'endpoint_user': '/usuarios', 'endpoint_product': '/produtos', 'endpoint_carts': '/c...</msg>
<arg>${g_ENV}</arg>
<arg>${env_dict}</arg>
<doc>Makes a variable available globally in all tests and suites.</doc>
<status status="PASS" start="2025-09-23T10:10:27.900392" elapsed="0.000732"/>
</kw>
<kw name="Create Session" owner="RequestsLibrary">
<msg time="2025-09-23T10:10:27.901969" level="INFO">Creating Session using : alias=session, url=https://serverest.dev, headers={},                     cookies={}, auth=None, timeout=None, proxies=None, verify=False,                     debug=0 </msg>
<arg>session</arg>
<arg>url=${g_ENV['server_back']}</arg>
<doc>Create Session: create a HTTP session to a server</doc>
<status status="PASS" start="2025-09-23T10:10:27.901280" elapsed="0.000946"/>
</kw>
<kw name="Create Dictionary" owner="BuiltIn">
<msg time="2025-09-23T10:10:27.903477" level="INFO">${body} = {'email': 'fulano@qa.com', 'password': 'teste'}</msg>
<var>${body}</var>
<arg>email=${data['mail']}</arg>
<arg>password=${data['password']}</arg>
<doc>Creates and returns a dictionary based on the given ``items``.</doc>
<status status="PASS" start="2025-09-23T10:10:27.902414" elapsed="0.001095"/>
</kw>
<kw name="POST On Session" owner="RequestsLibrary">
<msg time="2025-09-23T10:10:28.557627" level="INFO">POST Request : url=https://serverest.dev/login 
 path_url=/login 
 headers={'User-Agent': 'python-requests/2.32.4', 'Accept-Encoding': 'gzip, deflate', 'Accept': '*/*', 'Connection': 'keep-alive', 'Content-Length': '47', 'Content-Type': 'application/json'} 
 body=b'{"email": "fulano@qa.com", "password": "teste"}' 
 </msg>
<msg time="2025-09-23T10:10:28.557734" level="INFO">POST Response : url=https://serverest.dev/login 
 status=200, reason=OK 
 headers={'access-control-allow-origin': '*', 'x-dns-prefetch-control': 'off', 'x-frame-options': 'SAMEORIGIN', 'strict-transport-security': 'max-age=15552000; includeSubDomains', 'x-download-options': 'noopen', 'x-content-type-options': 'nosniff', 'x-xss-protection': '1; mode=block', 'content-type': 'application/json; charset=utf-8', 'x-cloud-trace-context': '46356bb500dd74a27a30151a484b2091', 'date': 'Tue, 23 Sep 2025 13:10:28 GMT', 'server': 'Google Frontend', 'Content-Length': '265'} 
 body={
    "message": "Login realizado com sucesso",
    "authorization": "Bearer eyJhbGciOiJIUzI1NiIsInR5cCI6IkpXVCJ9.eyJlbWFpbCI6ImZ1bGFub0BxYS5jb20iLCJwYXNzd29yZCI6InRlc3RlIiwiaWF0IjoxNzU4NjMzMDI4LCJleHAiOjE3NTg2MzM2Mjh9.LF-Fy_X0MQmY-s8cEgkGowZv_Y122smvu2ZQVuVDlp4"
} 
 </msg>
<msg time="2025-09-23T10:10:28.557790" level="INFO">/home/sami/ecommerce-api-and-web-robotframework/venv/lib/python3.13/site-packages/urllib3/connectionpool.py:1097: InsecureRequestWarning: Unverified HTTPS request is being made to host 'serverest.dev'. Adding certificate verification is strongly advised. See: https://urllib3.readthedocs.io/en/latest/advanced-usage.html#tls-warnings
  warnings.warn(</msg>
<msg time="2025-09-23T10:10:28.557906" level="INFO">${response} = &lt;Response [200]&gt;</msg>
<var>${response}</var>
<arg>session</arg>
<arg>${g_ENV['endpoint_login']}</arg>
<arg>json=${body}</arg>
<doc>Sends a POST request on a previously created HTTP Session.</doc>
<status status="PASS" start="2025-09-23T10:10:27.903674" elapsed="0.654256"/>
</kw>
<kw name="Set Global Variable" owner="BuiltIn">
<msg time="2025-09-23T10:10:28.559000" level="INFO">${g_TOKEN} = Bearer eyJhbGciOiJIUzI1NiIsInR5cCI6IkpXVCJ9.eyJlbWFpbCI6ImZ1bGFub0BxYS5jb20iLCJwYXNzd29yZCI6InRlc3RlIiwiaWF0IjoxNzU4NjMzMDI4LCJleHAiOjE3NTg2MzM2Mjh9.LF-Fy_X0MQmY-s8cEgkGowZv_Y122smvu2ZQVuVDlp4</msg>
<arg>${g_TOKEN}</arg>
<arg>${response.json()['authorization']}</arg>
<doc>Makes a variable available globally in all tests and suites.</doc>
<status status="PASS" start="2025-09-23T10:10:28.558146" elapsed="0.000900"/>
</kw>
<kw name="Create Dictionary" owner="BuiltIn">
<msg time="2025-09-23T10:10:28.559389" level="INFO">${HEADERS_AUTH} = {'Authorization': 'Bearer eyJhbGciOiJIUzI1NiIsInR5cCI6IkpXVCJ9.eyJlbWFpbCI6ImZ1bGFub0BxYS5jb20iLCJwYXNzd29yZCI6InRlc3RlIiwiaWF0IjoxNzU4NjMzMDI4LCJleHAiOjE3NTg2MzM2Mjh9.LF-Fy_X0MQmY-s8cEgkGowZv_Y122smv...</msg>
<var>${HEADERS_AUTH}</var>
<arg>Authorization=${g_TOKEN}</arg>
<doc>Creates and returns a dictionary based on the given ``items``.</doc>
<status status="PASS" start="2025-09-23T10:10:28.559192" elapsed="0.000222"/>
</kw>
<kw name="Set Global Variable" owner="BuiltIn">
<msg time="2025-09-23T10:10:28.560148" level="INFO">${g_HEADERS_AUTH} = {'Authorization': 'Bearer eyJhbGciOiJIUzI1NiIsInR5cCI6IkpXVCJ9.eyJlbWFpbCI6ImZ1bGFub0BxYS5jb20iLCJwYXNzd29yZCI6InRlc3RlIiwiaWF0IjoxNzU4NjMzMDI4LCJleHAiOjE3NTg2MzM2Mjh9.LF-Fy_X0MQmY-s8cEgkGowZv_Y122smv...</msg>
<arg>${g_HEADERS_AUTH}</arg>
<arg>${HEADERS_AUTH}</arg>
<doc>Makes a variable available globally in all tests and suites.</doc>
<status status="PASS" start="2025-09-23T10:10:28.559521" elapsed="0.000664"/>
</kw>
<doc>Prepara variáveis globais, cria sessão e autentica com token</doc>
<status status="PASS" start="2025-09-23T10:10:27.896899" elapsed="0.663354"/>
</kw>
<kw name="Open Browser" owner="SeleniumLibrary">
<msg time="2025-09-23T10:10:28.561067" level="INFO">Opening browser 'chrome' to base url 'https://front.serverest.dev/login'.</msg>
<arg>${g_ENV['server_front']}${g_ENV['endpoint_login']}</arg>
<arg>chrome</arg>
<doc>Opens a new browser instance to the optional ``url``.</doc>
<status status="PASS" start="2025-09-23T10:10:28.560424" elapsed="11.679410"/>
</kw>
<kw name="Set Window Size" owner="SeleniumLibrary">
<arg>1920</arg>
<arg>1080</arg>
<doc>Sets current windows size to given ``width`` and ``height``.</doc>
<status status="PASS" start="2025-09-23T10:10:40.240791" elapsed="0.033768"/>
</kw>
<kw name="Wait Until Element Is Visible" owner="SeleniumLibrary">
<arg>${elements_login['link_register']}</arg>
<doc>Waits until the element ``locator`` is visible.</doc>
<status status="PASS" start="2025-09-23T10:10:40.275806" elapsed="0.040548"/>
</kw>
<kw name="Click Link" owner="SeleniumLibrary">
<msg time="2025-09-23T10:10:40.322835" level="INFO">Clicking link '//*[@class="btn btn-link"]'.</msg>
<arg>${elements_login['link_register']}</arg>
<doc>Clicks a link identified by ``locator``.</doc>
<status status="PASS" start="2025-09-23T10:10:40.318763" elapsed="0.101695"/>
</kw>
<kw name="Wait Until Element Is Visible" owner="SeleniumLibrary">
<arg>${elements_user['input_name_register']}</arg>
<doc>Waits until the element ``locator`` is visible.</doc>
<status status="PASS" start="2025-09-23T10:10:40.420710" elapsed="0.023989"/>
</kw>
<kw name="Input Text" owner="SeleniumLibrary">
<msg time="2025-09-23T10:10:40.447561" level="INFO">Typing text 'Luzia Silveira' into text field 'xpath=//*[@id="nome"]'.</msg>
<arg>${elements_user['input_name_register']}</arg>
<arg>${g_FULLNAME}</arg>
<doc>Types the given ``text`` into the text field identified by ``locator``.</doc>
<status status="PASS" start="2025-09-23T10:10:40.445793" elapsed="0.088103"/>
</kw>
<kw name="Wait Until Element Is Visible" owner="SeleniumLibrary">
<arg>${elements_user['input_mail_register']}</arg>
<doc>Waits until the element ``locator`` is visible.</doc>
<status status="PASS" start="2025-09-23T10:10:40.534364" elapsed="0.013553"/>
</kw>
<kw name="Input Text" owner="SeleniumLibrary">
<msg time="2025-09-23T10:10:40.548932" level="INFO">Typing text 'Luzia_Silveira_553@hotmail.com' into text field 'xpath=//*[@id="email"]'.</msg>
<arg>${elements_user['input_mail_register']}</arg>
<arg>${g_EMAIL}</arg>
<doc>Types the given ``text`` into the text field identified by ``locator``.</doc>
<status status="PASS" start="2025-09-23T10:10:40.548319" elapsed="0.083048"/>
</kw>
<kw name="Wait Until Element Is Visible" owner="SeleniumLibrary">
<arg>${elements_user['input_password_register']}</arg>
<doc>Waits until the element ``locator`` is visible.</doc>
<status status="PASS" start="2025-09-23T10:10:40.631671" elapsed="0.013061"/>
</kw>
<kw name="Input Password" owner="SeleniumLibrary">
<msg time="2025-09-23T10:10:40.646071" level="INFO">Typing password into text field 'xpath=/html/body/div/div/div/form/div[3]/input'.</msg>
<msg time="2025-09-23T10:10:40.683279" level="INFO">Temporally setting log level to: NONE</msg>
<arg>${elements_user['input_password_register']}</arg>
<arg>${g_PASSWORD}</arg>
<doc>Types the given password into the text field identified by ``locator``.</doc>
<status status="PASS" start="2025-09-23T10:10:40.645213" elapsed="0.062093"/>
</kw>
<kw name="Wait Until Element Is Visible" owner="SeleniumLibrary">
<arg>${elements_user['check_admin']}</arg>
<doc>Waits until the element ``locator`` is visible.</doc>
<status status="PASS" start="2025-09-23T10:10:40.707574" elapsed="0.013193"/>
</kw>
<kw name="Click Element" owner="SeleniumLibrary">
<msg time="2025-09-23T10:10:40.721653" level="INFO">Clicking element 'xpath=/html/body/div/div/div/form/div[4]/div/input'.</msg>
<arg>${elements_user['check_admin']}</arg>
<doc>Click the element identified by ``locator``.</doc>
<status status="PASS" start="2025-09-23T10:10:40.721037" elapsed="0.050527"/>
</kw>
<kw name="Wait Until Element Is Visible" owner="SeleniumLibrary">
<arg>${elements_user['btn_register']}</arg>
<doc>Waits until the element ``locator`` is visible.</doc>
<status status="PASS" start="2025-09-23T10:10:40.771992" elapsed="0.017805"/>
</kw>
<kw name="Click Button" owner="SeleniumLibrary">
<msg time="2025-09-23T10:10:40.790977" level="INFO">Clicking button 'xpath=//button[@data-testid="cadastrar"]'.</msg>
<arg>${elements_user['btn_register']}</arg>
<doc>Clicks the button identified by ``locator``.</doc>
<status status="PASS" start="2025-09-23T10:10:40.790174" elapsed="0.063894"/>
</kw>
<kw name="Wait Until Element Is Visible" owner="SeleniumLibrary">
<arg>${elements_user['msg_success']}</arg>
<doc>Waits until the element ``locator`` is visible.</doc>
<status status="PASS" start="2025-09-23T10:10:40.854452" elapsed="0.890344"/>
</kw>
<kw name="Element Should Be Visible" owner="SeleniumLibrary">
<msg time="2025-09-23T10:10:41.755888" level="INFO">Element 'xpath=//*[text()[contains(., 'Cadastro realizado com sucesso')]]' is displayed.</msg>
<arg>${elements_user['msg_success']}</arg>
<doc>Verifies that the element identified by ``locator`` is visible.</doc>
<status status="PASS" start="2025-09-23T10:10:41.745300" elapsed="0.010718"/>
</kw>
<kw name="Wait Until Element Is Visible" owner="SeleniumLibrary">
<arg>${elements_user['home']}</arg>
<arg>timeout=10</arg>
<doc>Waits until the element ``locator`` is visible.</doc>
<status status="PASS" start="2025-09-23T10:10:41.756303" elapsed="3.207137"/>
</kw>
<kw name="Element Should Be Visible" owner="SeleniumLibrary">
<msg time="2025-09-23T10:10:44.990510" level="INFO">Element 'xpath=//*[@data-testid="home"]' is displayed.</msg>
<arg>${elements_user['home']}</arg>
<doc>Verifies that the element identified by ``locator`` is visible.</doc>
<status status="PASS" start="2025-09-23T10:10:44.963930" elapsed="0.027127"/>
</kw>
<kw name="Wait Until Element Is Visible" owner="SeleniumLibrary">
<arg>${elements_user['home']}</arg>
<doc>Waits until the element ``locator`` is visible.</doc>
<status status="PASS" start="2025-09-23T10:10:44.991607" elapsed="0.029952"/>
</kw>
<kw name="Element Should Be Visible" owner="SeleniumLibrary">
<msg time="2025-09-23T10:10:45.060888" level="INFO">Element 'xpath=//*[@data-testid="home"]' is displayed.</msg>
<arg>${elements_user['home']}</arg>
<doc>Verifies that the element identified by ``locator`` is visible.</doc>
<status status="PASS" start="2025-09-23T10:10:45.022782" elapsed="0.038814"/>
</kw>
<kw name="Wait Until Element Is Visible" owner="SeleniumLibrary">
<arg>${elements_product['new_product']}</arg>
<doc>Waits until the element ``locator`` is visible.</doc>
<status status="PASS" start="2025-09-23T10:10:45.063240" elapsed="0.041892"/>
</kw>
<kw name="Click Element" owner="SeleniumLibrary">
<msg time="2025-09-23T10:10:45.108559" level="INFO">Clicking element 'xpath=/html/body/div/div/div/p[2]/div[4]/div/div/a'.</msg>
<arg>${elements_product['new_product']}</arg>
<doc>Click the element identified by ``locator``.</doc>
<status status="PASS" start="2025-09-23T10:10:45.106357" elapsed="0.066010"/>
</kw>
<kw name="Wait Until Element Is Visible" owner="SeleniumLibrary">
<arg>${elements_product['titler_product']}</arg>
<doc>Waits until the element ``locator`` is visible.</doc>
<status status="PASS" start="2025-09-23T10:10:45.172783" elapsed="0.014937"/>
</kw>
<kw name="Wait Until Element Is Visible" owner="SeleniumLibrary">
<arg>${elements_product['name_product']}</arg>
<doc>Waits until the element ``locator`` is visible.</doc>
<status status="PASS" start="2025-09-23T10:10:45.188049" elapsed="0.020906"/>
</kw>
<kw name="Input Text" owner="SeleniumLibrary">
<msg time="2025-09-23T10:10:45.210329" level="INFO">Typing text 'Notebook X1137' into text field 'xpath=//*[@id="nome"]'.</msg>
<arg>${elements_product['name_product']}</arg>
<arg>${g_PRODUCT}</arg>
<doc>Types the given ``text`` into the text field identified by ``locator``.</doc>
<status status="PASS" start="2025-09-23T10:10:45.209538" elapsed="0.077963"/>
</kw>
<kw name="Wait Until Element Is Visible" owner="SeleniumLibrary">
<arg>${elements_product['price_product']}</arg>
<doc>Waits until the element ``locator`` is visible.</doc>
<status status="PASS" start="2025-09-23T10:10:45.287767" elapsed="0.016966"/>
</kw>
<kw name="Input Text" owner="SeleniumLibrary">
<msg time="2025-09-23T10:10:45.306865" level="INFO">Typing text '133' into text field 'xpath=/html/body/div/div/div/div/form/div[2]/div/input'.</msg>
<arg>${elements_product['price_product']}</arg>
<arg>${g_PRICE}</arg>
<doc>Types the given ``text`` into the text field identified by ``locator``.</doc>
<status status="PASS" start="2025-09-23T10:10:45.305859" elapsed="0.061989"/>
</kw>
<kw name="Wait Until Element Is Visible" owner="SeleniumLibrary">
<arg>${elements_product['description_product']}</arg>
<doc>Waits until the element ``locator`` is visible.</doc>
<status status="PASS" start="2025-09-23T10:10:45.368275" elapsed="0.018690"/>
</kw>
<kw name="Input Text" owner="SeleniumLibrary">
<msg time="2025-09-23T10:10:45.389466" level="INFO">Typing text '16GB RAM, SSD 512GB e tela Full HD' into text field 'xpath=//*[@id="description"]'.</msg>
<arg>${elements_product['description_product']}</arg>
<arg>${g_DESCRIPTION}</arg>
<doc>Types the given ``text`` into the text field identified by ``locator``.</doc>
<status status="PASS" start="2025-09-23T10:10:45.387874" elapsed="0.080874"/>
</kw>
<kw name="Wait Until Element Is Visible" owner="SeleniumLibrary">
<arg>${elements_product['quantity_product']}</arg>
<doc>Waits until the element ``locator`` is visible.</doc>
<status status="PASS" start="2025-09-23T10:10:45.469011" elapsed="0.019583"/>
</kw>
<kw name="Input Text" owner="SeleniumLibrary">
<msg time="2025-09-23T10:10:45.491735" level="INFO">Typing text '1286' into text field 'xpath=//*[@id="quantity"]'.</msg>
<arg>${elements_product['quantity_product']}</arg>
<arg>${g_QUANTITY}</arg>
<doc>Types the given ``text`` into the text field identified by ``locator``.</doc>
<status status="PASS" start="2025-09-23T10:10:45.489617" elapsed="0.059706"/>
</kw>
<kw name="Wait Until Element Is Visible" owner="SeleniumLibrary">
<arg>${elements_product['file_img']}</arg>
<doc>Waits until the element ``locator`` is visible.</doc>
<status status="PASS" start="2025-09-23T10:10:45.549687" elapsed="0.017911"/>
</kw>
<kw name="Path Image" owner="product_keywords">
<kw name="Set Variable" owner="BuiltIn">
<msg time="2025-09-23T10:10:45.568798" level="INFO">${relative_path} = fixtures/serverest/files/img.png</msg>
<var>${relative_path}</var>
<arg>fixtures/serverest/files/img.png</arg>
<doc>Returns the given values which can then be assigned to a variables.</doc>
<status status="PASS" start="2025-09-23T10:10:45.568641" elapsed="0.000183"/>
</kw>
<kw name="Normalize Path" owner="OperatingSystem">
<msg time="2025-09-23T10:10:45.569261" level="INFO">${s_IMAGE_PATH} = /home/sami/ecommerce-api-and-web-robotframework/fixtures/serverest/files/img.png</msg>
<var>${s_IMAGE_PATH}</var>
<arg>${EXECDIR}/${relative_path}</arg>
<doc>Normalizes the given path.</doc>
<status status="PASS" start="2025-09-23T10:10:45.568960" elapsed="0.000336"/>
</kw>
<kw name="File Should Exist" owner="OperatingSystem">
<msg time="2025-09-23T10:10:45.569835" level="INFO" html="true">File '&lt;a href="file:///home/sami/ecommerce-api-and-web-robotframework/fixtures/serverest/files/img.png"&gt;/home/sami/ecommerce-api-and-web-robotframework/fixtures/serverest/files/img.png&lt;/a&gt;' exists.</msg>
<arg>${s_IMAGE_PATH}</arg>
<doc>Fails unless the given ``path`` points to an existing file.</doc>
<status status="PASS" start="2025-09-23T10:10:45.569485" elapsed="0.000409"/>
</kw>
<kw name="Set Suite Variable" owner="BuiltIn">
<msg time="2025-09-23T10:10:45.570234" level="INFO">${s_IMAGE_PATH} = /home/sami/ecommerce-api-and-web-robotframework/fixtures/serverest/files/img.png</msg>
<arg>${s_IMAGE_PATH}</arg>
<doc>Makes a variable available everywhere within the scope of the current suite.</doc>
<status status="PASS" start="2025-09-23T10:10:45.570082" elapsed="0.000183"/>
</kw>
<status status="PASS" start="2025-09-23T10:10:45.567923" elapsed="0.002401"/>
</kw>
<kw name="Choose File" owner="SeleniumLibrary">
<msg time="2025-09-23T10:10:45.571865" level="INFO">Sending /home/sami/ecommerce-api-and-web-robotframework/fixtures/serverest/files/img.png to browser.</msg>
<arg>${elements_product['file_img']}</arg>
<arg>${s_IMAGE_PATH}</arg>
<doc>Inputs the ``file_path`` into the file input field ``locator``.</doc>
<status status="PASS" start="2025-09-23T10:10:45.570701" elapsed="0.033345"/>
</kw>
<kw name="Wait Until Element Is Visible" owner="SeleniumLibrary">
<arg>${elements_product['btn_new_product']}</arg>
<doc>Waits until the element ``locator`` is visible.</doc>
<status status="PASS" start="2025-09-23T10:10:45.604315" elapsed="0.024704"/>
</kw>
<kw name="Click Element" owner="SeleniumLibrary">
<msg time="2025-09-23T10:10:45.631665" level="INFO">Clicking element 'xpath=//*[@id="root"]/div/div/div/form/div[6]/div/button'.</msg>
<arg>${elements_product['btn_new_product']}</arg>
<doc>Click the element identified by ``locator``.</doc>
<status status="PASS" start="2025-09-23T10:10:45.629816" elapsed="0.079376"/>
</kw>
<kw name="Capture Page Screenshot" owner="SeleniumLibrary">
<msg time="2025-09-23T10:10:45.940163" level="INFO" html="true">&lt;/td&gt;&lt;/tr&gt;&lt;tr&gt;&lt;td colspan="3"&gt;&lt;a href="selenium-screenshot-12.png"&gt;&lt;img src="selenium-screenshot-12.png" width="800px"&gt;&lt;/a&gt;</msg>
<doc>Takes a screenshot of the current page and embeds it into a log file.</doc>
<status status="PASS" start="2025-09-23T10:10:45.709459" elapsed="0.230817"/>
</kw>
<kw name="Delete Front Product" owner="product_keywords">
<kw name="Setup Authenticated Environment" owner="headers">
<kw name="Create Dictionary" owner="BuiltIn">
<msg time="2025-09-23T10:10:45.941176" level="INFO">${headers} = {'Content-Type': 'application/json'}</msg>
<var>${headers}</var>
<arg>Content-Type=application/json</arg>
<doc>Creates and returns a dictionary based on the given ``items``.</doc>
<status status="PASS" start="2025-09-23T10:10:45.941031" elapsed="0.000168"/>
</kw>
<kw name="Set Global Variable" owner="BuiltIn">
<msg time="2025-09-23T10:10:45.941458" level="INFO">${g_HEADERS} = {'Content-Type': 'application/json'}</msg>
<arg>${g_HEADERS}</arg>
<arg>${headers}</arg>
<doc>Makes a variable available globally in all tests and suites.</doc>
<status status="PASS" start="2025-09-23T10:10:45.941302" elapsed="0.000189"/>
</kw>
<kw name="Set Variable" owner="BuiltIn">
<msg time="2025-09-23T10:10:45.941949" level="INFO">${env_dict} = {'server_back': 'https://serverest.dev', 'server_front': 'https://front.serverest.dev', 'endpoint_login': '/login', 'endpoint_user': '/usuarios', 'endpoint_product': '/produtos', 'endpoint_carts': '/c...</msg>
<var>${env_dict}</var>
<arg>${environments['serverest']}</arg>
<doc>Returns the given values which can then be assigned to a variables.</doc>
<status status="PASS" start="2025-09-23T10:10:45.941580" elapsed="0.000394"/>
</kw>
<kw name="Set Global Variable" owner="BuiltIn">
<msg time="2025-09-23T10:10:45.942256" level="INFO">${g_ENV} = {'server_back': 'https://serverest.dev', 'server_front': 'https://front.serverest.dev', 'endpoint_login': '/login', 'endpoint_user': '/usuarios', 'endpoint_product': '/produtos', 'endpoint_carts': '/c...</msg>
<arg>${g_ENV}</arg>
<arg>${env_dict}</arg>
<doc>Makes a variable available globally in all tests and suites.</doc>
<status status="PASS" start="2025-09-23T10:10:45.942078" elapsed="0.000210"/>
</kw>
<kw name="Create Session" owner="RequestsLibrary">
<msg time="2025-09-23T10:10:45.942734" level="INFO">Creating Session using : alias=session, url=https://serverest.dev, headers={},                     cookies={}, auth=None, timeout=None, proxies=None, verify=False,                     debug=0 </msg>
<arg>session</arg>
<arg>url=${g_ENV['server_back']}</arg>
<doc>Create Session: create a HTTP session to a server</doc>
<status status="PASS" start="2025-09-23T10:10:45.942380" elapsed="0.000481"/>
</kw>
<kw name="Create Dictionary" owner="BuiltIn">
<msg time="2025-09-23T10:10:45.943598" level="INFO">${body} = {'email': 'fulano@qa.com', 'password': 'teste'}</msg>
<var>${body}</var>
<arg>email=${data['mail']}</arg>
<arg>password=${data['password']}</arg>
<doc>Creates and returns a dictionary based on the given ``items``.</doc>
<status status="PASS" start="2025-09-23T10:10:45.942967" elapsed="0.000655"/>
</kw>
<kw name="POST On Session" owner="RequestsLibrary">
<msg time="2025-09-23T10:10:46.677667" level="INFO">POST Request : url=https://serverest.dev/login 
 path_url=/login 
 headers={'User-Agent': 'python-requests/2.32.4', 'Accept-Encoding': 'gzip, deflate', 'Accept': '*/*', 'Connection': 'keep-alive', 'Content-Length': '47', 'Content-Type': 'application/json'} 
 body=b'{"email": "fulano@qa.com", "password": "teste"}' 
 </msg>
<msg time="2025-09-23T10:10:46.678038" level="INFO">POST Response : url=https://serverest.dev/login 
 status=200, reason=OK 
 headers={'access-control-allow-origin': '*', 'x-dns-prefetch-control': 'off', 'x-frame-options': 'SAMEORIGIN', 'strict-transport-security': 'max-age=15552000; includeSubDomains', 'x-download-options': 'noopen', 'x-content-type-options': 'nosniff', 'x-xss-protection': '1; mode=block', 'content-type': 'application/json; charset=utf-8', 'x-cloud-trace-context': 'f41cbe8d1734b1d87cf492984e29cf1c', 'date': 'Tue, 23 Sep 2025 13:10:46 GMT', 'server': 'Google Frontend', 'Content-Length': '265'} 
 body={
    "message": "Login realizado com sucesso",
    "authorization": "Bearer eyJhbGciOiJIUzI1NiIsInR5cCI6IkpXVCJ9.eyJlbWFpbCI6ImZ1bGFub0BxYS5jb20iLCJwYXNzd29yZCI6InRlc3RlIiwiaWF0IjoxNzU4NjMzMDQ2LCJleHAiOjE3NTg2MzM2NDZ9.ooXj5tkgIkPtwihmipKt0i9xv3ejZoOMMjmo0KQdygQ"
} 
 </msg>
<msg time="2025-09-23T10:10:46.678296" level="INFO">/home/sami/ecommerce-api-and-web-robotframework/venv/lib/python3.13/site-packages/urllib3/connectionpool.py:1097: InsecureRequestWarning: Unverified HTTPS request is being made to host 'serverest.dev'. Adding certificate verification is strongly advised. See: https://urllib3.readthedocs.io/en/latest/advanced-usage.html#tls-warnings
  warnings.warn(</msg>
<msg time="2025-09-23T10:10:46.678594" level="INFO">${response} = &lt;Response [200]&gt;</msg>
<var>${response}</var>
<arg>session</arg>
<arg>${g_ENV['endpoint_login']}</arg>
<arg>json=${body}</arg>
<doc>Sends a POST request on a previously created HTTP Session.</doc>
<status status="PASS" start="2025-09-23T10:10:45.943726" elapsed="0.734939"/>
</kw>
<kw name="Set Global Variable" owner="BuiltIn">
<msg time="2025-09-23T10:10:46.681582" level="INFO">${g_TOKEN} = Bearer eyJhbGciOiJIUzI1NiIsInR5cCI6IkpXVCJ9.eyJlbWFpbCI6ImZ1bGFub0BxYS5jb20iLCJwYXNzd29yZCI6InRlc3RlIiwiaWF0IjoxNzU4NjMzMDQ2LCJleHAiOjE3NTg2MzM2NDZ9.ooXj5tkgIkPtwihmipKt0i9xv3ejZoOMMjmo0KQdygQ</msg>
<arg>${g_TOKEN}</arg>
<arg>${response.json()['authorization']}</arg>
<doc>Makes a variable available globally in all tests and suites.</doc>
<status status="PASS" start="2025-09-23T10:10:46.679340" elapsed="0.002450"/>
</kw>
<kw name="Create Dictionary" owner="BuiltIn">
<msg time="2025-09-23T10:10:46.683204" level="INFO">${HEADERS_AUTH} = {'Authorization': 'Bearer eyJhbGciOiJIUzI1NiIsInR5cCI6IkpXVCJ9.eyJlbWFpbCI6ImZ1bGFub0BxYS5jb20iLCJwYXNzd29yZCI6InRlc3RlIiwiaWF0IjoxNzU4NjMzMDQ2LCJleHAiOjE3NTg2MzM2NDZ9.ooXj5tkgIkPtwihmipKt0i9xv3ejZoOM...</msg>
<var>${HEADERS_AUTH}</var>
<arg>Authorization=${g_TOKEN}</arg>
<doc>Creates and returns a dictionary based on the given ``items``.</doc>
<status status="PASS" start="2025-09-23T10:10:46.682382" elapsed="0.000939"/>
</kw>
<kw name="Set Global Variable" owner="BuiltIn">
<msg time="2025-09-23T10:10:46.684740" level="INFO">${g_HEADERS_AUTH} = {'Authorization': 'Bearer eyJhbGciOiJIUzI1NiIsInR5cCI6IkpXVCJ9.eyJlbWFpbCI6ImZ1bGFub0BxYS5jb20iLCJwYXNzd29yZCI6InRlc3RlIiwiaWF0IjoxNzU4NjMzMDQ2LCJleHAiOjE3NTg2MzM2NDZ9.ooXj5tkgIkPtwihmipKt0i9xv3ejZoOM...</msg>
<arg>${g_HEADERS_AUTH}</arg>
<arg>${HEADERS_AUTH}</arg>
<doc>Makes a variable available globally in all tests and suites.</doc>
<status status="PASS" start="2025-09-23T10:10:46.683881" elapsed="0.001030"/>
</kw>
<doc>Prepara variáveis globais, cria sessão e autentica com token</doc>
<status status="PASS" start="2025-09-23T10:10:45.940843" elapsed="0.744357"/>
</kw>
<kw name="Create Session" owner="RequestsLibrary">
<msg time="2025-09-23T10:10:46.687580" level="INFO">Creating Session using : alias=session, url=https://serverest.dev, headers={},                     cookies={}, auth=None, timeout=None, proxies=None, verify=False,                     debug=0 </msg>
<arg>session</arg>
<arg>url=${g_ENV['server_back']}</arg>
<doc>Create Session: create a HTTP session to a server</doc>
<status status="PASS" start="2025-09-23T10:10:46.685715" elapsed="0.002359"/>
</kw>
<kw name="GET On Session" owner="RequestsLibrary">
<msg time="2025-09-23T10:10:47.188285" level="INFO">GET Request : url=https://serverest.dev/produtos/?nome=Notebook%20X1137 
 path_url=/produtos/?nome=Notebook%20X1137 
 headers={'User-Agent': 'python-requests/2.32.4', 'Accept-Encoding': 'gzip, deflate', 'Accept': '*/*', 'Connection': 'keep-alive', 'Authorization': 'Bearer eyJhbGciOiJIUzI1NiIsInR5cCI6IkpXVCJ9.eyJlbWFpbCI6ImZ1bGFub0BxYS5jb20iLCJwYXNzd29yZCI6InRlc3RlIiwiaWF0IjoxNzU4NjMzMDQ2LCJleHAiOjE3NTg2MzM2NDZ9.ooXj5tkgIkPtwihmipKt0i9xv3ejZoOMMjmo0KQdygQ'} 
 body=None 
 </msg>
<msg time="2025-09-23T10:10:47.188501" level="INFO">GET Response : url=https://serverest.dev/produtos/?nome=Notebook%20X1137 
 status=200, reason=OK 
 headers={'access-control-allow-origin': '*', 'x-dns-prefetch-control': 'off', 'x-frame-options': 'SAMEORIGIN', 'strict-transport-security': 'max-age=15552000; includeSubDomains', 'x-download-options': 'noopen', 'x-content-type-options': 'nosniff', 'x-xss-protection': '1; mode=block', 'content-type': 'application/json; charset=utf-8', 'x-cloud-trace-context': 'c47c025abdef210c5a0be659601d63f5', 'date': 'Tue, 23 Sep 2025 13:10:47 GMT', 'server': 'Google Frontend', 'Content-Length': '312'} 
 body={
    "quantidade": 1,
    "produtos": [
        {
            "nome": "Notebook X1137",
            "preco": 133,
            "descricao": "16GB RAM, SSD 512GB e tela Full HD",
            "quantidade": 1286,
            "imagem": "C:\\fakepath\\img.png",
            "_id": "4oEjQMP3WWJMHmYH"
        }
    ]
} 
 </msg>
<msg time="2025-09-23T10:10:47.188640" level="INFO">/home/sami/ecommerce-api-and-web-robotframework/venv/lib/python3.13/site-packages/urllib3/connectionpool.py:1097: InsecureRequestWarning: Unverified HTTPS request is being made to host 'serverest.dev'. Adding certificate verification is strongly advised. See: https://urllib3.readthedocs.io/en/latest/advanced-usage.html#tls-warnings
  warnings.warn(</msg>
<msg time="2025-09-23T10:10:47.188938" level="INFO">${response} = &lt;Response [200]&gt;</msg>
<var>${response}</var>
<arg>session</arg>
<arg>url=${g_ENV['server_back']}${g_ENV['endpoint_product']}/?nome=${g_PRODUCT}</arg>
<arg>headers=${g_HEADERS_AUTH}</arg>
<doc>Sends a GET request on a previously created HTTP Session.</doc>
<status status="PASS" start="2025-09-23T10:10:46.688610" elapsed="0.500406"/>
</kw>
<kw name="Dictionary Should Contain Key" owner="Collections">
<arg>${response.json()}</arg>
<arg>produtos</arg>
<doc>Fails if ``key`` is not found from ``dictionary``.</doc>
<status status="PASS" start="2025-09-23T10:10:47.189507" elapsed="0.001450"/>
</kw>
<kw name="Set Variable" owner="BuiltIn">
<msg time="2025-09-23T10:10:47.192509" level="INFO">${product_id} = [{'nome': 'Notebook X1137', 'preco': 133, 'descricao': '16GB RAM, SSD 512GB e tela Full HD', 'quantidade': 1286, 'imagem': 'C:\\fakepath\\img.png', '_id': '4oEjQMP3WWJMHmYH'}]</msg>
<var>${product_id}</var>
<arg>${response.json()['produtos']}</arg>
<doc>Returns the given values which can then be assigned to a variables.</doc>
<status status="PASS" start="2025-09-23T10:10:47.191344" elapsed="0.001238"/>
</kw>
<kw name="Evaluate" owner="BuiltIn">
<msg time="2025-09-23T10:10:47.193332" level="INFO">${product_id} = 4oEjQMP3WWJMHmYH</msg>
<var>${product_id}</var>
<arg>$product_id[0]['_id'] if $product_id else None</arg>
<doc>Evaluates the given expression in Python and returns the result.</doc>
<status status="PASS" start="2025-09-23T10:10:47.192906" elapsed="0.000447"/>
</kw>
<kw name="Log" owner="BuiltIn">
<msg time="2025-09-23T10:10:47.193528" level="INFO">4oEjQMP3WWJMHmYH</msg>
<arg>${product_id}</arg>
<doc>Logs the given message with the given level.</doc>
<status status="PASS" start="2025-09-23T10:10:47.193444" elapsed="0.000112"/>
</kw>
<kw name="DELETE On Session" owner="RequestsLibrary">
<msg time="2025-09-23T10:10:47.392369" level="INFO">DELETE Request : url=https://serverest.dev/produtos/4oEjQMP3WWJMHmYH 
 path_url=/produtos/4oEjQMP3WWJMHmYH 
 headers={'User-Agent': 'python-requests/2.32.4', 'Accept-Encoding': 'gzip, deflate', 'Accept': '*/*', 'Connection': 'keep-alive', 'Authorization': 'Bearer eyJhbGciOiJIUzI1NiIsInR5cCI6IkpXVCJ9.eyJlbWFpbCI6ImZ1bGFub0BxYS5jb20iLCJwYXNzd29yZCI6InRlc3RlIiwiaWF0IjoxNzU4NjMzMDQ2LCJleHAiOjE3NTg2MzM2NDZ9.ooXj5tkgIkPtwihmipKt0i9xv3ejZoOMMjmo0KQdygQ', 'Content-Length': '0'} 
 body=None 
 </msg>
<msg time="2025-09-23T10:10:47.392686" level="INFO">DELETE Response : url=https://serverest.dev/produtos/4oEjQMP3WWJMHmYH 
 status=200, reason=OK 
 headers={'access-control-allow-origin': '*', 'x-dns-prefetch-control': 'off', 'x-frame-options': 'SAMEORIGIN', 'strict-transport-security': 'max-age=15552000; includeSubDomains', 'x-download-options': 'noopen', 'x-content-type-options': 'nosniff', 'x-xss-protection': '1; mode=block', 'content-type': 'application/json; charset=utf-8', 'x-cloud-trace-context': '49f692c5c9a7455c5a0be659601d68f8', 'date': 'Tue, 23 Sep 2025 13:10:47 GMT', 'server': 'Google Frontend', 'Content-Length': '51'} 
 body={
    "message": "Registro excluído com sucesso"
} 
 </msg>
<msg time="2025-09-23T10:10:47.392836" level="INFO">/home/sami/ecommerce-api-and-web-robotframework/venv/lib/python3.13/site-packages/urllib3/connectionpool.py:1097: InsecureRequestWarning: Unverified HTTPS request is being made to host 'serverest.dev'. Adding certificate verification is strongly advised. See: https://urllib3.readthedocs.io/en/latest/advanced-usage.html#tls-warnings
  warnings.warn(</msg>
<arg>session</arg>
<arg>url=${g_ENV['server_back']}${g_ENV['endpoint_product']}/${product_id}</arg>
<arg>headers=${g_HEADERS_AUTH}</arg>
<doc>Sends a DELETE request on a previously created HTTP Session.</doc>
<status status="PASS" start="2025-09-23T10:10:47.193635" elapsed="0.199347"/>
</kw>
<arg>${g_PRODUCT}</arg>
<status status="PASS" start="2025-09-23T10:10:45.940547" elapsed="1.452666"/>
</kw>
<kw name="Close Browser" owner="SeleniumLibrary" type="TEARDOWN">
<doc>Closes the current browser.</doc>
<status status="PASS" start="2025-09-23T10:10:47.393819" elapsed="0.074118"/>
</kw>
<doc>create a product</doc>
<status status="PASS" start="2025-09-23T10:10:27.880875" elapsed="19.587719"/>
</test>
<status status="PASS" start="2025-09-23T10:10:27.694596" elapsed="19.776004"/>
</suite>
<status status="PASS" start="2025-09-23T10:10:27.693821" elapsed="19.777904"/>
</suite>
<suite id="s1-s2" name="User" source="/home/sami/ecommerce-api-and-web-robotframework/tests/serverest/front/user">
<suite id="s1-s2-s1" name="User Create" source="/home/sami/ecommerce-api-and-web-robotframework/tests/serverest/front/user/user_create.robot">
<test id="s1-s2-s1-t1" name="Create User And Login" line="6">
<kw name="Setup Authenticated Environment" owner="headers">
<kw name="Create Dictionary" owner="BuiltIn">
<msg time="2025-09-23T10:10:47.493535" level="INFO">${headers} = {'Content-Type': 'application/json'}</msg>
<var>${headers}</var>
<arg>Content-Type=application/json</arg>
<doc>Creates and returns a dictionary based on the given ``items``.</doc>
<status status="PASS" start="2025-09-23T10:10:47.493385" elapsed="0.000178"/>
</kw>
<kw name="Set Global Variable" owner="BuiltIn">
<msg time="2025-09-23T10:10:47.493837" level="INFO">${g_HEADERS} = {'Content-Type': 'application/json'}</msg>
<arg>${g_HEADERS}</arg>
<arg>${headers}</arg>
<doc>Makes a variable available globally in all tests and suites.</doc>
<status status="PASS" start="2025-09-23T10:10:47.493677" elapsed="0.000194"/>
</kw>
<kw name="Set Variable" owner="BuiltIn">
<msg time="2025-09-23T10:10:47.494362" level="INFO">${env_dict} = {'server_back': 'https://serverest.dev', 'server_front': 'https://front.serverest.dev', 'endpoint_login': '/login', 'endpoint_user': '/usuarios', 'endpoint_product': '/produtos', 'endpoint_carts': '/c...</msg>
<var>${env_dict}</var>
<arg>${environments['serverest']}</arg>
<doc>Returns the given values which can then be assigned to a variables.</doc>
<status status="PASS" start="2025-09-23T10:10:47.493964" elapsed="0.000423"/>
</kw>
<kw name="Set Global Variable" owner="BuiltIn">
<msg time="2025-09-23T10:10:47.494658" level="INFO">${g_ENV} = {'server_back': 'https://serverest.dev', 'server_front': 'https://front.serverest.dev', 'endpoint_login': '/login', 'endpoint_user': '/usuarios', 'endpoint_product': '/produtos', 'endpoint_carts': '/c...</msg>
<arg>${g_ENV}</arg>
<arg>${env_dict}</arg>
<doc>Makes a variable available globally in all tests and suites.</doc>
<status status="PASS" start="2025-09-23T10:10:47.494501" elapsed="0.000192"/>
</kw>
<kw name="Create Session" owner="RequestsLibrary">
<msg time="2025-09-23T10:10:47.495180" level="INFO">Creating Session using : alias=session, url=https://serverest.dev, headers={},                     cookies={}, auth=None, timeout=None, proxies=None, verify=False,                     debug=0 </msg>
<arg>session</arg>
<arg>url=${g_ENV['server_back']}</arg>
<doc>Create Session: create a HTTP session to a server</doc>
<status status="PASS" start="2025-09-23T10:10:47.494792" elapsed="0.000526"/>
</kw>
<kw name="Create Dictionary" owner="BuiltIn">
<msg time="2025-09-23T10:10:47.496079" level="INFO">${body} = {'email': 'fulano@qa.com', 'password': 'teste'}</msg>
<var>${body}</var>
<arg>email=${data['mail']}</arg>
<arg>password=${data['password']}</arg>
<doc>Creates and returns a dictionary based on the given ``items``.</doc>
<status status="PASS" start="2025-09-23T10:10:47.495441" elapsed="0.000671"/>
</kw>
<kw name="POST On Session" owner="RequestsLibrary">
<msg time="2025-09-23T10:10:48.523547" level="INFO">POST Request : url=https://serverest.dev/login 
 path_url=/login 
 headers={'User-Agent': 'python-requests/2.32.4', 'Accept-Encoding': 'gzip, deflate', 'Accept': '*/*', 'Connection': 'keep-alive', 'Content-Length': '47', 'Content-Type': 'application/json'} 
 body=b'{"email": "fulano@qa.com", "password": "teste"}' 
 </msg>
<msg time="2025-09-23T10:10:48.523757" level="INFO">POST Response : url=https://serverest.dev/login 
 status=200, reason=OK 
 headers={'access-control-allow-origin': '*', 'x-dns-prefetch-control': 'off', 'x-frame-options': 'SAMEORIGIN', 'strict-transport-security': 'max-age=15552000; includeSubDomains', 'x-download-options': 'noopen', 'x-content-type-options': 'nosniff', 'x-xss-protection': '1; mode=block', 'content-type': 'application/json; charset=utf-8', 'x-cloud-trace-context': '1763176eb35b3936cbe5b770494be221', 'date': 'Tue, 23 Sep 2025 13:10:48 GMT', 'server': 'Google Frontend', 'Content-Length': '265'} 
 body={
    "message": "Login realizado com sucesso",
    "authorization": "Bearer eyJhbGciOiJIUzI1NiIsInR5cCI6IkpXVCJ9.eyJlbWFpbCI6ImZ1bGFub0BxYS5jb20iLCJwYXNzd29yZCI6InRlc3RlIiwiaWF0IjoxNzU4NjMzMDQ4LCJleHAiOjE3NTg2MzM2NDh9.uHTi8cnlJg6LfCwJP8FlcZdNmHXhfYWyaR_UUR_v9qM"
} 
 </msg>
<msg time="2025-09-23T10:10:48.523922" level="INFO">/home/sami/ecommerce-api-and-web-robotframework/venv/lib/python3.13/site-packages/urllib3/connectionpool.py:1097: InsecureRequestWarning: Unverified HTTPS request is being made to host 'serverest.dev'. Adding certificate verification is strongly advised. See: https://urllib3.readthedocs.io/en/latest/advanced-usage.html#tls-warnings
  warnings.warn(</msg>
<msg time="2025-09-23T10:10:48.524226" level="INFO">${response} = &lt;Response [200]&gt;</msg>
<var>${response}</var>
<arg>session</arg>
<arg>${g_ENV['endpoint_login']}</arg>
<arg>json=${body}</arg>
<doc>Sends a POST request on a previously created HTTP Session.</doc>
<status status="PASS" start="2025-09-23T10:10:47.496216" elapsed="1.028079"/>
</kw>
<kw name="Set Global Variable" owner="BuiltIn">
<msg time="2025-09-23T10:10:48.526157" level="INFO">${g_TOKEN} = Bearer eyJhbGciOiJIUzI1NiIsInR5cCI6IkpXVCJ9.eyJlbWFpbCI6ImZ1bGFub0BxYS5jb20iLCJwYXNzd29yZCI6InRlc3RlIiwiaWF0IjoxNzU4NjMzMDQ4LCJleHAiOjE3NTg2MzM2NDh9.uHTi8cnlJg6LfCwJP8FlcZdNmHXhfYWyaR_UUR_v9qM</msg>
<arg>${g_TOKEN}</arg>
<arg>${response.json()['authorization']}</arg>
<doc>Makes a variable available globally in all tests and suites.</doc>
<status status="PASS" start="2025-09-23T10:10:48.524744" elapsed="0.001537"/>
</kw>
<kw name="Create Dictionary" owner="BuiltIn">
<msg time="2025-09-23T10:10:48.527167" level="INFO">${HEADERS_AUTH} = {'Authorization': 'Bearer eyJhbGciOiJIUzI1NiIsInR5cCI6IkpXVCJ9.eyJlbWFpbCI6ImZ1bGFub0BxYS5jb20iLCJwYXNzd29yZCI6InRlc3RlIiwiaWF0IjoxNzU4NjMzMDQ4LCJleHAiOjE3NTg2MzM2NDh9.uHTi8cnlJg6LfCwJP8FlcZdNmHXhfYWy...</msg>
<var>${HEADERS_AUTH}</var>
<arg>Authorization=${g_TOKEN}</arg>
<doc>Creates and returns a dictionary based on the given ``items``.</doc>
<status status="PASS" start="2025-09-23T10:10:48.526637" elapsed="0.000599"/>
</kw>
<kw name="Set Global Variable" owner="BuiltIn">
<msg time="2025-09-23T10:10:48.528055" level="INFO">${g_HEADERS_AUTH} = {'Authorization': 'Bearer eyJhbGciOiJIUzI1NiIsInR5cCI6IkpXVCJ9.eyJlbWFpbCI6ImZ1bGFub0BxYS5jb20iLCJwYXNzd29yZCI6InRlc3RlIiwiaWF0IjoxNzU4NjMzMDQ4LCJleHAiOjE3NTg2MzM2NDh9.uHTi8cnlJg6LfCwJP8FlcZdNmHXhfYWy...</msg>
<arg>${g_HEADERS_AUTH}</arg>
<arg>${HEADERS_AUTH}</arg>
<doc>Makes a variable available globally in all tests and suites.</doc>
<status status="PASS" start="2025-09-23T10:10:48.527672" elapsed="0.000417"/>
</kw>
<doc>Prepara variáveis globais, cria sessão e autentica com token</doc>
<status status="PASS" start="2025-09-23T10:10:47.493134" elapsed="1.035016"/>
</kw>
<kw name="Serverest Values Front" owner="keywords_front">
<kw name="Evaluate" owner="BuiltIn">
<msg time="2025-09-23T10:10:48.529190" level="INFO">${name} = Luzia</msg>
<var>${name}</var>
<arg>random.choice(["Lara", "Lana", "Kaira", "Karol", "Juliana", "Vircine", "Viviene", "Vivian", "Sami", "Samilly", "Samara", "Samira", "Luiza", "Luzia"])</arg>
<arg>modules=random</arg>
<doc>Evaluates the given expression in Python and returns the result.</doc>
<status status="PASS" start="2025-09-23T10:10:48.528966" elapsed="0.000249"/>
</kw>
<kw name="Evaluate" owner="BuiltIn">
<msg time="2025-09-23T10:10:48.529489" level="INFO">${surname} = Santos</msg>
<var>${surname}</var>
<arg>random.choice(["Santos", "Silva", "Stiti", "Lucena", "Silveira", "Oliveira", "Laradina", "Winked", "Sousa", "Souza", "Alves", "Gomes", "Carneiro", "Santana"])</arg>
<arg>modules=random</arg>
<doc>Evaluates the given expression in Python and returns the result.</doc>
<status status="PASS" start="2025-09-23T10:10:48.529317" elapsed="0.000193"/>
</kw>
<kw name="Catenate" owner="BuiltIn">
<msg time="2025-09-23T10:10:48.529727" level="INFO">${s_FULLNAME} = Luzia Santos</msg>
<var>${s_FULLNAME}</var>
<arg>${name} ${surname}</arg>
<doc>Catenates the given items together and returns the resulted string.</doc>
<status status="PASS" start="2025-09-23T10:10:48.529602" elapsed="0.000153"/>
</kw>
<kw name="Set Suite Variable" owner="BuiltIn">
<msg time="2025-09-23T10:10:48.530020" level="INFO">${s_FULLNAME} = Luzia Santos</msg>
<arg>${s_FULLNAME}</arg>
<doc>Makes a variable available everywhere within the scope of the current suite.</doc>
<status status="PASS" start="2025-09-23T10:10:48.529861" elapsed="0.000206"/>
</kw>
<kw name="Generate Random String" owner="String">
<msg time="2025-09-23T10:10:48.530454" level="INFO">${number} = 291</msg>
<var>${number}</var>
<arg>3</arg>
<arg>[NUMBERS]</arg>
<doc>Generates a string with a desired ``length`` from the given ``chars``.</doc>
<status status="PASS" start="2025-09-23T10:10:48.530211" elapsed="0.000276"/>
</kw>
<kw name="Set Variable" owner="BuiltIn">
<msg time="2025-09-23T10:10:48.530829" level="INFO">${email} = Luzia_Santos_291@hotmail.com</msg>
<var>${email}</var>
<arg>${name}_${surname}_${number}@hotmail.com</arg>
<doc>Returns the given values which can then be assigned to a variables.</doc>
<status status="PASS" start="2025-09-23T10:10:48.530637" elapsed="0.000219"/>
</kw>
<kw name="Set Global Variable" owner="BuiltIn">
<msg time="2025-09-23T10:10:48.531201" level="INFO">${g_FULLNAME} = Luzia Santos</msg>
<arg>${g_FULLNAME}</arg>
<arg>${s_FULLNAME}</arg>
<doc>Makes a variable available globally in all tests and suites.</doc>
<status status="PASS" start="2025-09-23T10:10:48.530987" elapsed="0.000257"/>
</kw>
<kw name="Set Global Variable" owner="BuiltIn">
<msg time="2025-09-23T10:10:48.531539" level="INFO">${g_EMAIL} = Luzia_Santos_291@hotmail.com</msg>
<arg>${g_EMAIL}</arg>
<arg>${email}</arg>
<doc>Makes a variable available globally in all tests and suites.</doc>
<status status="PASS" start="2025-09-23T10:10:48.531377" elapsed="0.000198"/>
</kw>
<kw name="Generate Random String" owner="String">
<msg time="2025-09-23T10:10:48.531927" level="INFO">${number} = 138</msg>
<var>${number}</var>
<arg>3</arg>
<arg>[NUMBERS]</arg>
<doc>Generates a string with a desired ``length`` from the given ``chars``.</doc>
<status status="PASS" start="2025-09-23T10:10:48.531713" elapsed="0.000240"/>
</kw>
<kw name="Generate Random String" owner="String">
<msg time="2025-09-23T10:10:48.532298" level="INFO">${letters} = UNd</msg>
<var>${letters}</var>
<arg>3</arg>
<arg>[LETTERS]</arg>
<doc>Generates a string with a desired ``length`` from the given ``chars``.</doc>
<status status="PASS" start="2025-09-23T10:10:48.532101" elapsed="0.000225"/>
</kw>
<kw name="Set Variable" owner="BuiltIn">
<msg time="2025-09-23T10:10:48.532639" level="INFO">${password_admin} = 138#UNd</msg>
<var>${password_admin}</var>
<arg>${number}#${letters}</arg>
<doc>Returns the given values which can then be assigned to a variables.</doc>
<status status="PASS" start="2025-09-23T10:10:48.532469" elapsed="0.000198"/>
</kw>
<kw name="Set Global Variable" owner="BuiltIn">
<msg time="2025-09-23T10:10:48.532994" level="INFO">${g_PASSWORD} = 138#UNd</msg>
<arg>${g_PASSWORD}</arg>
<arg>${password_admin}</arg>
<doc>Makes a variable available globally in all tests and suites.</doc>
<status status="PASS" start="2025-09-23T10:10:48.532789" elapsed="0.000250"/>
</kw>
<kw name="Evaluate" owner="BuiltIn">
<msg time="2025-09-23T10:10:48.533460" level="INFO">${name_product} = Monitor UltraWide</msg>
<var>${name_product}</var>
<arg>random.choice(["Camisa Tech", "Fone Gamer", "Notebook X1", "Cadeira Ergonômica", "Mouse RGB", "Teclado Mecânico", "Monitor UltraWide", "Hub USB-C", "Smartwatch Fit", "Echo Bass", "Carregador Turbo", "Luminária LED", "HD Externo", "Webcam Full HD"])</arg>
<arg>modules=random</arg>
<doc>Evaluates the given expression in Python and returns the result.</doc>
<status status="PASS" start="2025-09-23T10:10:48.533180" elapsed="0.000312"/>
</kw>
<kw name="Generate Random String" owner="String">
<msg time="2025-09-23T10:10:48.533830" level="INFO">${number} = 777</msg>
<var>${number}</var>
<arg>3</arg>
<arg>[NUMBERS]</arg>
<doc>Generates a string with a desired ``length`` from the given ``chars``.</doc>
<status status="PASS" start="2025-09-23T10:10:48.533632" elapsed="0.000228"/>
</kw>
<kw name="Set Variable" owner="BuiltIn">
<msg time="2025-09-23T10:10:48.534199" level="INFO">${s_NAME_PRODUCT} = Monitor UltraWide777</msg>
<var>${s_NAME_PRODUCT}</var>
<arg>${name_product}${number}</arg>
<doc>Returns the given values which can then be assigned to a variables.</doc>
<status status="PASS" start="2025-09-23T10:10:48.534006" elapsed="0.000219"/>
</kw>
<kw name="Evaluate" owner="BuiltIn">
<msg time="2025-09-23T10:10:48.534557" level="INFO">${description} = Mouse RGB DPI com software de personalização de macros</msg>
<var>${description}</var>
<arg>random.choice(["Tecido respirável com proteção UV, ideal para treinos","16GB RAM, SSD 512GB e tela Full HD"," Apoio lombar ajustável e reclinação 135","Mouse RGB DPI com software de personalização de macros"])</arg>
<arg>modules=random</arg>
<doc>Evaluates the given expression in Python and returns the result.</doc>
<status status="PASS" start="2025-09-23T10:10:48.534348" elapsed="0.000239"/>
</kw>
<kw name="Generate Random String" owner="String">
<msg time="2025-09-23T10:10:48.534903" level="INFO">${price} = 488</msg>
<var>${price}</var>
<arg>3</arg>
<arg>[NUMBERS]</arg>
<doc>Generates a string with a desired ``length`` from the given ``chars``.</doc>
<status status="PASS" start="2025-09-23T10:10:48.534725" elapsed="0.000204"/>
</kw>
<kw name="Generate Random String" owner="String">
<msg time="2025-09-23T10:10:48.535255" level="INFO">${quantity} = 4544</msg>
<var>${quantity}</var>
<arg>4</arg>
<arg>[NUMBERS]</arg>
<doc>Generates a string with a desired ``length`` from the given ``chars``.</doc>
<status status="PASS" start="2025-09-23T10:10:48.535058" elapsed="0.000223"/>
</kw>
<kw name="Set Global Variable" owner="BuiltIn">
<msg time="2025-09-23T10:10:48.535596" level="INFO">${g_PRODUCT} = Monitor UltraWide777</msg>
<arg>${g_PRODUCT}</arg>
<arg>${s_NAME_PRODUCT}</arg>
<doc>Makes a variable available globally in all tests and suites.</doc>
<status status="PASS" start="2025-09-23T10:10:48.535409" elapsed="0.000231"/>
</kw>
<kw name="Set Global Variable" owner="BuiltIn">
<msg time="2025-09-23T10:10:48.536048" level="INFO">${g_DESCRIPTION} = Mouse RGB DPI com software de personalização de macros</msg>
<arg>${g_DESCRIPTION}</arg>
<arg>${description}</arg>
<doc>Makes a variable available globally in all tests and suites.</doc>
<status status="PASS" start="2025-09-23T10:10:48.535767" elapsed="0.000336"/>
</kw>
<kw name="Set Global Variable" owner="BuiltIn">
<msg time="2025-09-23T10:10:48.536460" level="INFO">${g_PRICE} = 488</msg>
<arg>${g_PRICE}</arg>
<arg>${price}</arg>
<doc>Makes a variable available globally in all tests and suites.</doc>
<status status="PASS" start="2025-09-23T10:10:48.536266" elapsed="0.000239"/>
</kw>
<kw name="Set Global Variable" owner="BuiltIn">
<msg time="2025-09-23T10:10:48.536819" level="INFO">${g_QUANTITY} = 4544</msg>
<arg>${g_QUANTITY}</arg>
<arg>${quantity}</arg>
<doc>Makes a variable available globally in all tests and suites.</doc>
<status status="PASS" start="2025-09-23T10:10:48.536635" elapsed="0.000231"/>
</kw>
<status status="PASS" start="2025-09-23T10:10:48.528377" elapsed="0.008568"/>
</kw>
<kw name="Open Browser" owner="SeleniumLibrary">
<msg time="2025-09-23T10:10:48.538772" level="INFO">Opening browser 'chrome' to base url 'https://front.serverest.dev/login'.</msg>
<arg>${g_ENV['server_front']}${g_ENV['endpoint_login']}</arg>
<arg>chrome</arg>
<doc>Opens a new browser instance to the optional ``url``.</doc>
<status status="PASS" start="2025-09-23T10:10:48.537189" elapsed="2.346769"/>
</kw>
<kw name="Set Window Size" owner="SeleniumLibrary">
<arg>1920</arg>
<arg>1080</arg>
<doc>Sets current windows size to given ``width`` and ``height``.</doc>
<status status="PASS" start="2025-09-23T10:10:50.884582" elapsed="0.032446"/>
</kw>
<kw name="Wait Until Element Is Visible" owner="SeleniumLibrary">
<arg>${elements_login['link_register']}</arg>
<doc>Waits until the element ``locator`` is visible.</doc>
<status status="PASS" start="2025-09-23T10:10:50.917721" elapsed="0.047726"/>
</kw>
<kw name="Click Link" owner="SeleniumLibrary">
<msg time="2025-09-23T10:10:50.968951" level="INFO">Clicking link '//*[@class="btn btn-link"]'.</msg>
<arg>${elements_login['link_register']}</arg>
<doc>Clicks a link identified by ``locator``.</doc>
<status status="PASS" start="2025-09-23T10:10:50.966417" elapsed="0.095831"/>
</kw>
<kw name="Wait Until Element Is Visible" owner="SeleniumLibrary">
<arg>${elements_user['input_name_register']}</arg>
<doc>Waits until the element ``locator`` is visible.</doc>
<status status="PASS" start="2025-09-23T10:10:51.062559" elapsed="0.027296"/>
</kw>
<kw name="Input Text" owner="SeleniumLibrary">
<msg time="2025-09-23T10:10:51.092619" level="INFO">Typing text 'Luzia Santos' into text field 'xpath=//*[@id="nome"]'.</msg>
<arg>${elements_user['input_name_register']}</arg>
<arg>${g_FULLNAME}</arg>
<doc>Types the given ``text`` into the text field identified by ``locator``.</doc>
<status status="PASS" start="2025-09-23T10:10:51.091358" elapsed="0.086602"/>
</kw>
<kw name="Wait Until Element Is Visible" owner="SeleniumLibrary">
<arg>${elements_user['input_mail_register']}</arg>
<doc>Waits until the element ``locator`` is visible.</doc>
<status status="PASS" start="2025-09-23T10:10:51.178293" elapsed="0.018924"/>
</kw>
<kw name="Input Text" owner="SeleniumLibrary">
<msg time="2025-09-23T10:10:51.198894" level="INFO">Typing text 'Luzia_Santos_291@hotmail.com' into text field 'xpath=//*[@id="email"]'.</msg>
<arg>${elements_user['input_mail_register']}</arg>
<arg>${g_EMAIL}</arg>
<doc>Types the given ``text`` into the text field identified by ``locator``.</doc>
<status status="PASS" start="2025-09-23T10:10:51.197955" elapsed="0.083320"/>
</kw>
<kw name="Wait Until Element Is Visible" owner="SeleniumLibrary">
<arg>${elements_user['input_password_register']}</arg>
<doc>Waits until the element ``locator`` is visible.</doc>
<status status="PASS" start="2025-09-23T10:10:51.281838" elapsed="0.016076"/>
</kw>
<kw name="Input Text" owner="SeleniumLibrary">
<msg time="2025-09-23T10:10:51.299788" level="INFO">Typing text '138#UNd' into text field 'xpath=/html/body/div/div/div/form/div[3]/input'.</msg>
<arg>${elements_user['input_password_register']}</arg>
<arg>${g_PASSWORD}</arg>
<doc>Types the given ``text`` into the text field identified by ``locator``.</doc>
<status status="PASS" start="2025-09-23T10:10:51.298804" elapsed="0.067257"/>
</kw>
<kw name="Wait Until Element Is Visible" owner="SeleniumLibrary">
<arg>${elements_user['btn_register']}</arg>
<doc>Waits until the element ``locator`` is visible.</doc>
<status status="PASS" start="2025-09-23T10:10:51.366328" elapsed="0.014709"/>
</kw>
<kw name="Click Button" owner="SeleniumLibrary">
<msg time="2025-09-23T10:10:51.383603" level="INFO">Clicking button 'xpath=//button[@data-testid="cadastrar"]'.</msg>
<arg>${elements_user['btn_register']}</arg>
<doc>Clicks the button identified by ``locator``.</doc>
<status status="PASS" start="2025-09-23T10:10:51.382170" elapsed="0.062468"/>
</kw>
<kw name="Wait Until Element Is Visible" owner="SeleniumLibrary">
<arg>${elements_user['msg_success']}</arg>
<doc>Waits until the element ``locator`` is visible.</doc>
<status status="PASS" start="2025-09-23T10:10:51.445048" elapsed="0.705080"/>
</kw>
<kw name="Element Should Be Visible" owner="SeleniumLibrary">
<msg time="2025-09-23T10:10:52.160218" level="INFO">Element 'xpath=//*[text()[contains(., 'Cadastro realizado com sucesso')]]' is displayed.</msg>
<arg>${elements_user['msg_success']}</arg>
<doc>Verifies that the element identified by ``locator`` is visible.</doc>
<status status="PASS" start="2025-09-23T10:10:52.150399" elapsed="0.009914"/>
</kw>
<kw name="Wait Until Element Is Visible" owner="SeleniumLibrary">
<arg>${elements_user['home']}</arg>
<arg>timeout=10</arg>
<doc>Waits until the element ``locator`` is visible.</doc>
<status status="PASS" start="2025-09-23T10:10:52.160578" elapsed="3.221894"/>
</kw>
<kw name="Element Should Be Visible" owner="SeleniumLibrary">
<msg time="2025-09-23T10:10:55.399644" level="INFO">Element 'xpath=//*[@data-testid="home"]' is displayed.</msg>
<arg>${elements_user['home']}</arg>
<doc>Verifies that the element identified by ``locator`` is visible.</doc>
<status status="PASS" start="2025-09-23T10:10:55.383007" elapsed="0.016844"/>
</kw>
<kw name="Wait Until Element Is Visible" owner="SeleniumLibrary">
<arg>${elements_user['logout']}</arg>
<arg>timeout=10</arg>
<doc>Waits until the element ``locator`` is visible.</doc>
<status status="PASS" start="2025-09-23T10:10:55.400346" elapsed="0.026466"/>
</kw>
<kw name="Element Should Be Visible" owner="SeleniumLibrary">
<msg time="2025-09-23T10:10:55.444249" level="INFO">Element 'xpath=//button[@data-testid="logout"]' is displayed.</msg>
<arg>${elements_user['logout']}</arg>
<doc>Verifies that the element identified by ``locator`` is visible.</doc>
<status status="PASS" start="2025-09-23T10:10:55.427071" elapsed="0.017294"/>
</kw>
<kw name="Click Button" owner="SeleniumLibrary">
<msg time="2025-09-23T10:10:55.445155" level="INFO">Clicking button 'xpath=//button[@data-testid="logout"]'.</msg>
<arg>${elements_user['logout']}</arg>
<doc>Clicks the button identified by ``locator``.</doc>
<status status="PASS" start="2025-09-23T10:10:55.444622" elapsed="0.121946"/>
</kw>
<kw name="Wait Until Element Is Visible" owner="SeleniumLibrary">
<arg>${elements_user['form_login']}</arg>
<doc>Waits until the element ``locator`` is visible.</doc>
<status status="PASS" start="2025-09-23T10:10:55.567371" elapsed="0.019403"/>
</kw>
<kw name="Wait Until Element Is Visible" owner="SeleniumLibrary">
<arg>${elements_login['input_mail']}</arg>
<doc>Waits until the element ``locator`` is visible.</doc>
<status status="PASS" start="2025-09-23T10:10:55.587115" elapsed="0.025840"/>
</kw>
<kw name="Input Text" owner="SeleniumLibrary">
<msg time="2025-09-23T10:10:55.615476" level="INFO">Typing text 'Luzia_Santos_291@hotmail.com' into text field 'xpath=//*[@id="email"]'.</msg>
<arg>${elements_login['input_mail']}</arg>
<arg>${g_EMAIL}</arg>
<doc>Types the given ``text`` into the text field identified by ``locator``.</doc>
<status status="PASS" start="2025-09-23T10:10:55.613909" elapsed="0.066680"/>
</kw>
<kw name="Wait Until Element Is Visible" owner="SeleniumLibrary">
<arg>${elements_login['input_password']}</arg>
<doc>Waits until the element ``locator`` is visible.</doc>
<status status="PASS" start="2025-09-23T10:10:55.680960" elapsed="0.021910"/>
</kw>
<kw name="Input Text" owner="SeleniumLibrary">
<msg time="2025-09-23T10:10:55.704870" level="INFO">Typing text '138#UNd' into text field 'xpath=/html/body/div/div/div/form/div[2]/input'.</msg>
<arg>${elements_login['input_password']}</arg>
<arg>${g_PASSWORD}</arg>
<doc>Types the given ``text`` into the text field identified by ``locator``.</doc>
<status status="PASS" start="2025-09-23T10:10:55.703474" elapsed="0.062542"/>
</kw>
<kw name="Wait Until Element Is Visible" owner="SeleniumLibrary">
<arg>${elements_login['btn_enter']}</arg>
<doc>Waits until the element ``locator`` is visible.</doc>
<status status="PASS" start="2025-09-23T10:10:55.766272" elapsed="0.015707"/>
</kw>
<kw name="Click Button" owner="SeleniumLibrary">
<msg time="2025-09-23T10:10:55.785543" level="INFO">Clicking button 'xpath=//*[@data-testid="entrar"]'.</msg>
<arg>${elements_login['btn_enter']}</arg>
<doc>Clicks the button identified by ``locator``.</doc>
<status status="PASS" start="2025-09-23T10:10:55.783198" elapsed="0.057649"/>
</kw>
<kw name="Wait Until Element Is Visible" owner="SeleniumLibrary">
<arg>${elements_user['home']}</arg>
<doc>Waits until the element ``locator`` is visible.</doc>
<status status="PASS" start="2025-09-23T10:10:55.841221" elapsed="0.648715"/>
</kw>
<kw name="Element Should Be Visible" owner="SeleniumLibrary">
<msg time="2025-09-23T10:10:56.518497" level="INFO">Element 'xpath=//*[@data-testid="home"]' is displayed.</msg>
<arg>${elements_user['home']}</arg>
<doc>Verifies that the element identified by ``locator`` is visible.</doc>
<status status="PASS" start="2025-09-23T10:10:56.490472" elapsed="0.028472"/>
</kw>
<kw name="Wait Until Element Is Visible" owner="SeleniumLibrary">
<arg>${elements_user['list_shopping']}</arg>
<doc>Waits until the element ``locator`` is visible.</doc>
<status status="PASS" start="2025-09-23T10:10:56.520202" elapsed="0.017630"/>
</kw>
<kw name="Element Should Be Visible" owner="SeleniumLibrary">
<msg time="2025-09-23T10:10:56.597705" level="INFO">Element 'xpath=/html/body/div[1]/div/nav/div/ul/li[2]/a' is displayed.</msg>
<arg>${elements_user['list_shopping']}</arg>
<doc>Verifies that the element identified by ``locator`` is visible.</doc>
<status status="PASS" start="2025-09-23T10:10:56.538928" elapsed="0.058879"/>
</kw>
<kw name="Capture Page Screenshot" owner="SeleniumLibrary">
<msg time="2025-09-23T10:10:56.786783" level="INFO" html="true">&lt;/td&gt;&lt;/tr&gt;&lt;tr&gt;&lt;td colspan="3"&gt;&lt;a href="selenium-screenshot-13.png"&gt;&lt;img src="selenium-screenshot-13.png" width="800px"&gt;&lt;/a&gt;</msg>
<doc>Takes a screenshot of the current page and embeds it into a log file.</doc>
<status status="PASS" start="2025-09-23T10:10:56.598098" elapsed="0.188792"/>
</kw>
<kw name="Delete Front User" owner="user_keywords">
<kw name="Setup Authenticated Environment" owner="headers">
<kw name="Create Dictionary" owner="BuiltIn">
<msg time="2025-09-23T10:10:56.787893" level="INFO">${headers} = {'Content-Type': 'application/json'}</msg>
<var>${headers}</var>
<arg>Content-Type=application/json</arg>
<doc>Creates and returns a dictionary based on the given ``items``.</doc>
<status status="PASS" start="2025-09-23T10:10:56.787745" elapsed="0.000172"/>
</kw>
<kw name="Set Global Variable" owner="BuiltIn">
<msg time="2025-09-23T10:10:56.788190" level="INFO">${g_HEADERS} = {'Content-Type': 'application/json'}</msg>
<arg>${g_HEADERS}</arg>
<arg>${headers}</arg>
<doc>Makes a variable available globally in all tests and suites.</doc>
<status status="PASS" start="2025-09-23T10:10:56.788021" elapsed="0.000202"/>
</kw>
<kw name="Set Variable" owner="BuiltIn">
<msg time="2025-09-23T10:10:56.788669" level="INFO">${env_dict} = {'server_back': 'https://serverest.dev', 'server_front': 'https://front.serverest.dev', 'endpoint_login': '/login', 'endpoint_user': '/usuarios', 'endpoint_product': '/produtos', 'endpoint_carts': '/c...</msg>
<var>${env_dict}</var>
<arg>${environments['serverest']}</arg>
<doc>Returns the given values which can then be assigned to a variables.</doc>
<status status="PASS" start="2025-09-23T10:10:56.788315" elapsed="0.000379"/>
</kw>
<kw name="Set Global Variable" owner="BuiltIn">
<msg time="2025-09-23T10:10:56.788939" level="INFO">${g_ENV} = {'server_back': 'https://serverest.dev', 'server_front': 'https://front.serverest.dev', 'endpoint_login': '/login', 'endpoint_user': '/usuarios', 'endpoint_product': '/produtos', 'endpoint_carts': '/c...</msg>
<arg>${g_ENV}</arg>
<arg>${env_dict}</arg>
<doc>Makes a variable available globally in all tests and suites.</doc>
<status status="PASS" start="2025-09-23T10:10:56.788793" elapsed="0.000176"/>
</kw>
<kw name="Create Session" owner="RequestsLibrary">
<msg time="2025-09-23T10:10:56.789401" level="INFO">Creating Session using : alias=session, url=https://serverest.dev, headers={},                     cookies={}, auth=None, timeout=None, proxies=None, verify=False,                     debug=0 </msg>
<arg>session</arg>
<arg>url=${g_ENV['server_back']}</arg>
<doc>Create Session: create a HTTP session to a server</doc>
<status status="PASS" start="2025-09-23T10:10:56.789055" elapsed="0.000460"/>
</kw>
<kw name="Create Dictionary" owner="BuiltIn">
<msg time="2025-09-23T10:10:56.790250" level="INFO">${body} = {'email': 'fulano@qa.com', 'password': 'teste'}</msg>
<var>${body}</var>
<arg>email=${data['mail']}</arg>
<arg>password=${data['password']}</arg>
<doc>Creates and returns a dictionary based on the given ``items``.</doc>
<status status="PASS" start="2025-09-23T10:10:56.789620" elapsed="0.000654"/>
</kw>
<kw name="POST On Session" owner="RequestsLibrary">
<msg time="2025-09-23T10:10:57.321527" level="INFO">POST Request : url=https://serverest.dev/login 
 path_url=/login 
 headers={'User-Agent': 'python-requests/2.32.4', 'Accept-Encoding': 'gzip, deflate', 'Accept': '*/*', 'Connection': 'keep-alive', 'Content-Length': '47', 'Content-Type': 'application/json'} 
 body=b'{"email": "fulano@qa.com", "password": "teste"}' 
 </msg>
<msg time="2025-09-23T10:10:57.321702" level="INFO">POST Response : url=https://serverest.dev/login 
 status=200, reason=OK 
 headers={'access-control-allow-origin': '*', 'x-dns-prefetch-control': 'off', 'x-frame-options': 'SAMEORIGIN', 'strict-transport-security': 'max-age=15552000; includeSubDomains', 'x-download-options': 'noopen', 'x-content-type-options': 'nosniff', 'x-xss-protection': '1; mode=block', 'content-type': 'application/json; charset=utf-8', 'x-cloud-trace-context': '81b4d32e8b7644fac52da416b3c0a300', 'date': 'Tue, 23 Sep 2025 13:10:57 GMT', 'server': 'Google Frontend', 'Content-Length': '265'} 
 body={
    "message": "Login realizado com sucesso",
    "authorization": "Bearer eyJhbGciOiJIUzI1NiIsInR5cCI6IkpXVCJ9.eyJlbWFpbCI6ImZ1bGFub0BxYS5jb20iLCJwYXNzd29yZCI6InRlc3RlIiwiaWF0IjoxNzU4NjMzMDU3LCJleHAiOjE3NTg2MzM2NTd9.rCdEOInrxHhCcG7ms6nhOQ6m_Zf6-O-eXV5-dycB3sQ"
} 
 </msg>
<msg time="2025-09-23T10:10:57.321835" level="INFO">/home/sami/ecommerce-api-and-web-robotframework/venv/lib/python3.13/site-packages/urllib3/connectionpool.py:1097: InsecureRequestWarning: Unverified HTTPS request is being made to host 'serverest.dev'. Adding certificate verification is strongly advised. See: https://urllib3.readthedocs.io/en/latest/advanced-usage.html#tls-warnings
  warnings.warn(</msg>
<msg time="2025-09-23T10:10:57.322117" level="INFO">${response} = &lt;Response [200]&gt;</msg>
<var>${response}</var>
<arg>session</arg>
<arg>${g_ENV['endpoint_login']}</arg>
<arg>json=${body}</arg>
<doc>Sends a POST request on a previously created HTTP Session.</doc>
<status status="PASS" start="2025-09-23T10:10:56.790379" elapsed="0.531834"/>
</kw>
<kw name="Set Global Variable" owner="BuiltIn">
<msg time="2025-09-23T10:10:57.323792" level="INFO">${g_TOKEN} = Bearer eyJhbGciOiJIUzI1NiIsInR5cCI6IkpXVCJ9.eyJlbWFpbCI6ImZ1bGFub0BxYS5jb20iLCJwYXNzd29yZCI6InRlc3RlIiwiaWF0IjoxNzU4NjMzMDU3LCJleHAiOjE3NTg2MzM2NTd9.rCdEOInrxHhCcG7ms6nhOQ6m_Zf6-O-eXV5-dycB3sQ</msg>
<arg>${g_TOKEN}</arg>
<arg>${response.json()['authorization']}</arg>
<doc>Makes a variable available globally in all tests and suites.</doc>
<status status="PASS" start="2025-09-23T10:10:57.322600" elapsed="0.001389"/>
</kw>
<kw name="Create Dictionary" owner="BuiltIn">
<msg time="2025-09-23T10:10:57.324793" level="INFO">${HEADERS_AUTH} = {'Authorization': 'Bearer eyJhbGciOiJIUzI1NiIsInR5cCI6IkpXVCJ9.eyJlbWFpbCI6ImZ1bGFub0BxYS5jb20iLCJwYXNzd29yZCI6InRlc3RlIiwiaWF0IjoxNzU4NjMzMDU3LCJleHAiOjE3NTg2MzM2NTd9.rCdEOInrxHhCcG7ms6nhOQ6m_Zf6-O-e...</msg>
<var>${HEADERS_AUTH}</var>
<arg>Authorization=${g_TOKEN}</arg>
<doc>Creates and returns a dictionary based on the given ``items``.</doc>
<status status="PASS" start="2025-09-23T10:10:57.324345" elapsed="0.000503"/>
</kw>
<kw name="Set Global Variable" owner="BuiltIn">
<msg time="2025-09-23T10:10:57.325546" level="INFO">${g_HEADERS_AUTH} = {'Authorization': 'Bearer eyJhbGciOiJIUzI1NiIsInR5cCI6IkpXVCJ9.eyJlbWFpbCI6ImZ1bGFub0BxYS5jb20iLCJwYXNzd29yZCI6InRlc3RlIiwiaWF0IjoxNzU4NjMzMDU3LCJleHAiOjE3NTg2MzM2NTd9.rCdEOInrxHhCcG7ms6nhOQ6m_Zf6-O-e...</msg>
<arg>${g_HEADERS_AUTH}</arg>
<arg>${HEADERS_AUTH}</arg>
<doc>Makes a variable available globally in all tests and suites.</doc>
<status status="PASS" start="2025-09-23T10:10:57.325127" elapsed="0.000503"/>
</kw>
<doc>Prepara variáveis globais, cria sessão e autentica com token</doc>
<status status="PASS" start="2025-09-23T10:10:56.787560" elapsed="0.538204"/>
</kw>
<kw name="Create Dictionary" owner="BuiltIn">
<msg time="2025-09-23T10:10:57.326330" level="INFO">${headers} = {'Content-Type': 'application/json'}</msg>
<var>${headers}</var>
<arg>Content-Type=application/json</arg>
<doc>Creates and returns a dictionary based on the given ``items``.</doc>
<status status="PASS" start="2025-09-23T10:10:57.326005" elapsed="0.000381"/>
</kw>
<kw name="Create Session" owner="RequestsLibrary">
<msg time="2025-09-23T10:10:57.327738" level="INFO">Creating Session using : alias=session, url=https://serverest.dev, headers={},                     cookies={}, auth=None, timeout=None, proxies=None, verify=False,                     debug=0 </msg>
<arg>session</arg>
<arg>url=${g_ENV['server_back']}</arg>
<doc>Create Session: create a HTTP session to a server</doc>
<status status="PASS" start="2025-09-23T10:10:57.326639" elapsed="0.001419"/>
</kw>
<kw name="GET On Session" owner="RequestsLibrary">
<msg time="2025-09-23T10:10:58.038191" level="INFO">GET Request : url=https://serverest.dev/usuarios/?nome=Luzia%20Santos 
 path_url=/usuarios/?nome=Luzia%20Santos 
 headers={'User-Agent': 'python-requests/2.32.4', 'Accept-Encoding': 'gzip, deflate', 'Accept': '*/*', 'Connection': 'keep-alive', 'Content-Type': 'application/json'} 
 body=None 
 </msg>
<msg time="2025-09-23T10:10:58.038406" level="INFO">GET Response : url=https://serverest.dev/usuarios/?nome=Luzia%20Santos 
 status=200, reason=OK 
 headers={'access-control-allow-origin': '*', 'x-dns-prefetch-control': 'off', 'x-frame-options': 'SAMEORIGIN', 'strict-transport-security': 'max-age=15552000; includeSubDomains', 'x-download-options': 'noopen', 'x-content-type-options': 'nosniff', 'x-xss-protection': '1; mode=block', 'content-type': 'application/json; charset=utf-8', 'x-cloud-trace-context': '15a4a843fb6338d6672f82afef690823', 'date': 'Tue, 23 Sep 2025 13:10:57 GMT', 'server': 'Google Frontend', 'Content-Length': '268'} 
 body={
    "quantidade": 1,
    "usuarios": [
        {
            "nome": "Luzia Santos",
            "email": "Luzia_Santos_291@hotmail.com",
            "password": "138#UNd",
            "administrador": "false",
            "_id": "Ir7a4I3OATDDetjT"
        }
    ]
} 
 </msg>
<msg time="2025-09-23T10:10:58.038540" level="INFO">/home/sami/ecommerce-api-and-web-robotframework/venv/lib/python3.13/site-packages/urllib3/connectionpool.py:1097: InsecureRequestWarning: Unverified HTTPS request is being made to host 'serverest.dev'. Adding certificate verification is strongly advised. See: https://urllib3.readthedocs.io/en/latest/advanced-usage.html#tls-warnings
  warnings.warn(</msg>
<msg time="2025-09-23T10:10:58.038826" level="INFO">${response} = &lt;Response [200]&gt;</msg>
<var>${response}</var>
<arg>session</arg>
<arg>url=${g_ENV['server_back']}${g_ENV['endpoint_user']}/?nome=${g_FULLNAME}</arg>
<arg>headers=${headers}</arg>
<doc>Sends a GET request on a previously created HTTP Session.</doc>
<status status="PASS" start="2025-09-23T10:10:57.328371" elapsed="0.710544"/>
</kw>
<kw name="Dictionary Should Contain Key" owner="Collections">
<arg>${response.json()}</arg>
<arg>usuarios</arg>
<doc>Fails if ``key`` is not found from ``dictionary``.</doc>
<status status="PASS" start="2025-09-23T10:10:58.039514" elapsed="0.001376"/>
</kw>
<kw name="Set Variable" owner="BuiltIn">
<msg time="2025-09-23T10:10:58.042378" level="INFO">${user_id} = [{'nome': 'Luzia Santos', 'email': 'Luzia_Santos_291@hotmail.com', 'password': '138#UNd', 'administrador': 'false', '_id': 'Ir7a4I3OATDDetjT'}]</msg>
<var>${user_id}</var>
<arg>${response.json()['usuarios']}</arg>
<doc>Returns the given values which can then be assigned to a variables.</doc>
<status status="PASS" start="2025-09-23T10:10:58.041250" elapsed="0.001204"/>
</kw>
<kw name="Evaluate" owner="BuiltIn">
<msg time="2025-09-23T10:10:58.043158" level="INFO">${user_id} = Ir7a4I3OATDDetjT</msg>
<var>${user_id}</var>
<arg>$user_id[0]['_id'] if $user_id else None</arg>
<doc>Evaluates the given expression in Python and returns the result.</doc>
<status status="PASS" start="2025-09-23T10:10:58.042783" elapsed="0.000393"/>
</kw>
<kw name="Log" owner="BuiltIn">
<msg time="2025-09-23T10:10:58.043333" level="INFO">Ir7a4I3OATDDetjT</msg>
<arg>${user_id}</arg>
<doc>Logs the given message with the given level.</doc>
<status status="PASS" start="2025-09-23T10:10:58.043257" elapsed="0.000102"/>
</kw>
<kw name="DELETE On Session" owner="RequestsLibrary">
<msg time="2025-09-23T10:10:58.243025" level="INFO">DELETE Request : url=https://serverest.dev/usuarios/Ir7a4I3OATDDetjT 
 path_url=/usuarios/Ir7a4I3OATDDetjT 
 headers={'User-Agent': 'python-requests/2.32.4', 'Accept-Encoding': 'gzip, deflate', 'Accept': '*/*', 'Connection': 'keep-alive', 'Content-Length': '0'} 
 body=None 
 </msg>
<msg time="2025-09-23T10:10:58.243257" level="INFO">DELETE Response : url=https://serverest.dev/usuarios/Ir7a4I3OATDDetjT 
 status=200, reason=OK 
 headers={'access-control-allow-origin': '*', 'x-dns-prefetch-control': 'off', 'x-frame-options': 'SAMEORIGIN', 'strict-transport-security': 'max-age=15552000; includeSubDomains', 'x-download-options': 'noopen', 'x-content-type-options': 'nosniff', 'x-xss-protection': '1; mode=block', 'content-type': 'application/json; charset=utf-8', 'x-cloud-trace-context': 'd272f9364098347e672f82afef6904d7', 'date': 'Tue, 23 Sep 2025 13:10:58 GMT', 'server': 'Google Frontend', 'Content-Length': '51'} 
 body={
    "message": "Registro excluído com sucesso"
} 
 </msg>
<msg time="2025-09-23T10:10:58.243395" level="INFO">/home/sami/ecommerce-api-and-web-robotframework/venv/lib/python3.13/site-packages/urllib3/connectionpool.py:1097: InsecureRequestWarning: Unverified HTTPS request is being made to host 'serverest.dev'. Adding certificate verification is strongly advised. See: https://urllib3.readthedocs.io/en/latest/advanced-usage.html#tls-warnings
  warnings.warn(</msg>
<arg>session</arg>
<arg>url=${g_ENV['server_back']}${g_ENV['endpoint_user']}/${user_id}</arg>
<doc>Sends a DELETE request on a previously created HTTP Session.</doc>
<status status="PASS" start="2025-09-23T10:10:58.043434" elapsed="0.200121"/>
</kw>
<arg>${g_FULLNAME}</arg>
<status status="PASS" start="2025-09-23T10:10:56.787235" elapsed="1.456542"/>
</kw>
<kw name="Close Browser" owner="SeleniumLibrary" type="TEARDOWN">
<doc>Closes the current browser.</doc>
<status status="PASS" start="2025-09-23T10:10:58.244638" elapsed="0.069323"/>
</kw>
<doc>create a user and login.</doc>
<status status="PASS" start="2025-09-23T10:10:47.492689" elapsed="10.822098"/>
</test>
<status status="PASS" start="2025-09-23T10:10:47.476726" elapsed="10.839542"/>
</suite>
<status status="PASS" start="2025-09-23T10:10:47.472762" elapsed="10.844392"/>
</suite>
<status status="PASS" start="2025-09-23T10:10:27.678038" elapsed="30.639731"/>
</suite>
<statistics>
<total>
<stat pass="2" fail="0" skip="0">All Tests</stat>
</total>
<tag>
</tag>
<suite>
<stat name="Front" id="s1" pass="2" fail="0" skip="0">Front</stat>
<stat name="Product" id="s1-s1" pass="1" fail="0" skip="0">Front.Product</stat>
<stat name="Product Create" id="s1-s1-s1" pass="1" fail="0" skip="0">Front.Product.Product Create</stat>
<stat name="User" id="s1-s2" pass="1" fail="0" skip="0">Front.User</stat>
<stat name="User Create" id="s1-s2-s1" pass="1" fail="0" skip="0">Front.User.User Create</stat>
</suite>
</statistics>
<errors>
<msg time="2025-09-23T10:10:27.838434" level="ERROR">Error in file '/home/sami/ecommerce-api-and-web-robotframework/support/resources.resource' on line 6: Importing library 'Yaml' failed: ModuleNotFoundError: No module named 'Yaml'
Traceback (most recent call last):
  None
PYTHONPATH:
  /home/sami/ecommerce-api-and-web-robotframework/venv/bin
  /usr/lib/python313.zip
  /usr/lib/python3.13
  /usr/lib/python3.13/lib-dynload
  /home/sami/ecommerce-api-and-web-robotframework/venv/lib/python3.13/site-packages</msg>
<msg time="2025-09-23T10:10:27.858492" level="ERROR">Error in file '/home/sami/ecommerce-api-and-web-robotframework/support/resources.resource' on line 10: Library '../tests/venv/lib/python3.13/site-packages/robot/libraries/String.py' does not exist.</msg>
<msg time="2025-09-23T10:10:27.858753" level="ERROR">Error in file '/home/sami/ecommerce-api-and-web-robotframework/support/resources.resource' on line 11: Library '../tests/venv/lib/python3.13/site-packages/robot/libraries/XML.py' does not exist.</msg>
<msg time="2025-09-23T10:10:47.483427" level="ERROR">Error in file '/home/sami/ecommerce-api-and-web-robotframework/support/resources.resource' on line 6: Importing library 'Yaml' failed: ModuleNotFoundError: No module named 'Yaml'
Traceback (most recent call last):
  None
PYTHONPATH:
  /home/sami/ecommerce-api-and-web-robotframework/venv/bin
  /usr/lib/python313.zip
  /usr/lib/python3.13
  /usr/lib/python3.13/lib-dynload
  /home/sami/ecommerce-api-and-web-robotframework/venv/lib/python3.13/site-packages</msg>
<msg time="2025-09-23T10:10:47.484856" level="ERROR">Error in file '/home/sami/ecommerce-api-and-web-robotframework/support/resources.resource' on line 10: Library '../tests/venv/lib/python3.13/site-packages/robot/libraries/String.py' does not exist.</msg>
<msg time="2025-09-23T10:10:47.485266" level="ERROR">Error in file '/home/sami/ecommerce-api-and-web-robotframework/support/resources.resource' on line 11: Library '../tests/venv/lib/python3.13/site-packages/robot/libraries/XML.py' does not exist.</msg>
</errors>
</robot>
