<?xml version="1.0" encoding="UTF-8"?>
<robot generator="Robot 7.3 (Python 3.13.3 on linux)" generated="2025-06-19T17:16:11.900279" rpa="false" schemaversion="5">
<suite id="s1" name="Tests" source="/home/sami/ecommerce-api-and-web-robotframework/tests">
<kw name="Setup Authenticated Environment" owner="headers" type="SETUP">
<kw name="Create Dictionary" owner="BuiltIn">
<msg time="2025-06-19T17:16:12.063368" level="INFO">${headers} = {'Content-Type': 'application/json'}</msg>
<var>${headers}</var>
<arg>Content-Type=application/json</arg>
<doc>Creates and returns a dictionary based on the given ``items``.</doc>
<status status="PASS" start="2025-06-19T17:16:12.062039" elapsed="0.001397"/>
</kw>
<kw name="Set Global Variable" owner="BuiltIn">
<msg time="2025-06-19T17:16:12.064338" level="INFO">${g_HEADERS} = {'Content-Type': 'application/json'}</msg>
<arg>${g_HEADERS}</arg>
<arg>${headers}</arg>
<doc>Makes a variable available globally in all tests and suites.</doc>
<status status="PASS" start="2025-06-19T17:16:12.063649" elapsed="0.000754"/>
</kw>
<kw name="Set Variable" owner="BuiltIn">
<msg time="2025-06-19T17:16:12.064939" level="INFO">${env_dict} = {'server_back': 'https://serverest.dev', 'server_front': 'https://front.serverest.dev', 'endpoint_login': '/login', 'endpoint_user': '/usuarios', 'endpoint_product': '/produtos', 'endpoint_carts': '/c...</msg>
<var>${env_dict}</var>
<arg>${environments['serverest']}</arg>
<doc>Returns the given values which can then be assigned to a variables.</doc>
<status status="PASS" start="2025-06-19T17:16:12.064559" elapsed="0.000408"/>
</kw>
<kw name="Set Global Variable" owner="BuiltIn">
<msg time="2025-06-19T17:16:12.065463" level="INFO">${g_ENV} = {'server_back': 'https://serverest.dev', 'server_front': 'https://front.serverest.dev', 'endpoint_login': '/login', 'endpoint_user': '/usuarios', 'endpoint_product': '/produtos', 'endpoint_carts': '/c...</msg>
<arg>${g_ENV}</arg>
<arg>${env_dict}</arg>
<doc>Makes a variable available globally in all tests and suites.</doc>
<status status="PASS" start="2025-06-19T17:16:12.065089" elapsed="0.000407"/>
</kw>
<kw name="Create Session" owner="RequestsLibrary">
<msg time="2025-06-19T17:16:12.065842" level="INFO">Creating Session using : alias=session, url=https://serverest.dev, headers={},                     cookies={}, auth=None, timeout=None, proxies=None, verify=False,                     debug=0 </msg>
<arg>session</arg>
<arg>url=${g_ENV['server_back']}</arg>
<doc>Create Session: create a HTTP session to a server</doc>
<status status="PASS" start="2025-06-19T17:16:12.065583" elapsed="0.000415"/>
</kw>
<kw name="Create Dictionary" owner="BuiltIn">
<msg time="2025-06-19T17:16:12.066644" level="INFO">${body} = {'email': 'fulano@qa.com', 'password': 'teste'}</msg>
<var>${body}</var>
<arg>email=${data['mail']}</arg>
<arg>password=${data['password']}</arg>
<doc>Creates and returns a dictionary based on the given ``items``.</doc>
<status status="PASS" start="2025-06-19T17:16:12.066096" elapsed="0.000568"/>
</kw>
<kw name="POST On Session" owner="RequestsLibrary">
<msg time="2025-06-19T17:16:12.559434" level="INFO">POST Request : url=https://serverest.dev/login 
 path_url=/login 
 headers={'User-Agent': 'python-requests/2.32.4', 'Accept-Encoding': 'gzip, deflate', 'Accept': '*/*', 'Connection': 'keep-alive', 'Content-Length': '47', 'Content-Type': 'application/json'} 
 body=b'{"email": "fulano@qa.com", "password": "teste"}' 
 </msg>
<msg time="2025-06-19T17:16:12.559633" level="INFO">POST Response : url=https://serverest.dev/login 
 status=200, reason=OK 
 headers={'access-control-allow-origin': '*', 'x-dns-prefetch-control': 'off', 'x-frame-options': 'SAMEORIGIN', 'strict-transport-security': 'max-age=15552000; includeSubDomains', 'x-download-options': 'noopen', 'x-content-type-options': 'nosniff', 'x-xss-protection': '1; mode=block', 'content-type': 'application/json; charset=utf-8', 'x-cloud-trace-context': '090139a2e44cc2cdd81ab8726f72eb9d;o=1', 'date': 'Thu, 19 Jun 2025 20:16:12 GMT', 'server': 'Google Frontend', 'Content-Length': '265'} 
 body={
    "message": "Login realizado com sucesso",
    "authorization": "Bearer eyJhbGciOiJIUzI1NiIsInR5cCI6IkpXVCJ9.eyJlbWFpbCI6ImZ1bGFub0BxYS5jb20iLCJwYXNzd29yZCI6InRlc3RlIiwiaWF0IjoxNzUwMzY0MTcyLCJleHAiOjE3NTAzNjQ3NzJ9.sLS646NgGuWpnpEktypi3PG_EOCONVAx2FoCfMKkLaQ"
} 
 </msg>
<msg time="2025-06-19T17:16:12.559746" level="INFO">/home/sami/ecommerce-api-and-web-robotframework/tests/venv/lib/python3.13/site-packages/urllib3/connectionpool.py:1097: InsecureRequestWarning: Unverified HTTPS request is being made to host 'serverest.dev'. Adding certificate verification is strongly advised. See: https://urllib3.readthedocs.io/en/latest/advanced-usage.html#tls-warnings
  warnings.warn(</msg>
<msg time="2025-06-19T17:16:12.559957" level="INFO">${response} = &lt;Response [200]&gt;</msg>
<var>${response}</var>
<arg>session</arg>
<arg>${g_ENV['endpoint_login']}</arg>
<arg>json=${body}</arg>
<doc>Sends a POST request on a previously created HTTP Session.</doc>
<status status="PASS" start="2025-06-19T17:16:12.066754" elapsed="0.493267"/>
</kw>
<kw name="Set Global Variable" owner="BuiltIn">
<msg time="2025-06-19T17:16:12.561750" level="INFO">${g_TOKEN} = Bearer eyJhbGciOiJIUzI1NiIsInR5cCI6IkpXVCJ9.eyJlbWFpbCI6ImZ1bGFub0BxYS5jb20iLCJwYXNzd29yZCI6InRlc3RlIiwiaWF0IjoxNzUwMzY0MTcyLCJleHAiOjE3NTAzNjQ3NzJ9.sLS646NgGuWpnpEktypi3PG_EOCONVAx2FoCfMKkLaQ</msg>
<arg>${g_TOKEN}</arg>
<arg>${response.json()['authorization']}</arg>
<doc>Makes a variable available globally in all tests and suites.</doc>
<status status="PASS" start="2025-06-19T17:16:12.560370" elapsed="0.001451"/>
</kw>
<kw name="Create Dictionary" owner="BuiltIn">
<msg time="2025-06-19T17:16:12.562341" level="INFO">${HEADERS_AUTH} = {'Authorization': 'Bearer eyJhbGciOiJIUzI1NiIsInR5cCI6IkpXVCJ9.eyJlbWFpbCI6ImZ1bGFub0BxYS5jb20iLCJwYXNzd29yZCI6InRlc3RlIiwiaWF0IjoxNzUwMzY0MTcyLCJleHAiOjE3NTAzNjQ3NzJ9.sLS646NgGuWpnpEktypi3PG_EOCONVAx...</msg>
<var>${HEADERS_AUTH}</var>
<arg>Authorization=${g_TOKEN}</arg>
<doc>Creates and returns a dictionary based on the given ``items``.</doc>
<status status="PASS" start="2025-06-19T17:16:12.562022" elapsed="0.000362"/>
</kw>
<kw name="Set Global Variable" owner="BuiltIn">
<msg time="2025-06-19T17:16:12.563373" level="INFO">${g_HEADERS_AUTH} = {'Authorization': 'Bearer eyJhbGciOiJIUzI1NiIsInR5cCI6IkpXVCJ9.eyJlbWFpbCI6ImZ1bGFub0BxYS5jb20iLCJwYXNzd29yZCI6InRlc3RlIiwiaWF0IjoxNzUwMzY0MTcyLCJleHAiOjE3NTAzNjQ3NzJ9.sLS646NgGuWpnpEktypi3PG_EOCONVAx...</msg>
<arg>${g_HEADERS_AUTH}</arg>
<arg>${HEADERS_AUTH}</arg>
<doc>Makes a variable available globally in all tests and suites.</doc>
<status status="PASS" start="2025-06-19T17:16:12.562561" elapsed="0.000875"/>
</kw>
<doc>Prepara variáveis globais, cria sessão e autentica com token</doc>
<status status="PASS" start="2025-06-19T17:16:12.060643" elapsed="0.502893"/>
</kw>
<suite id="s1-s1" name="Serverest" source="/home/sami/ecommerce-api-and-web-robotframework/tests/serverest">
<suite id="s1-s1-s1" name="Api" source="/home/sami/ecommerce-api-and-web-robotframework/tests/serverest/api">
<suite id="s1-s1-s1-s1" name="Carts" source="/home/sami/ecommerce-api-and-web-robotframework/tests/serverest/api/carts">
<suite id="s1-s1-s1-s1-s1" name="Get Carts" source="/home/sami/ecommerce-api-and-web-robotframework/tests/serverest/api/carts/get_carts.robot">
<test id="s1-s1-s1-s1-s1-t1" name="Carts List Success" line="6">
<kw name="Body User" owner="user_body">
<kw name="Serverest Values" owner="keywords_serverest">
<kw name="Evaluate" owner="BuiltIn">
<msg time="2025-06-19T17:16:12.582364" level="INFO">${name} = Samira</msg>
<var>${name}</var>
<arg>random.choice(["Lara", "Lana", "Kaira", "Karol", "Juliana", "Vircine", "Viviene", "Vivian", "Sami", "Samilly", "Samara", "Samira", "Luiza", "Luzia"])</arg>
<arg>modules=random</arg>
<doc>Evaluates the given expression in Python and returns the result.</doc>
<status status="PASS" start="2025-06-19T17:16:12.581320" elapsed="0.001189"/>
</kw>
<kw name="Evaluate" owner="BuiltIn">
<msg time="2025-06-19T17:16:12.584884" level="INFO">${surname} = Carneiro</msg>
<var>${surname}</var>
<arg>random.choice(["Santos", "Silva", "Stiti", "Lucena", "Silveira", "Oliveira", "Laradina", "Winked", "Sousa", "Souza", "Alves", "Gomes", "Carneiro", "Santana"])</arg>
<arg>modules=random</arg>
<doc>Evaluates the given expression in Python and returns the result.</doc>
<status status="PASS" start="2025-06-19T17:16:12.583387" elapsed="0.001595"/>
</kw>
<kw name="Catenate" owner="BuiltIn">
<msg time="2025-06-19T17:16:12.586608" level="INFO">${s_FULLNAME} = Samira Carneiro</msg>
<var>${s_FULLNAME}</var>
<arg>${name} ${surname}</arg>
<doc>Catenates the given items together and returns the resulted string.</doc>
<status status="PASS" start="2025-06-19T17:16:12.586003" elapsed="0.000640"/>
</kw>
<kw name="Set Suite Variable" owner="BuiltIn">
<msg time="2025-06-19T17:16:12.587093" level="INFO">${s_FULLNAME} = Samira Carneiro</msg>
<arg>${s_FULLNAME}</arg>
<doc>Makes a variable available everywhere within the scope of the current suite.</doc>
<status status="PASS" start="2025-06-19T17:16:12.586825" elapsed="0.000325"/>
</kw>
<kw name="Generate Random String" owner="String">
<msg time="2025-06-19T17:16:12.588078" level="INFO">${number} = 290</msg>
<var>${number}</var>
<arg>3</arg>
<arg>[NUMBERS]</arg>
<doc>Generates a string with a desired ``length`` from the given ``chars``.</doc>
<status status="PASS" start="2025-06-19T17:16:12.587330" elapsed="0.000858"/>
</kw>
<kw name="Set Variable" owner="BuiltIn">
<msg time="2025-06-19T17:16:12.588977" level="INFO">${email} = Samira_Carneiro_290@hotmail.com</msg>
<var>${email}</var>
<arg>${name}_${surname}_${number}@hotmail.com</arg>
<doc>Returns the given values which can then be assigned to a variables.</doc>
<status status="PASS" start="2025-06-19T17:16:12.588540" elapsed="0.000495"/>
</kw>
<kw name="Set Global Variable" owner="BuiltIn">
<msg time="2025-06-19T17:16:12.591428" level="INFO">${g_FULLNAME} = Samira Carneiro</msg>
<arg>${g_FULLNAME}</arg>
<arg>${s_FULLNAME}</arg>
<doc>Makes a variable available globally in all tests and suites.</doc>
<status status="PASS" start="2025-06-19T17:16:12.589301" elapsed="0.002207"/>
</kw>
<kw name="Set Global Variable" owner="BuiltIn">
<msg time="2025-06-19T17:16:12.593590" level="INFO">${g_EMAIL} = Samira_Carneiro_290@hotmail.com</msg>
<arg>${g_EMAIL}</arg>
<arg>${email}</arg>
<doc>Makes a variable available globally in all tests and suites.</doc>
<status status="PASS" start="2025-06-19T17:16:12.591882" elapsed="0.001815"/>
</kw>
<kw name="Set Suite Variable" owner="BuiltIn">
<msg time="2025-06-19T17:16:12.595966" level="INFO">${administrador} = true</msg>
<arg>${administrador}</arg>
<arg>true</arg>
<doc>Makes a variable available everywhere within the scope of the current suite.</doc>
<status status="PASS" start="2025-06-19T17:16:12.594338" elapsed="0.001771"/>
</kw>
<kw name="Set Global Variable" owner="BuiltIn">
<msg time="2025-06-19T17:16:12.597817" level="INFO">${g_ADMIN} = true</msg>
<arg>${g_ADMIN}</arg>
<arg>${administrador}</arg>
<doc>Makes a variable available globally in all tests and suites.</doc>
<status status="PASS" start="2025-06-19T17:16:12.596488" elapsed="0.001421"/>
</kw>
<kw name="Generate Random String" owner="String">
<msg time="2025-06-19T17:16:12.598404" level="INFO">${number} = 815</msg>
<var>${number}</var>
<arg>3</arg>
<arg>[NUMBERS]</arg>
<doc>Generates a string with a desired ``length`` from the given ``chars``.</doc>
<status status="PASS" start="2025-06-19T17:16:12.598080" elapsed="0.000357"/>
</kw>
<kw name="Generate Random String" owner="String">
<msg time="2025-06-19T17:16:12.598797" level="INFO">${letters} = lOd</msg>
<var>${letters}</var>
<arg>3</arg>
<arg>[LETTERS]</arg>
<doc>Generates a string with a desired ``length`` from the given ``chars``.</doc>
<status status="PASS" start="2025-06-19T17:16:12.598593" elapsed="0.000234"/>
</kw>
<kw name="Set Variable" owner="BuiltIn">
<msg time="2025-06-19T17:16:12.599140" level="INFO">${password_admin} = 815#lOd</msg>
<var>${password_admin}</var>
<arg>${number}#${letters}</arg>
<doc>Returns the given values which can then be assigned to a variables.</doc>
<status status="PASS" start="2025-06-19T17:16:12.598955" elapsed="0.000212"/>
</kw>
<kw name="Set Global Variable" owner="BuiltIn">
<msg time="2025-06-19T17:16:12.600200" level="INFO">${g_PASSWORD} = 815#lOd</msg>
<arg>${g_PASSWORD}</arg>
<arg>${password_admin}</arg>
<doc>Makes a variable available globally in all tests and suites.</doc>
<status status="PASS" start="2025-06-19T17:16:12.599319" elapsed="0.000948"/>
</kw>
<kw name="Evaluate" owner="BuiltIn">
<msg time="2025-06-19T17:16:12.600711" level="INFO">${name_product} = Monitor UltraWide</msg>
<var>${name_product}</var>
<arg>random.choice(["Camisa Tech", "Fone Gamer", "Notebook X1", "Cadeira Ergonômica", "Mouse RGB", "Teclado Mecânico", "Monitor UltraWide", "Hub USB-C", "Smartwatch Fit", "Echo Bass", "Carregador Turbo", "Luminária LED", "HD Externo", "Webcam Full HD"])</arg>
<arg>modules=random</arg>
<doc>Evaluates the given expression in Python and returns the result.</doc>
<status status="PASS" start="2025-06-19T17:16:12.600417" elapsed="0.000325"/>
</kw>
<kw name="Generate Random String" owner="String">
<msg time="2025-06-19T17:16:12.601105" level="INFO">${number} = 675</msg>
<var>${number}</var>
<arg>3</arg>
<arg>[NUMBERS]</arg>
<doc>Generates a string with a desired ``length`` from the given ``chars``.</doc>
<status status="PASS" start="2025-06-19T17:16:12.600891" elapsed="0.000245"/>
</kw>
<kw name="Set Variable" owner="BuiltIn">
<msg time="2025-06-19T17:16:12.601466" level="INFO">${s_NAME_PRODUCT} = Monitor UltraWide675</msg>
<var>${s_NAME_PRODUCT}</var>
<arg>${name_product}${number}</arg>
<doc>Returns the given values which can then be assigned to a variables.</doc>
<status status="PASS" start="2025-06-19T17:16:12.601288" elapsed="0.000206"/>
</kw>
<kw name="Evaluate" owner="BuiltIn">
<msg time="2025-06-19T17:16:12.601899" level="INFO">${description} = 16GB RAM, SSD 512GB e tela Full HD</msg>
<var>${description}</var>
<arg>random.choice(["Tecido respirável com proteção UV, ideal para treinos","16GB RAM, SSD 512GB e tela Full HD"," Apoio lombar ajustável e reclinação 135","Mouse RGB DPI com software de personalização de macros"])</arg>
<arg>modules=random</arg>
<doc>Evaluates the given expression in Python and returns the result.</doc>
<status status="PASS" start="2025-06-19T17:16:12.601628" elapsed="0.000308"/>
</kw>
<kw name="Generate Random String" owner="String">
<msg time="2025-06-19T17:16:12.602489" level="INFO">${price} = 828</msg>
<var>${price}</var>
<arg>3</arg>
<arg>[NUMBERS]</arg>
<doc>Generates a string with a desired ``length`` from the given ``chars``.</doc>
<status status="PASS" start="2025-06-19T17:16:12.602113" elapsed="0.000408"/>
</kw>
<kw name="Generate Random String" owner="String">
<msg time="2025-06-19T17:16:12.603068" level="INFO">${quantity} = 7244</msg>
<var>${quantity}</var>
<arg>4</arg>
<arg>[NUMBERS]</arg>
<doc>Generates a string with a desired ``length`` from the given ``chars``.</doc>
<status status="PASS" start="2025-06-19T17:16:12.602672" elapsed="0.000427"/>
</kw>
<kw name="Set Global Variable" owner="BuiltIn">
<msg time="2025-06-19T17:16:12.605241" level="INFO">${g_PRODUCT} = Monitor UltraWide675</msg>
<arg>${g_PRODUCT}</arg>
<arg>${s_NAME_PRODUCT}</arg>
<doc>Makes a variable available globally in all tests and suites.</doc>
<status status="PASS" start="2025-06-19T17:16:12.603320" elapsed="0.002000"/>
</kw>
<kw name="Set Global Variable" owner="BuiltIn">
<msg time="2025-06-19T17:16:12.606585" level="INFO">${g_DESCRIPTION} = 16GB RAM, SSD 512GB e tela Full HD</msg>
<arg>${g_DESCRIPTION}</arg>
<arg>${description}</arg>
<doc>Makes a variable available globally in all tests and suites.</doc>
<status status="PASS" start="2025-06-19T17:16:12.605496" elapsed="0.001187"/>
</kw>
<kw name="Set Global Variable" owner="BuiltIn">
<msg time="2025-06-19T17:16:12.607983" level="INFO">${g_PRICE} = 828</msg>
<arg>${g_PRICE}</arg>
<arg>${price}</arg>
<doc>Makes a variable available globally in all tests and suites.</doc>
<status status="PASS" start="2025-06-19T17:16:12.606936" elapsed="0.001189"/>
</kw>
<kw name="Set Global Variable" owner="BuiltIn">
<msg time="2025-06-19T17:16:12.610124" level="INFO">${g_QUANTITY} = 7244</msg>
<arg>${g_QUANTITY}</arg>
<arg>${quantity}</arg>
<doc>Makes a variable available globally in all tests and suites.</doc>
<status status="PASS" start="2025-06-19T17:16:12.608630" elapsed="0.001590"/>
</kw>
<status status="PASS" start="2025-06-19T17:16:12.580964" elapsed="0.029485"/>
</kw>
<kw name="Create Dictionary" owner="BuiltIn">
<msg time="2025-06-19T17:16:12.611442" level="INFO">${body} = {'nome': 'Samira Carneiro', 'email': 'Samira_Carneiro_290@hotmail.com', 'password': '815#lOd', 'administrador': 'true'}</msg>
<var>${body}</var>
<arg>nome=${g_FULLNAME}</arg>
<arg>email=${g_EMAIL}</arg>
<arg>password=${g_PASSWORD}</arg>
<arg>administrador=${g_ADMIN}</arg>
<doc>Creates and returns a dictionary based on the given ``items``.</doc>
<status status="PASS" start="2025-06-19T17:16:12.610732" elapsed="0.000753"/>
</kw>
<return>
<value>${body}</value>
<status status="PASS" start="2025-06-19T17:16:12.611665" elapsed="0.000341"/>
</return>
<msg time="2025-06-19T17:16:12.612381" level="INFO">${body} = {'nome': 'Samira Carneiro', 'email': 'Samira_Carneiro_290@hotmail.com', 'password': '815#lOd', 'administrador': 'true'}</msg>
<var>${body}</var>
<status status="PASS" start="2025-06-19T17:16:12.580226" elapsed="0.032202"/>
</kw>
<kw name="POST On Session" owner="RequestsLibrary">
<msg time="2025-06-19T17:16:12.867079" level="INFO">POST Request : url=https://serverest.dev/usuarios 
 path_url=/usuarios 
 headers={'User-Agent': 'python-requests/2.32.4', 'Accept-Encoding': 'gzip, deflate', 'Accept': '*/*', 'Connection': 'keep-alive', 'Content-Length': '119', 'Content-Type': 'application/json'} 
 body=b'{"nome": "Samira Carneiro", "email": "Samira_Carneiro_290@hotmail.com", "password": "815#lOd", "administrador": "true"}' 
 </msg>
<msg time="2025-06-19T17:16:12.867332" level="INFO">POST Response : url=https://serverest.dev/usuarios 
 status=201, reason=Created 
 headers={'access-control-allow-origin': '*', 'x-dns-prefetch-control': 'off', 'x-frame-options': 'SAMEORIGIN', 'strict-transport-security': 'max-age=15552000; includeSubDomains', 'x-download-options': 'noopen', 'x-content-type-options': 'nosniff', 'x-xss-protection': '1; mode=block', 'content-type': 'application/json; charset=utf-8', 'x-cloud-trace-context': '3a4140463b5c2450d81ab8726f72e335', 'date': 'Thu, 19 Jun 2025 20:16:12 GMT', 'server': 'Google Frontend', 'Content-Length': '82'} 
 body={
    "message": "Cadastro realizado com sucesso",
    "_id": "6qRS0oosJjo5w87T"
} 
 </msg>
<msg time="2025-06-19T17:16:12.867541" level="INFO">/home/sami/ecommerce-api-and-web-robotframework/tests/venv/lib/python3.13/site-packages/urllib3/connectionpool.py:1097: InsecureRequestWarning: Unverified HTTPS request is being made to host 'serverest.dev'. Adding certificate verification is strongly advised. See: https://urllib3.readthedocs.io/en/latest/advanced-usage.html#tls-warnings
  warnings.warn(</msg>
<msg time="2025-06-19T17:16:12.867868" level="INFO">${response} = &lt;Response [201]&gt;</msg>
<var>${response}</var>
<arg>session</arg>
<arg>url=${g_ENV['server_back']}${g_ENV['endpoint_user']}</arg>
<arg>json=${body}</arg>
<doc>Sends a POST request on a previously created HTTP Session.</doc>
<status status="PASS" start="2025-06-19T17:16:12.613011" elapsed="0.254935"/>
</kw>
<kw name="Set Suite Variable" owner="BuiltIn">
<msg time="2025-06-19T17:16:12.871530" level="INFO">${id_user} = 6qRS0oosJjo5w87T</msg>
<arg>${id_user}</arg>
<arg>${response.json()['_id']}</arg>
<doc>Makes a variable available everywhere within the scope of the current suite.</doc>
<status status="PASS" start="2025-06-19T17:16:12.868546" elapsed="0.003131"/>
</kw>
<kw name="Body Login User" owner="user_body">
<kw name="Create Dictionary" owner="BuiltIn">
<msg time="2025-06-19T17:16:12.874092" level="INFO">${body} = {'email': 'Samira_Carneiro_290@hotmail.com', 'password': '815#lOd'}</msg>
<var>${body}</var>
<arg>email=${g_EMAIL}</arg>
<arg>password=${g_PASSWORD}</arg>
<doc>Creates and returns a dictionary based on the given ``items``.</doc>
<status status="PASS" start="2025-06-19T17:16:12.873189" elapsed="0.000997"/>
</kw>
<return>
<value>${body}</value>
<status status="PASS" start="2025-06-19T17:16:12.874431" elapsed="0.000182"/>
</return>
<msg time="2025-06-19T17:16:12.875115" level="INFO">${body} = {'email': 'Samira_Carneiro_290@hotmail.com', 'password': '815#lOd'}</msg>
<var>${body}</var>
<arg>${g_EMAIL}</arg>
<arg>${g_PASSWORD}</arg>
<status status="PASS" start="2025-06-19T17:16:12.872241" elapsed="0.002976"/>
</kw>
<kw name="POST On Session" owner="RequestsLibrary">
<msg time="2025-06-19T17:16:13.070933" level="INFO">POST Request : url=https://serverest.dev/login 
 path_url=/login 
 headers={'User-Agent': 'python-requests/2.32.4', 'Accept-Encoding': 'gzip, deflate', 'Accept': '*/*', 'Connection': 'keep-alive', 'Content-Length': '67', 'Content-Type': 'application/json'} 
 body=b'{"email": "Samira_Carneiro_290@hotmail.com", "password": "815#lOd"}' 
 </msg>
<msg time="2025-06-19T17:16:13.071149" level="INFO">POST Response : url=https://serverest.dev/login 
 status=200, reason=OK 
 headers={'access-control-allow-origin': '*', 'x-dns-prefetch-control': 'off', 'x-frame-options': 'SAMEORIGIN', 'strict-transport-security': 'max-age=15552000; includeSubDomains', 'x-download-options': 'noopen', 'x-content-type-options': 'nosniff', 'x-xss-protection': '1; mode=block', 'content-type': 'application/json; charset=utf-8', 'x-cloud-trace-context': 'db758c64ceee35d4d81ab8726f72ef2c', 'date': 'Thu, 19 Jun 2025 20:16:12 GMT', 'server': 'Google Frontend', 'Content-Length': '292'} 
 body={
    "message": "Login realizado com sucesso",
    "authorization": "Bearer eyJhbGciOiJIUzI1NiIsInR5cCI6IkpXVCJ9.eyJlbWFpbCI6IlNhbWlyYV9DYXJuZWlyb18yOTBAaG90bWFpbC5jb20iLCJwYXNzd29yZCI6IjgxNSNsT2QiLCJpYXQiOjE3NTAzNjQxNzIsImV4cCI6MTc1MDM2NDc3Mn0.39O72M6ukSgoiKvcg3EAPk_T88cd-BDbEP-a4YDhgmk"
} 
 </msg>
<msg time="2025-06-19T17:16:13.071304" level="INFO">/home/sami/ecommerce-api-and-web-robotframework/tests/venv/lib/python3.13/site-packages/urllib3/connectionpool.py:1097: InsecureRequestWarning: Unverified HTTPS request is being made to host 'serverest.dev'. Adding certificate verification is strongly advised. See: https://urllib3.readthedocs.io/en/latest/advanced-usage.html#tls-warnings
  warnings.warn(</msg>
<msg time="2025-06-19T17:16:13.071632" level="INFO">${response} = &lt;Response [200]&gt;</msg>
<var>${response}</var>
<arg>session</arg>
<arg>url=${g_ENV['server_back']}${g_ENV['endpoint_login']}</arg>
<arg>json=${body}</arg>
<doc>Sends a POST request on a previously created HTTP Session.</doc>
<status status="PASS" start="2025-06-19T17:16:12.875893" elapsed="0.195813"/>
</kw>
<kw name="Set Suite Variable" owner="BuiltIn">
<msg time="2025-06-19T17:16:13.074953" level="INFO">${s_TOKEN_USER} = Bearer eyJhbGciOiJIUzI1NiIsInR5cCI6IkpXVCJ9.eyJlbWFpbCI6IlNhbWlyYV9DYXJuZWlyb18yOTBAaG90bWFpbC5jb20iLCJwYXNzd29yZCI6IjgxNSNsT2QiLCJpYXQiOjE3NTAzNjQxNzIsImV4cCI6MTc1MDM2NDc3Mn0.39O72M6ukSgoiKvcg3EAPk_T...</msg>
<arg>${s_TOKEN_USER}</arg>
<arg>${response.json()['authorization']}</arg>
<doc>Makes a variable available everywhere within the scope of the current suite.</doc>
<status status="PASS" start="2025-06-19T17:16:13.072263" elapsed="0.002831"/>
</kw>
<kw name="Create Dictionary" owner="BuiltIn">
<msg time="2025-06-19T17:16:13.076131" level="INFO">${HEADERS_AUTH_USER} = {'Authorization': 'Bearer eyJhbGciOiJIUzI1NiIsInR5cCI6IkpXVCJ9.eyJlbWFpbCI6ImZ1bGFub0BxYS5jb20iLCJwYXNzd29yZCI6InRlc3RlIiwiaWF0IjoxNzUwMzY0MTcyLCJleHAiOjE3NTAzNjQ3NzJ9.sLS646NgGuWpnpEktypi3PG_EOCONVAx...</msg>
<var>${HEADERS_AUTH_USER}</var>
<arg>Authorization=${g_TOKEN}</arg>
<doc>Creates and returns a dictionary based on the given ``items``.</doc>
<status status="PASS" start="2025-06-19T17:16:13.075570" elapsed="0.000637"/>
</kw>
<kw name="Set Global Variable" owner="BuiltIn">
<msg time="2025-06-19T17:16:13.079330" level="INFO">${s_HEADERS_AUTH_USER} = {'Authorization': 'Bearer eyJhbGciOiJIUzI1NiIsInR5cCI6IkpXVCJ9.eyJlbWFpbCI6ImZ1bGFub0BxYS5jb20iLCJwYXNzd29yZCI6InRlc3RlIiwiaWF0IjoxNzUwMzY0MTcyLCJleHAiOjE3NTAzNjQ3NzJ9.sLS646NgGuWpnpEktypi3PG_EOCONVAx...</msg>
<arg>${s_HEADERS_AUTH_USER}</arg>
<arg>${HEADERS_AUTH_USER}</arg>
<doc>Makes a variable available globally in all tests and suites.</doc>
<status status="PASS" start="2025-06-19T17:16:13.076642" elapsed="0.003003"/>
</kw>
<kw name="Body Product Carts" owner="product_body">
<kw name="Serverest Values" owner="keywords_serverest">
<kw name="Evaluate" owner="BuiltIn">
<msg time="2025-06-19T17:16:13.083143" level="INFO">${name} = Samira</msg>
<var>${name}</var>
<arg>random.choice(["Lara", "Lana", "Kaira", "Karol", "Juliana", "Vircine", "Viviene", "Vivian", "Sami", "Samilly", "Samara", "Samira", "Luiza", "Luzia"])</arg>
<arg>modules=random</arg>
<doc>Evaluates the given expression in Python and returns the result.</doc>
<status status="PASS" start="2025-06-19T17:16:13.082309" elapsed="0.000928"/>
</kw>
<kw name="Evaluate" owner="BuiltIn">
<msg time="2025-06-19T17:16:13.084143" level="INFO">${surname} = Santana</msg>
<var>${surname}</var>
<arg>random.choice(["Santos", "Silva", "Stiti", "Lucena", "Silveira", "Oliveira", "Laradina", "Winked", "Sousa", "Souza", "Alves", "Gomes", "Carneiro", "Santana"])</arg>
<arg>modules=random</arg>
<doc>Evaluates the given expression in Python and returns the result.</doc>
<status status="PASS" start="2025-06-19T17:16:13.083576" elapsed="0.000626"/>
</kw>
<kw name="Catenate" owner="BuiltIn">
<msg time="2025-06-19T17:16:13.084841" level="INFO">${s_FULLNAME} = Samira Santana</msg>
<var>${s_FULLNAME}</var>
<arg>${name} ${surname}</arg>
<doc>Catenates the given items together and returns the resulted string.</doc>
<status status="PASS" start="2025-06-19T17:16:13.084488" elapsed="0.000407"/>
</kw>
<kw name="Set Suite Variable" owner="BuiltIn">
<msg time="2025-06-19T17:16:13.085701" level="INFO">${s_FULLNAME} = Samira Santana</msg>
<arg>${s_FULLNAME}</arg>
<doc>Makes a variable available everywhere within the scope of the current suite.</doc>
<status status="PASS" start="2025-06-19T17:16:13.085235" elapsed="0.000559"/>
</kw>
<kw name="Generate Random String" owner="String">
<msg time="2025-06-19T17:16:13.086784" level="INFO">${number} = 615</msg>
<var>${number}</var>
<arg>3</arg>
<arg>[NUMBERS]</arg>
<doc>Generates a string with a desired ``length`` from the given ``chars``.</doc>
<status status="PASS" start="2025-06-19T17:16:13.086039" elapsed="0.000795"/>
</kw>
<kw name="Set Variable" owner="BuiltIn">
<msg time="2025-06-19T17:16:13.087671" level="INFO">${email} = Samira_Santana_615@hotmail.com</msg>
<var>${email}</var>
<arg>${name}_${surname}_${number}@hotmail.com</arg>
<doc>Returns the given values which can then be assigned to a variables.</doc>
<status status="PASS" start="2025-06-19T17:16:13.087120" elapsed="0.000616"/>
</kw>
<kw name="Set Global Variable" owner="BuiltIn">
<msg time="2025-06-19T17:16:13.088575" level="INFO">${g_FULLNAME} = Samira Santana</msg>
<arg>${g_FULLNAME}</arg>
<arg>${s_FULLNAME}</arg>
<doc>Makes a variable available globally in all tests and suites.</doc>
<status status="PASS" start="2025-06-19T17:16:13.088024" elapsed="0.000630"/>
</kw>
<kw name="Set Global Variable" owner="BuiltIn">
<msg time="2025-06-19T17:16:13.089129" level="INFO">${g_EMAIL} = Samira_Santana_615@hotmail.com</msg>
<arg>${g_EMAIL}</arg>
<arg>${email}</arg>
<doc>Makes a variable available globally in all tests and suites.</doc>
<status status="PASS" start="2025-06-19T17:16:13.088832" elapsed="0.000351"/>
</kw>
<kw name="Set Suite Variable" owner="BuiltIn">
<msg time="2025-06-19T17:16:13.089613" level="INFO">${administrador} = true</msg>
<arg>${administrador}</arg>
<arg>true</arg>
<doc>Makes a variable available everywhere within the scope of the current suite.</doc>
<status status="PASS" start="2025-06-19T17:16:13.089412" elapsed="0.000236"/>
</kw>
<kw name="Set Global Variable" owner="BuiltIn">
<msg time="2025-06-19T17:16:13.090025" level="INFO">${g_ADMIN} = true</msg>
<arg>${g_ADMIN}</arg>
<arg>${administrador}</arg>
<doc>Makes a variable available globally in all tests and suites.</doc>
<status status="PASS" start="2025-06-19T17:16:13.089757" elapsed="0.000326"/>
</kw>
<kw name="Generate Random String" owner="String">
<msg time="2025-06-19T17:16:13.090761" level="INFO">${number} = 291</msg>
<var>${number}</var>
<arg>3</arg>
<arg>[NUMBERS]</arg>
<doc>Generates a string with a desired ``length`` from the given ``chars``.</doc>
<status status="PASS" start="2025-06-19T17:16:13.090231" elapsed="0.000562"/>
</kw>
<kw name="Generate Random String" owner="String">
<msg time="2025-06-19T17:16:13.091138" level="INFO">${letters} = gMY</msg>
<var>${letters}</var>
<arg>3</arg>
<arg>[LETTERS]</arg>
<doc>Generates a string with a desired ``length`` from the given ``chars``.</doc>
<status status="PASS" start="2025-06-19T17:16:13.090925" elapsed="0.000238"/>
</kw>
<kw name="Set Variable" owner="BuiltIn">
<msg time="2025-06-19T17:16:13.091466" level="INFO">${password_admin} = 291#gMY</msg>
<var>${password_admin}</var>
<arg>${number}#${letters}</arg>
<doc>Returns the given values which can then be assigned to a variables.</doc>
<status status="PASS" start="2025-06-19T17:16:13.091294" elapsed="0.000197"/>
</kw>
<kw name="Set Global Variable" owner="BuiltIn">
<msg time="2025-06-19T17:16:13.091822" level="INFO">${g_PASSWORD} = 291#gMY</msg>
<arg>${g_PASSWORD}</arg>
<arg>${password_admin}</arg>
<doc>Makes a variable available globally in all tests and suites.</doc>
<status status="PASS" start="2025-06-19T17:16:13.091612" elapsed="0.000250"/>
</kw>
<kw name="Evaluate" owner="BuiltIn">
<msg time="2025-06-19T17:16:13.092282" level="INFO">${name_product} = Teclado Mecânico</msg>
<var>${name_product}</var>
<arg>random.choice(["Camisa Tech", "Fone Gamer", "Notebook X1", "Cadeira Ergonômica", "Mouse RGB", "Teclado Mecânico", "Monitor UltraWide", "Hub USB-C", "Smartwatch Fit", "Echo Bass", "Carregador Turbo", "Luminária LED", "HD Externo", "Webcam Full HD"])</arg>
<arg>modules=random</arg>
<doc>Evaluates the given expression in Python and returns the result.</doc>
<status status="PASS" start="2025-06-19T17:16:13.091993" elapsed="0.000329"/>
</kw>
<kw name="Generate Random String" owner="String">
<msg time="2025-06-19T17:16:13.092760" level="INFO">${number} = 404</msg>
<var>${number}</var>
<arg>3</arg>
<arg>[NUMBERS]</arg>
<doc>Generates a string with a desired ``length`` from the given ``chars``.</doc>
<status status="PASS" start="2025-06-19T17:16:13.092481" elapsed="0.000301"/>
</kw>
<kw name="Set Variable" owner="BuiltIn">
<msg time="2025-06-19T17:16:13.092997" level="INFO">${s_NAME_PRODUCT} = Teclado Mecânico404</msg>
<var>${s_NAME_PRODUCT}</var>
<arg>${name_product}${number}</arg>
<doc>Returns the given values which can then be assigned to a variables.</doc>
<status status="PASS" start="2025-06-19T17:16:13.092876" elapsed="0.000140"/>
</kw>
<kw name="Evaluate" owner="BuiltIn">
<msg time="2025-06-19T17:16:13.093269" level="INFO">${description} =  Apoio lombar ajustável e reclinação 135</msg>
<var>${description}</var>
<arg>random.choice(["Tecido respirável com proteção UV, ideal para treinos","16GB RAM, SSD 512GB e tela Full HD"," Apoio lombar ajustável e reclinação 135","Mouse RGB DPI com software de personalização de macros"])</arg>
<arg>modules=random</arg>
<doc>Evaluates the given expression in Python and returns the result.</doc>
<status status="PASS" start="2025-06-19T17:16:13.093094" elapsed="0.000195"/>
</kw>
<kw name="Generate Random String" owner="String">
<msg time="2025-06-19T17:16:13.093506" level="INFO">${price} = 918</msg>
<var>${price}</var>
<arg>3</arg>
<arg>[NUMBERS]</arg>
<doc>Generates a string with a desired ``length`` from the given ``chars``.</doc>
<status status="PASS" start="2025-06-19T17:16:13.093373" elapsed="0.000150"/>
</kw>
<kw name="Generate Random String" owner="String">
<msg time="2025-06-19T17:16:13.093722" level="INFO">${quantity} = 6421</msg>
<var>${quantity}</var>
<arg>4</arg>
<arg>[NUMBERS]</arg>
<doc>Generates a string with a desired ``length`` from the given ``chars``.</doc>
<status status="PASS" start="2025-06-19T17:16:13.093603" elapsed="0.000139"/>
</kw>
<kw name="Set Global Variable" owner="BuiltIn">
<msg time="2025-06-19T17:16:13.094108" level="INFO">${g_PRODUCT} = Teclado Mecânico404</msg>
<arg>${g_PRODUCT}</arg>
<arg>${s_NAME_PRODUCT}</arg>
<doc>Makes a variable available globally in all tests and suites.</doc>
<status status="PASS" start="2025-06-19T17:16:13.093832" elapsed="0.000681"/>
</kw>
<kw name="Set Global Variable" owner="BuiltIn">
<msg time="2025-06-19T17:16:13.094982" level="INFO">${g_DESCRIPTION} =  Apoio lombar ajustável e reclinação 135</msg>
<arg>${g_DESCRIPTION}</arg>
<arg>${description}</arg>
<doc>Makes a variable available globally in all tests and suites.</doc>
<status status="PASS" start="2025-06-19T17:16:13.094696" elapsed="0.000347"/>
</kw>
<kw name="Set Global Variable" owner="BuiltIn">
<msg time="2025-06-19T17:16:13.095355" level="INFO">${g_PRICE} = 918</msg>
<arg>${g_PRICE}</arg>
<arg>${price}</arg>
<doc>Makes a variable available globally in all tests and suites.</doc>
<status status="PASS" start="2025-06-19T17:16:13.095189" elapsed="0.000197"/>
</kw>
<kw name="Set Global Variable" owner="BuiltIn">
<msg time="2025-06-19T17:16:13.095621" level="INFO">${g_QUANTITY} = 6421</msg>
<arg>${g_QUANTITY}</arg>
<arg>${quantity}</arg>
<doc>Makes a variable available globally in all tests and suites.</doc>
<status status="PASS" start="2025-06-19T17:16:13.095474" elapsed="0.000175"/>
</kw>
<status status="PASS" start="2025-06-19T17:16:13.081501" elapsed="0.014281"/>
</kw>
<kw name="Create Dictionary" owner="BuiltIn">
<msg time="2025-06-19T17:16:13.096764" level="INFO">${body} = {'nome': 'Teclado Mecânico404', 'preco': '918', 'descricao': ' Apoio lombar ajustável e reclinação 135', 'quantidade': '3'}</msg>
<var>${body}</var>
<arg>nome=${g_PRODUCT}</arg>
<arg>preco=${g_PRICE}</arg>
<arg>descricao=${g_DESCRIPTION}</arg>
<arg>quantidade=${s_QUANTITY}</arg>
<doc>Creates and returns a dictionary based on the given ``items``.</doc>
<status status="PASS" start="2025-06-19T17:16:13.096008" elapsed="0.000807"/>
</kw>
<return>
<value>${body}</value>
<status status="PASS" start="2025-06-19T17:16:13.097002" elapsed="0.000297"/>
</return>
<msg time="2025-06-19T17:16:13.097566" level="INFO">${body_1} = {'nome': 'Teclado Mecânico404', 'preco': '918', 'descricao': ' Apoio lombar ajustável e reclinação 135', 'quantidade': '3'}</msg>
<var>${body_1}</var>
<status status="PASS" start="2025-06-19T17:16:13.080388" elapsed="0.017214"/>
</kw>
<kw name="POST On Session" owner="RequestsLibrary">
<msg time="2025-06-19T17:16:13.276068" level="INFO">POST Request : url=https://serverest.dev/produtos 
 path_url=/produtos 
 headers={'User-Agent': 'python-requests/2.32.4', 'Accept-Encoding': 'gzip, deflate', 'Accept': '*/*', 'Connection': 'keep-alive', 'Authorization': 'Bearer eyJhbGciOiJIUzI1NiIsInR5cCI6IkpXVCJ9.eyJlbWFpbCI6ImZ1bGFub0BxYS5jb20iLCJwYXNzd29yZCI6InRlc3RlIiwiaWF0IjoxNzUwMzY0MTcyLCJleHAiOjE3NTAzNjQ3NzJ9.sLS646NgGuWpnpEktypi3PG_EOCONVAx2FoCfMKkLaQ', 'Content-Length': '143', 'Content-Type': 'application/json'} 
 body=b'{"nome": "Teclado Mec\\u00e2nico404", "preco": "918", "descricao": " Apoio lombar ajust\\u00e1vel e reclina\\u00e7\\u00e3o 135", "quantidade": "3"}' 
 </msg>
<msg time="2025-06-19T17:16:13.276307" level="INFO">POST Response : url=https://serverest.dev/produtos 
 status=201, reason=Created 
 headers={'access-control-allow-origin': '*', 'x-dns-prefetch-control': 'off', 'x-frame-options': 'SAMEORIGIN', 'strict-transport-security': 'max-age=15552000; includeSubDomains', 'x-download-options': 'noopen', 'x-content-type-options': 'nosniff', 'x-xss-protection': '1; mode=block', 'content-type': 'application/json; charset=utf-8', 'x-cloud-trace-context': '69c1fc53fb90d294d81ab8726f72e3eb', 'date': 'Thu, 19 Jun 2025 20:16:13 GMT', 'server': 'Google Frontend', 'Content-Length': '82'} 
 body={
    "message": "Cadastro realizado com sucesso",
    "_id": "zv0VvZSKmNFVC9WK"
} 
 </msg>
<msg time="2025-06-19T17:16:13.276446" level="INFO">/home/sami/ecommerce-api-and-web-robotframework/tests/venv/lib/python3.13/site-packages/urllib3/connectionpool.py:1097: InsecureRequestWarning: Unverified HTTPS request is being made to host 'serverest.dev'. Adding certificate verification is strongly advised. See: https://urllib3.readthedocs.io/en/latest/advanced-usage.html#tls-warnings
  warnings.warn(</msg>
<msg time="2025-06-19T17:16:13.276760" level="INFO">${response} = &lt;Response [201]&gt;</msg>
<var>${response}</var>
<arg>session</arg>
<arg>url=${g_ENV['server_back']}${g_ENV['endpoint_product']}</arg>
<arg>json=${body_1}</arg>
<arg>headers=${s_HEADERS_AUTH_USER}</arg>
<doc>Sends a POST request on a previously created HTTP Session.</doc>
<status status="PASS" start="2025-06-19T17:16:13.097970" elapsed="0.178861"/>
</kw>
<kw name="Set Suite Variable" owner="BuiltIn">
<msg time="2025-06-19T17:16:13.280169" level="INFO">${id_product_1} = zv0VvZSKmNFVC9WK</msg>
<arg>${id_product_1}</arg>
<arg>${response.json()['_id']}</arg>
<doc>Makes a variable available everywhere within the scope of the current suite.</doc>
<status status="PASS" start="2025-06-19T17:16:13.277373" elapsed="0.002934"/>
</kw>
<kw name="Body Product Carts" owner="product_body">
<kw name="Serverest Values" owner="keywords_serverest">
<kw name="Evaluate" owner="BuiltIn">
<msg time="2025-06-19T17:16:13.282686" level="INFO">${name} = Lara</msg>
<var>${name}</var>
<arg>random.choice(["Lara", "Lana", "Kaira", "Karol", "Juliana", "Vircine", "Viviene", "Vivian", "Sami", "Samilly", "Samara", "Samira", "Luiza", "Luzia"])</arg>
<arg>modules=random</arg>
<doc>Evaluates the given expression in Python and returns the result.</doc>
<status status="PASS" start="2025-06-19T17:16:13.282099" elapsed="0.000656"/>
</kw>
<kw name="Evaluate" owner="BuiltIn">
<msg time="2025-06-19T17:16:13.283907" level="INFO">${surname} = Alves</msg>
<var>${surname}</var>
<arg>random.choice(["Santos", "Silva", "Stiti", "Lucena", "Silveira", "Oliveira", "Laradina", "Winked", "Sousa", "Souza", "Alves", "Gomes", "Carneiro", "Santana"])</arg>
<arg>modules=random</arg>
<doc>Evaluates the given expression in Python and returns the result.</doc>
<status status="PASS" start="2025-06-19T17:16:13.283134" elapsed="0.000853"/>
</kw>
<kw name="Catenate" owner="BuiltIn">
<msg time="2025-06-19T17:16:13.284702" level="INFO">${s_FULLNAME} = Lara Alves</msg>
<var>${s_FULLNAME}</var>
<arg>${name} ${surname}</arg>
<doc>Catenates the given items together and returns the resulted string.</doc>
<status status="PASS" start="2025-06-19T17:16:13.284312" elapsed="0.000450"/>
</kw>
<kw name="Set Suite Variable" owner="BuiltIn">
<msg time="2025-06-19T17:16:13.285417" level="INFO">${s_FULLNAME} = Lara Alves</msg>
<arg>${s_FULLNAME}</arg>
<doc>Makes a variable available everywhere within the scope of the current suite.</doc>
<status status="PASS" start="2025-06-19T17:16:13.285047" elapsed="0.000461"/>
</kw>
<kw name="Generate Random String" owner="String">
<msg time="2025-06-19T17:16:13.286209" level="INFO">${number} = 249</msg>
<var>${number}</var>
<arg>3</arg>
<arg>[NUMBERS]</arg>
<doc>Generates a string with a desired ``length`` from the given ``chars``.</doc>
<status status="PASS" start="2025-06-19T17:16:13.285766" elapsed="0.000516"/>
</kw>
<kw name="Set Variable" owner="BuiltIn">
<msg time="2025-06-19T17:16:13.286946" level="INFO">${email} = Lara_Alves_249@hotmail.com</msg>
<var>${email}</var>
<arg>${name}_${surname}_${number}@hotmail.com</arg>
<doc>Returns the given values which can then be assigned to a variables.</doc>
<status status="PASS" start="2025-06-19T17:16:13.286555" elapsed="0.000452"/>
</kw>
<kw name="Set Global Variable" owner="BuiltIn">
<msg time="2025-06-19T17:16:13.287763" level="INFO">${g_FULLNAME} = Lara Alves</msg>
<arg>${g_FULLNAME}</arg>
<arg>${s_FULLNAME}</arg>
<doc>Makes a variable available globally in all tests and suites.</doc>
<status status="PASS" start="2025-06-19T17:16:13.287294" elapsed="0.000559"/>
</kw>
<kw name="Set Global Variable" owner="BuiltIn">
<msg time="2025-06-19T17:16:13.288531" level="INFO">${g_EMAIL} = Lara_Alves_249@hotmail.com</msg>
<arg>${g_EMAIL}</arg>
<arg>${email}</arg>
<doc>Makes a variable available globally in all tests and suites.</doc>
<status status="PASS" start="2025-06-19T17:16:13.288108" elapsed="0.000502"/>
</kw>
<kw name="Set Suite Variable" owner="BuiltIn">
<msg time="2025-06-19T17:16:13.289146" level="INFO">${administrador} = true</msg>
<arg>${administrador}</arg>
<arg>true</arg>
<doc>Makes a variable available everywhere within the scope of the current suite.</doc>
<status status="PASS" start="2025-06-19T17:16:13.288857" elapsed="0.000552"/>
</kw>
<kw name="Set Global Variable" owner="BuiltIn">
<msg time="2025-06-19T17:16:13.290100" level="INFO">${g_ADMIN} = true</msg>
<arg>${g_ADMIN}</arg>
<arg>${administrador}</arg>
<doc>Makes a variable available globally in all tests and suites.</doc>
<status status="PASS" start="2025-06-19T17:16:13.289681" elapsed="0.000499"/>
</kw>
<kw name="Generate Random String" owner="String">
<msg time="2025-06-19T17:16:13.290863" level="INFO">${number} = 601</msg>
<var>${number}</var>
<arg>3</arg>
<arg>[NUMBERS]</arg>
<doc>Generates a string with a desired ``length`` from the given ``chars``.</doc>
<status status="PASS" start="2025-06-19T17:16:13.290445" elapsed="0.000473"/>
</kw>
<kw name="Generate Random String" owner="String">
<msg time="2025-06-19T17:16:13.291481" level="INFO">${letters} = ERu</msg>
<var>${letters}</var>
<arg>3</arg>
<arg>[LETTERS]</arg>
<doc>Generates a string with a desired ``length`` from the given ``chars``.</doc>
<status status="PASS" start="2025-06-19T17:16:13.291166" elapsed="0.000357"/>
</kw>
<kw name="Set Variable" owner="BuiltIn">
<msg time="2025-06-19T17:16:13.292004" level="INFO">${password_admin} = 601#ERu</msg>
<var>${password_admin}</var>
<arg>${number}#${letters}</arg>
<doc>Returns the given values which can then be assigned to a variables.</doc>
<status status="PASS" start="2025-06-19T17:16:13.291712" elapsed="0.000335"/>
</kw>
<kw name="Set Global Variable" owner="BuiltIn">
<msg time="2025-06-19T17:16:13.292570" level="INFO">${g_PASSWORD} = 601#ERu</msg>
<arg>${g_PASSWORD}</arg>
<arg>${password_admin}</arg>
<doc>Makes a variable available globally in all tests and suites.</doc>
<status status="PASS" start="2025-06-19T17:16:13.292237" elapsed="0.000397"/>
</kw>
<kw name="Evaluate" owner="BuiltIn">
<msg time="2025-06-19T17:16:13.293207" level="INFO">${name_product} = Smartwatch Fit</msg>
<var>${name_product}</var>
<arg>random.choice(["Camisa Tech", "Fone Gamer", "Notebook X1", "Cadeira Ergonômica", "Mouse RGB", "Teclado Mecânico", "Monitor UltraWide", "Hub USB-C", "Smartwatch Fit", "Echo Bass", "Carregador Turbo", "Luminária LED", "HD Externo", "Webcam Full HD"])</arg>
<arg>modules=random</arg>
<doc>Evaluates the given expression in Python and returns the result.</doc>
<status status="PASS" start="2025-06-19T17:16:13.292814" elapsed="0.000458"/>
</kw>
<kw name="Generate Random String" owner="String">
<msg time="2025-06-19T17:16:13.294018" level="INFO">${number} = 314</msg>
<var>${number}</var>
<arg>3</arg>
<arg>[NUMBERS]</arg>
<doc>Generates a string with a desired ``length`` from the given ``chars``.</doc>
<status status="PASS" start="2025-06-19T17:16:13.293561" elapsed="0.000528"/>
</kw>
<kw name="Set Variable" owner="BuiltIn">
<msg time="2025-06-19T17:16:13.294599" level="INFO">${s_NAME_PRODUCT} = Smartwatch Fit314</msg>
<var>${s_NAME_PRODUCT}</var>
<arg>${name_product}${number}</arg>
<doc>Returns the given values which can then be assigned to a variables.</doc>
<status status="PASS" start="2025-06-19T17:16:13.294371" elapsed="0.000256"/>
</kw>
<kw name="Evaluate" owner="BuiltIn">
<msg time="2025-06-19T17:16:13.295465" level="INFO">${description} = 16GB RAM, SSD 512GB e tela Full HD</msg>
<var>${description}</var>
<arg>random.choice(["Tecido respirável com proteção UV, ideal para treinos","16GB RAM, SSD 512GB e tela Full HD"," Apoio lombar ajustável e reclinação 135","Mouse RGB DPI com software de personalização de macros"])</arg>
<arg>modules=random</arg>
<doc>Evaluates the given expression in Python and returns the result.</doc>
<status status="PASS" start="2025-06-19T17:16:13.294787" elapsed="0.000736"/>
</kw>
<kw name="Generate Random String" owner="String">
<msg time="2025-06-19T17:16:13.296411" level="INFO">${price} = 893</msg>
<var>${price}</var>
<arg>3</arg>
<arg>[NUMBERS]</arg>
<doc>Generates a string with a desired ``length`` from the given ``chars``.</doc>
<status status="PASS" start="2025-06-19T17:16:13.295811" elapsed="0.000657"/>
</kw>
<kw name="Generate Random String" owner="String">
<msg time="2025-06-19T17:16:13.297215" level="INFO">${quantity} = 3024</msg>
<var>${quantity}</var>
<arg>4</arg>
<arg>[NUMBERS]</arg>
<doc>Generates a string with a desired ``length`` from the given ``chars``.</doc>
<status status="PASS" start="2025-06-19T17:16:13.296739" elapsed="0.000527"/>
</kw>
<kw name="Set Global Variable" owner="BuiltIn">
<msg time="2025-06-19T17:16:13.298019" level="INFO">${g_PRODUCT} = Smartwatch Fit314</msg>
<arg>${g_PRODUCT}</arg>
<arg>${s_NAME_PRODUCT}</arg>
<doc>Makes a variable available globally in all tests and suites.</doc>
<status status="PASS" start="2025-06-19T17:16:13.297509" elapsed="0.000597"/>
</kw>
<kw name="Set Global Variable" owner="BuiltIn">
<msg time="2025-06-19T17:16:13.298808" level="INFO">${g_DESCRIPTION} = 16GB RAM, SSD 512GB e tela Full HD</msg>
<arg>${g_DESCRIPTION}</arg>
<arg>${description}</arg>
<doc>Makes a variable available globally in all tests and suites.</doc>
<status status="PASS" start="2025-06-19T17:16:13.298335" elapsed="0.000547"/>
</kw>
<kw name="Set Global Variable" owner="BuiltIn">
<msg time="2025-06-19T17:16:13.299426" level="INFO">${g_PRICE} = 893</msg>
<arg>${g_PRICE}</arg>
<arg>${price}</arg>
<doc>Makes a variable available globally in all tests and suites.</doc>
<status status="PASS" start="2025-06-19T17:16:13.299072" elapsed="0.000445"/>
</kw>
<kw name="Set Global Variable" owner="BuiltIn">
<msg time="2025-06-19T17:16:13.300073" level="INFO">${g_QUANTITY} = 3024</msg>
<arg>${g_QUANTITY}</arg>
<arg>${quantity}</arg>
<doc>Makes a variable available globally in all tests and suites.</doc>
<status status="PASS" start="2025-06-19T17:16:13.299736" elapsed="0.000397"/>
</kw>
<status status="PASS" start="2025-06-19T17:16:13.281593" elapsed="0.018799"/>
</kw>
<kw name="Create Dictionary" owner="BuiltIn">
<msg time="2025-06-19T17:16:13.301284" level="INFO">${body} = {'nome': 'Smartwatch Fit314', 'preco': '893', 'descricao': '16GB RAM, SSD 512GB e tela Full HD', 'quantidade': '3'}</msg>
<var>${body}</var>
<arg>nome=${g_PRODUCT}</arg>
<arg>preco=${g_PRICE}</arg>
<arg>descricao=${g_DESCRIPTION}</arg>
<arg>quantidade=${s_QUANTITY}</arg>
<doc>Creates and returns a dictionary based on the given ``items``.</doc>
<status status="PASS" start="2025-06-19T17:16:13.300668" elapsed="0.000651"/>
</kw>
<return>
<value>${body}</value>
<status status="PASS" start="2025-06-19T17:16:13.301409" elapsed="0.000117"/>
</return>
<msg time="2025-06-19T17:16:13.301784" level="INFO">${body_2} = {'nome': 'Smartwatch Fit314', 'preco': '893', 'descricao': '16GB RAM, SSD 512GB e tela Full HD', 'quantidade': '3'}</msg>
<var>${body_2}</var>
<status status="PASS" start="2025-06-19T17:16:13.280809" elapsed="0.021010"/>
</kw>
<kw name="POST On Session" owner="RequestsLibrary">
<msg time="2025-06-19T17:16:13.481076" level="INFO">POST Request : url=https://serverest.dev/produtos 
 path_url=/produtos 
 headers={'User-Agent': 'python-requests/2.32.4', 'Accept-Encoding': 'gzip, deflate', 'Accept': '*/*', 'Connection': 'keep-alive', 'Authorization': 'Bearer eyJhbGciOiJIUzI1NiIsInR5cCI6IkpXVCJ9.eyJlbWFpbCI6ImZ1bGFub0BxYS5jb20iLCJwYXNzd29yZCI6InRlc3RlIiwiaWF0IjoxNzUwMzY0MTcyLCJleHAiOjE3NTAzNjQ3NzJ9.sLS646NgGuWpnpEktypi3PG_EOCONVAx2FoCfMKkLaQ', 'Content-Length': '115', 'Content-Type': 'application/json'} 
 body=b'{"nome": "Smartwatch Fit314", "preco": "893", "descricao": "16GB RAM, SSD 512GB e tela Full HD", "quantidade": "3"}' 
 </msg>
<msg time="2025-06-19T17:16:13.481294" level="INFO">POST Response : url=https://serverest.dev/produtos 
 status=201, reason=Created 
 headers={'access-control-allow-origin': '*', 'x-dns-prefetch-control': 'off', 'x-frame-options': 'SAMEORIGIN', 'strict-transport-security': 'max-age=15552000; includeSubDomains', 'x-download-options': 'noopen', 'x-content-type-options': 'nosniff', 'x-xss-protection': '1; mode=block', 'content-type': 'application/json; charset=utf-8', 'x-cloud-trace-context': 'b5ce4006059de2cdd81ab8726f72ecbd', 'date': 'Thu, 19 Jun 2025 20:16:13 GMT', 'server': 'Google Frontend', 'Content-Length': '82'} 
 body={
    "message": "Cadastro realizado com sucesso",
    "_id": "tq1BPutFThXqyGaI"
} 
 </msg>
<msg time="2025-06-19T17:16:13.481534" level="INFO">/home/sami/ecommerce-api-and-web-robotframework/tests/venv/lib/python3.13/site-packages/urllib3/connectionpool.py:1097: InsecureRequestWarning: Unverified HTTPS request is being made to host 'serverest.dev'. Adding certificate verification is strongly advised. See: https://urllib3.readthedocs.io/en/latest/advanced-usage.html#tls-warnings
  warnings.warn(</msg>
<msg time="2025-06-19T17:16:13.481847" level="INFO">${response} = &lt;Response [201]&gt;</msg>
<var>${response}</var>
<arg>session</arg>
<arg>url=${g_ENV['server_back']}${g_ENV['endpoint_product']}</arg>
<arg>json=${body_2}</arg>
<arg>headers=${s_HEADERS_AUTH_USER}</arg>
<doc>Sends a POST request on a previously created HTTP Session.</doc>
<status status="PASS" start="2025-06-19T17:16:13.302268" elapsed="0.179674"/>
</kw>
<kw name="Set Suite Variable" owner="BuiltIn">
<msg time="2025-06-19T17:16:13.485338" level="INFO">${id_product_2} = tq1BPutFThXqyGaI</msg>
<arg>${id_product_2}</arg>
<arg>${response.json()['_id']}</arg>
<doc>Makes a variable available everywhere within the scope of the current suite.</doc>
<status status="PASS" start="2025-06-19T17:16:13.482554" elapsed="0.002919"/>
</kw>
<kw name="Create Carts Body" owner="carts_body">
<kw name="Create Dictionary" owner="BuiltIn">
<msg time="2025-06-19T17:16:13.487867" level="INFO">${item_produto_1} = {'idProduto': 'zv0VvZSKmNFVC9WK', 'quantidade': '3'}</msg>
<var>${item_produto_1}</var>
<arg>idProduto=${id_produto_1}</arg>
<arg>quantidade=${quantidade_1}</arg>
<doc>Creates and returns a dictionary based on the given ``items``.</doc>
<status status="PASS" start="2025-06-19T17:16:13.487066" elapsed="0.000909"/>
</kw>
<kw name="Create Dictionary" owner="BuiltIn">
<msg time="2025-06-19T17:16:13.488847" level="INFO">${item_produto_2} = {'idProduto': 'tq1BPutFThXqyGaI', 'quantidade': '3'}</msg>
<var>${item_produto_2}</var>
<arg>idProduto=${id_produto_2}</arg>
<arg>quantidade=${quantidade_2}</arg>
<doc>Creates and returns a dictionary based on the given ``items``.</doc>
<status status="PASS" start="2025-06-19T17:16:13.488327" elapsed="0.000577"/>
</kw>
<kw name="Create List" owner="BuiltIn">
<msg time="2025-06-19T17:16:13.489658" level="INFO">${lista_de_produtos} = [{'idProduto': 'zv0VvZSKmNFVC9WK', 'quantidade': '3'}, {'idProduto': 'tq1BPutFThXqyGaI', 'quantidade': '3'}]</msg>
<var>${lista_de_produtos}</var>
<arg>${item_produto_1}</arg>
<arg>${item_produto_2}</arg>
<doc>Returns a list containing given items.</doc>
<status status="PASS" start="2025-06-19T17:16:13.489212" elapsed="0.000506"/>
</kw>
<kw name="Create Dictionary" owner="BuiltIn">
<msg time="2025-06-19T17:16:13.490415" level="INFO">${body} = {'produtos': [{'idProduto': 'zv0VvZSKmNFVC9WK', 'quantidade': '3'}, {'idProduto': 'tq1BPutFThXqyGaI', 'quantidade': '3'}]}</msg>
<var>${body}</var>
<arg>produtos=${lista_de_produtos}</arg>
<doc>Creates and returns a dictionary based on the given ``items``.</doc>
<status status="PASS" start="2025-06-19T17:16:13.489987" elapsed="0.000485"/>
</kw>
<return>
<value>${body}</value>
<status status="PASS" start="2025-06-19T17:16:13.490590" elapsed="0.000094"/>
</return>
<msg time="2025-06-19T17:16:13.490981" level="INFO">${carts_body} = {'produtos': [{'idProduto': 'zv0VvZSKmNFVC9WK', 'quantidade': '3'}, {'idProduto': 'tq1BPutFThXqyGaI', 'quantidade': '3'}]}</msg>
<var>${carts_body}</var>
<arg>${id_product_1}</arg>
<arg>${s_QUANTITY}</arg>
<arg>${id_product_2}</arg>
<arg>${s_QUANTITY}</arg>
<status status="PASS" start="2025-06-19T17:16:13.486139" elapsed="0.004901"/>
</kw>
<kw name="POST On Session" owner="RequestsLibrary">
<msg time="2025-06-19T17:16:13.685331" level="INFO">POST Request : url=https://serverest.dev/carrinhos 
 path_url=/carrinhos 
 headers={'User-Agent': 'python-requests/2.32.4', 'Accept-Encoding': 'gzip, deflate', 'Accept': '*/*', 'Connection': 'keep-alive', 'Authorization': 'Bearer eyJhbGciOiJIUzI1NiIsInR5cCI6IkpXVCJ9.eyJlbWFpbCI6ImZ1bGFub0BxYS5jb20iLCJwYXNzd29yZCI6InRlc3RlIiwiaWF0IjoxNzUwMzY0MTcyLCJleHAiOjE3NTAzNjQ3NzJ9.sLS646NgGuWpnpEktypi3PG_EOCONVAx2FoCfMKkLaQ', 'Content-Length': '122', 'Content-Type': 'application/json'} 
 body=b'{"produtos": [{"idProduto": "zv0VvZSKmNFVC9WK", "quantidade": "3"}, {"idProduto": "tq1BPutFThXqyGaI", "quantidade": "3"}]}' 
 </msg>
<msg time="2025-06-19T17:16:13.685547" level="INFO">POST Response : url=https://serverest.dev/carrinhos 
 status=201, reason=Created 
 headers={'access-control-allow-origin': '*', 'x-dns-prefetch-control': 'off', 'x-frame-options': 'SAMEORIGIN', 'strict-transport-security': 'max-age=15552000; includeSubDomains', 'x-download-options': 'noopen', 'x-content-type-options': 'nosniff', 'x-xss-protection': '1; mode=block', 'content-type': 'application/json; charset=utf-8', 'x-cloud-trace-context': 'fdb7fc2e177f4b0dd81ab8726f72eea8', 'date': 'Thu, 19 Jun 2025 20:16:13 GMT', 'server': 'Google Frontend', 'Content-Length': '82'} 
 body={
    "message": "Cadastro realizado com sucesso",
    "_id": "tJJJIjMDuHPH6uMg"
} 
 </msg>
<msg time="2025-06-19T17:16:13.685686" level="INFO">/home/sami/ecommerce-api-and-web-robotframework/tests/venv/lib/python3.13/site-packages/urllib3/connectionpool.py:1097: InsecureRequestWarning: Unverified HTTPS request is being made to host 'serverest.dev'. Adding certificate verification is strongly advised. See: https://urllib3.readthedocs.io/en/latest/advanced-usage.html#tls-warnings
  warnings.warn(</msg>
<msg time="2025-06-19T17:16:13.686028" level="INFO">${response} = &lt;Response [201]&gt;</msg>
<var>${response}</var>
<arg>session</arg>
<arg>url=${g_ENV['server_back']}${g_ENV['endpoint_carts']}</arg>
<arg>json=${carts_body}</arg>
<arg>headers=${s_HEADERS_AUTH_USER}</arg>
<doc>Sends a POST request on a previously created HTTP Session.</doc>
<status status="PASS" start="2025-06-19T17:16:13.491468" elapsed="0.194631"/>
</kw>
<kw name="Status Should Be" owner="RequestsLibrary">
<arg>201</arg>
<arg>${response}</arg>
<doc>Fails if response status code is different than the expected.</doc>
<status status="PASS" start="2025-06-19T17:16:13.686646" elapsed="0.000586"/>
</kw>
<kw name="GET On Session" owner="RequestsLibrary">
<msg time="2025-06-19T17:16:13.902010" level="INFO">GET Request : url=https://serverest.dev/carrinhos 
 path_url=/carrinhos 
 headers={'User-Agent': 'python-requests/2.32.4', 'Accept-Encoding': 'gzip, deflate', 'Accept': '*/*', 'Connection': 'keep-alive', 'Authorization': 'Bearer eyJhbGciOiJIUzI1NiIsInR5cCI6IkpXVCJ9.eyJlbWFpbCI6ImZ1bGFub0BxYS5jb20iLCJwYXNzd29yZCI6InRlc3RlIiwiaWF0IjoxNzUwMzY0MTcyLCJleHAiOjE3NTAzNjQ3NzJ9.sLS646NgGuWpnpEktypi3PG_EOCONVAx2FoCfMKkLaQ'} 
 body=None 
 </msg>
<msg time="2025-06-19T17:16:13.902232" level="INFO">GET Response : url=https://serverest.dev/carrinhos 
 status=200, reason=OK 
 headers={'access-control-allow-origin': '*', 'x-dns-prefetch-control': 'off', 'x-frame-options': 'SAMEORIGIN', 'strict-transport-security': 'max-age=15552000; includeSubDomains', 'x-download-options': 'noopen', 'x-content-type-options': 'nosniff', 'x-xss-protection': '1; mode=block', 'content-type': 'application/json; charset=utf-8', 'x-cloud-trace-context': 'd28b59920caf4a01d81ab8726f72eaeb', 'date': 'Thu, 19 Jun 2025 20:16:13 GMT', 'server': 'Google Frontend', 'Content-Length': '2493'} 
 body={
    "quantidade": 6,
    "carrinhos": [
        {
            "produtos": [
                {
                    "idProduto": "fRvuXirC8knTzPBr",
                    "quantidade": 5,
                    "precoUnitario": 100
                }
            ],
            "precoTotal": 500,
            "quantidadeTotal": 5,
            "idUsuario": "UYqOPqggHy5ni5K7",
            "_id": "1q6JzVQoaiZf9kou"
        },
        {
            "produtos": [
                {
                    "idProduto": "5Lbt8zSVILzyJaZB",
                    "quantidade": 5,
                    "precoUnitario": 100
                }
            ],
            "precoTotal": 500,
            "quantidadeTotal": 5,
            "idUsuario": "i7boUKo9LNMnWoBm",
            "_id": "acve02B8lMfWMR2Z"
        },
        {
            "produtos": [
                {
                    "idProduto": "DbW1nZs3cpfmNQXH",
                    "quantidade": 5,
                    "precoUnitario": 100
                }
            ],
            "precoTotal": 500,
            "quantidadeTotal": 5,
            "idUsuario": "ZN69gJpZwdkk8c4J",
            "_id": "jr544yEhKf8uEKWt"
        },
        {
            "produtos": [
                {
                    "idProduto": "gwtEbKyo1rB66tgZ",
                    "quantidade": 100,
                    "precoUnitario": 100
                }
            ],
            "precoTotal": 10000,
            "quantidadeTotal": 100,
            "idUsuario": "PCl4NzNAAigcnacd",
            "_id": "nCnouyHEdfAU0GDt"
        },
        {
            "produtos": [
                {
                    "idProduto": "vSsey6FrXMW0PG5w",
                    "quantidade": 5,
                    "precoUnitario": 100
                }
            ],
            "precoTotal": 500,
            "quantidadeTotal": 5,
            "idUsuario": "kFmMq98Ka9xUnvPa",
            "_id": "roHqikUEHbXyDNAg"
        },
        {
            "produtos": [
                {
                    "idProduto": "zv0VvZSKmNFVC9WK",
                    "quantidade": "3",
                    "precoUnitario": 918
                },
                {
                    "idProduto": "tq1BPutFThXqyGaI",
                    "quantidade": "3",
                    "precoUnitario": 893
                }
            ],
            "precoTotal": 5433,
            "quantidadeTotal": "033",
            "idUsuario": "xCZX3FGPcQN61TyD",
            "_id": "tJJJIjMDuHPH6uMg"
        }
    ]
} 
 </msg>
<msg time="2025-06-19T17:16:13.902526" level="INFO">/home/sami/ecommerce-api-and-web-robotframework/tests/venv/lib/python3.13/site-packages/urllib3/connectionpool.py:1097: InsecureRequestWarning: Unverified HTTPS request is being made to host 'serverest.dev'. Adding certificate verification is strongly advised. See: https://urllib3.readthedocs.io/en/latest/advanced-usage.html#tls-warnings
  warnings.warn(</msg>
<msg time="2025-06-19T17:16:13.902858" level="INFO">${response} = &lt;Response [200]&gt;</msg>
<var>${response}</var>
<arg>session</arg>
<arg>url=${g_ENV['server_back']}${g_ENV['endpoint_carts']}</arg>
<arg>headers=${s_HEADERS_AUTH_USER}</arg>
<doc>Sends a GET request on a previously created HTTP Session.</doc>
<status status="PASS" start="2025-06-19T17:16:13.687788" elapsed="0.215142"/>
</kw>
<kw name="Status Should Be" owner="RequestsLibrary">
<arg>200</arg>
<arg>${response}</arg>
<doc>Fails if response status code is different than the expected.</doc>
<status status="PASS" start="2025-06-19T17:16:13.903449" elapsed="0.000504"/>
</kw>
<kw name="Dictionary Should Contain Key" owner="Collections">
<arg>${response.json()}</arg>
<arg>carrinhos</arg>
<doc>Fails if ``key`` is not found from ``dictionary``.</doc>
<status status="PASS" start="2025-06-19T17:16:13.904361" elapsed="0.001423"/>
</kw>
<kw name="Dictionary Should Contain Key" owner="Collections">
<arg>${response.json()['carrinhos'][0]}</arg>
<arg>produtos</arg>
<doc>Fails if ``key`` is not found from ``dictionary``.</doc>
<status status="PASS" start="2025-06-19T17:16:13.906192" elapsed="0.001292"/>
</kw>
<kw name="Dictionary Should Contain Key" owner="Collections">
<arg>${response.json()['carrinhos'][0]['produtos'][0]}</arg>
<arg>idProduto</arg>
<doc>Fails if ``key`` is not found from ``dictionary``.</doc>
<status status="PASS" start="2025-06-19T17:16:13.907927" elapsed="0.001497"/>
</kw>
<kw name="Dictionary Should Contain Key" owner="Collections">
<arg>${response.json()['carrinhos'][0]['produtos'][0]}</arg>
<arg>quantidade</arg>
<doc>Fails if ``key`` is not found from ``dictionary``.</doc>
<status status="PASS" start="2025-06-19T17:16:13.909970" elapsed="0.001936"/>
</kw>
<kw name="Dictionary Should Contain Key" owner="Collections">
<arg>${response.json()['carrinhos'][0]['produtos'][0]}</arg>
<arg>precoUnitario</arg>
<doc>Fails if ``key`` is not found from ``dictionary``.</doc>
<status status="PASS" start="2025-06-19T17:16:13.912543" elapsed="0.001776"/>
</kw>
<kw name="DELETE On Session" owner="RequestsLibrary">
<msg time="2025-06-19T17:16:14.114092" level="INFO">DELETE Request : url=https://serverest.dev/carrinhos/concluir-compra 
 path_url=/carrinhos/concluir-compra 
 headers={'User-Agent': 'python-requests/2.32.4', 'Accept-Encoding': 'gzip, deflate', 'Accept': '*/*', 'Connection': 'keep-alive', 'Authorization': 'Bearer eyJhbGciOiJIUzI1NiIsInR5cCI6IkpXVCJ9.eyJlbWFpbCI6ImZ1bGFub0BxYS5jb20iLCJwYXNzd29yZCI6InRlc3RlIiwiaWF0IjoxNzUwMzY0MTcyLCJleHAiOjE3NTAzNjQ3NzJ9.sLS646NgGuWpnpEktypi3PG_EOCONVAx2FoCfMKkLaQ', 'Content-Length': '0'} 
 body=None 
 </msg>
<msg time="2025-06-19T17:16:14.114314" level="INFO">DELETE Response : url=https://serverest.dev/carrinhos/concluir-compra 
 status=200, reason=OK 
 headers={'access-control-allow-origin': '*', 'x-dns-prefetch-control': 'off', 'x-frame-options': 'SAMEORIGIN', 'strict-transport-security': 'max-age=15552000; includeSubDomains', 'x-download-options': 'noopen', 'x-content-type-options': 'nosniff', 'x-xss-protection': '1; mode=block', 'content-type': 'application/json; charset=utf-8', 'x-cloud-trace-context': '0d41825d4f2bf3d0104f7353e3085053', 'date': 'Thu, 19 Jun 2025 20:16:14 GMT', 'server': 'Google Frontend', 'Content-Length': '51'} 
 body={
    "message": "Registro excluído com sucesso"
} 
 </msg>
<msg time="2025-06-19T17:16:14.114453" level="INFO">/home/sami/ecommerce-api-and-web-robotframework/tests/venv/lib/python3.13/site-packages/urllib3/connectionpool.py:1097: InsecureRequestWarning: Unverified HTTPS request is being made to host 'serverest.dev'. Adding certificate verification is strongly advised. See: https://urllib3.readthedocs.io/en/latest/advanced-usage.html#tls-warnings
  warnings.warn(</msg>
<arg>session</arg>
<arg>url=${g_ENV['server_back']}${g_ENV['endpoint_carts']}${g_ENV['endpoint_conclude']}</arg>
<arg>headers=${g_HEADERS_AUTH}</arg>
<doc>Sends a DELETE request on a previously created HTTP Session.</doc>
<status status="PASS" start="2025-06-19T17:16:13.914851" elapsed="0.199755"/>
</kw>
<kw name="DELETE On Session" owner="RequestsLibrary">
<msg time="2025-06-19T17:16:14.283428" level="INFO">DELETE Request : url=https://serverest.dev/produtos/zv0VvZSKmNFVC9WK 
 path_url=/produtos/zv0VvZSKmNFVC9WK 
 headers={'User-Agent': 'python-requests/2.32.4', 'Accept-Encoding': 'gzip, deflate', 'Accept': '*/*', 'Connection': 'keep-alive', 'Authorization': 'Bearer eyJhbGciOiJIUzI1NiIsInR5cCI6IkpXVCJ9.eyJlbWFpbCI6ImZ1bGFub0BxYS5jb20iLCJwYXNzd29yZCI6InRlc3RlIiwiaWF0IjoxNzUwMzY0MTcyLCJleHAiOjE3NTAzNjQ3NzJ9.sLS646NgGuWpnpEktypi3PG_EOCONVAx2FoCfMKkLaQ', 'Content-Length': '0'} 
 body=None 
 </msg>
<msg time="2025-06-19T17:16:14.283661" level="INFO">DELETE Response : url=https://serverest.dev/produtos/zv0VvZSKmNFVC9WK 
 status=200, reason=OK 
 headers={'access-control-allow-origin': '*', 'x-dns-prefetch-control': 'off', 'x-frame-options': 'SAMEORIGIN', 'strict-transport-security': 'max-age=15552000; includeSubDomains', 'x-download-options': 'noopen', 'x-content-type-options': 'nosniff', 'x-xss-protection': '1; mode=block', 'content-type': 'application/json; charset=utf-8', 'x-cloud-trace-context': '2847ca50a465cdd8104f7353e30856ae', 'date': 'Thu, 19 Jun 2025 20:16:14 GMT', 'server': 'Google Frontend', 'Content-Length': '51'} 
 body={
    "message": "Registro excluído com sucesso"
} 
 </msg>
<msg time="2025-06-19T17:16:14.283829" level="INFO">/home/sami/ecommerce-api-and-web-robotframework/tests/venv/lib/python3.13/site-packages/urllib3/connectionpool.py:1097: InsecureRequestWarning: Unverified HTTPS request is being made to host 'serverest.dev'. Adding certificate verification is strongly advised. See: https://urllib3.readthedocs.io/en/latest/advanced-usage.html#tls-warnings
  warnings.warn(</msg>
<arg>session</arg>
<arg>url=${g_ENV['server_back']}${g_ENV['endpoint_product']}/${id_product_1}</arg>
<arg>headers=${g_HEADERS_AUTH}</arg>
<doc>Sends a DELETE request on a previously created HTTP Session.</doc>
<status status="PASS" start="2025-06-19T17:16:14.115236" elapsed="0.168750"/>
</kw>
<kw name="DELETE On Session" owner="RequestsLibrary">
<msg time="2025-06-19T17:16:14.507043" level="INFO">DELETE Request : url=https://serverest.dev/produtos/tq1BPutFThXqyGaI 
 path_url=/produtos/tq1BPutFThXqyGaI 
 headers={'User-Agent': 'python-requests/2.32.4', 'Accept-Encoding': 'gzip, deflate', 'Accept': '*/*', 'Connection': 'keep-alive', 'Authorization': 'Bearer eyJhbGciOiJIUzI1NiIsInR5cCI6IkpXVCJ9.eyJlbWFpbCI6ImZ1bGFub0BxYS5jb20iLCJwYXNzd29yZCI6InRlc3RlIiwiaWF0IjoxNzUwMzY0MTcyLCJleHAiOjE3NTAzNjQ3NzJ9.sLS646NgGuWpnpEktypi3PG_EOCONVAx2FoCfMKkLaQ', 'Content-Length': '0'} 
 body=None 
 </msg>
<msg time="2025-06-19T17:16:14.507523" level="INFO">DELETE Response : url=https://serverest.dev/produtos/tq1BPutFThXqyGaI 
 status=200, reason=OK 
 headers={'access-control-allow-origin': '*', 'x-dns-prefetch-control': 'off', 'x-frame-options': 'SAMEORIGIN', 'strict-transport-security': 'max-age=15552000; includeSubDomains', 'x-download-options': 'noopen', 'x-content-type-options': 'nosniff', 'x-xss-protection': '1; mode=block', 'content-type': 'application/json; charset=utf-8', 'x-cloud-trace-context': '731dfe16808aeb29104f7353e3085e2f', 'date': 'Thu, 19 Jun 2025 20:16:14 GMT', 'server': 'Google Frontend', 'Content-Length': '51'} 
 body={
    "message": "Registro excluído com sucesso"
} 
 </msg>
<msg time="2025-06-19T17:16:14.507796" level="INFO">/home/sami/ecommerce-api-and-web-robotframework/tests/venv/lib/python3.13/site-packages/urllib3/connectionpool.py:1097: InsecureRequestWarning: Unverified HTTPS request is being made to host 'serverest.dev'. Adding certificate verification is strongly advised. See: https://urllib3.readthedocs.io/en/latest/advanced-usage.html#tls-warnings
  warnings.warn(</msg>
<arg>session</arg>
<arg>url=${g_ENV['server_back']}${g_ENV['endpoint_product']}/${id_product_2}</arg>
<arg>headers=${g_HEADERS_AUTH}</arg>
<doc>Sends a DELETE request on a previously created HTTP Session.</doc>
<status status="PASS" start="2025-06-19T17:16:14.284460" elapsed="0.224432"/>
</kw>
<kw name="DELETE On Session" owner="RequestsLibrary">
<msg time="2025-06-19T17:16:14.710298" level="INFO">DELETE Request : url=https://serverest.dev/usuarios/6qRS0oosJjo5w87T 
 path_url=/usuarios/6qRS0oosJjo5w87T 
 headers={'User-Agent': 'python-requests/2.32.4', 'Accept-Encoding': 'gzip, deflate', 'Accept': '*/*', 'Connection': 'keep-alive', 'Content-Length': '0'} 
 body=None 
 </msg>
<msg time="2025-06-19T17:16:14.710500" level="INFO">DELETE Response : url=https://serverest.dev/usuarios/6qRS0oosJjo5w87T 
 status=200, reason=OK 
 headers={'access-control-allow-origin': '*', 'x-dns-prefetch-control': 'off', 'x-frame-options': 'SAMEORIGIN', 'strict-transport-security': 'max-age=15552000; includeSubDomains', 'x-download-options': 'noopen', 'x-content-type-options': 'nosniff', 'x-xss-protection': '1; mode=block', 'content-type': 'application/json; charset=utf-8', 'x-cloud-trace-context': '67d243f7a198177a104f7353e3085f69', 'date': 'Thu, 19 Jun 2025 20:16:14 GMT', 'server': 'Google Frontend', 'Content-Length': '51'} 
 body={
    "message": "Registro excluído com sucesso"
} 
 </msg>
<msg time="2025-06-19T17:16:14.710665" level="INFO">/home/sami/ecommerce-api-and-web-robotframework/tests/venv/lib/python3.13/site-packages/urllib3/connectionpool.py:1097: InsecureRequestWarning: Unverified HTTPS request is being made to host 'serverest.dev'. Adding certificate verification is strongly advised. See: https://urllib3.readthedocs.io/en/latest/advanced-usage.html#tls-warnings
  warnings.warn(</msg>
<arg>session</arg>
<arg>url=${g_ENV['server_back']}${g_ENV['endpoint_user']}/${id_user}</arg>
<doc>Sends a DELETE request on a previously created HTTP Session.</doc>
<status status="PASS" start="2025-06-19T17:16:14.510188" elapsed="0.200624"/>
</kw>
<kw name="Clear Carts Conclude" owner="carts_keyword" type="TEARDOWN">
<kw name="DELETE On Session" owner="RequestsLibrary">
<msg time="2025-06-19T17:16:15.254554" level="INFO">DELETE Request : url=https://serverest.dev/carrinhos/concluir-compra 
 path_url=/carrinhos/concluir-compra 
 headers={'User-Agent': 'python-requests/2.32.4', 'Accept-Encoding': 'gzip, deflate', 'Accept': '*/*', 'Connection': 'keep-alive', 'Authorization': 'Bearer eyJhbGciOiJIUzI1NiIsInR5cCI6IkpXVCJ9.eyJlbWFpbCI6ImZ1bGFub0BxYS5jb20iLCJwYXNzd29yZCI6InRlc3RlIiwiaWF0IjoxNzUwMzY0MTcyLCJleHAiOjE3NTAzNjQ3NzJ9.sLS646NgGuWpnpEktypi3PG_EOCONVAx2FoCfMKkLaQ', 'Content-Length': '0'} 
 body=None 
 </msg>
<msg time="2025-06-19T17:16:15.254732" level="INFO">DELETE Response : url=https://serverest.dev/carrinhos/concluir-compra 
 status=200, reason=OK 
 headers={'access-control-allow-origin': '*', 'x-dns-prefetch-control': 'off', 'x-frame-options': 'SAMEORIGIN', 'strict-transport-security': 'max-age=15552000; includeSubDomains', 'x-download-options': 'noopen', 'x-content-type-options': 'nosniff', 'x-xss-protection': '1; mode=block', 'content-type': 'application/json; charset=utf-8', 'x-cloud-trace-context': '1e3b8c77a65bcd23104f7353e3085415', 'date': 'Thu, 19 Jun 2025 20:16:14 GMT', 'server': 'Google Frontend', 'Content-Length': '68'} 
 body={
    "message": "Não foi encontrado carrinho para esse usuário"
} 
 </msg>
<msg time="2025-06-19T17:16:15.254868" level="INFO">/home/sami/ecommerce-api-and-web-robotframework/tests/venv/lib/python3.13/site-packages/urllib3/connectionpool.py:1097: InsecureRequestWarning: Unverified HTTPS request is being made to host 'serverest.dev'. Adding certificate verification is strongly advised. See: https://urllib3.readthedocs.io/en/latest/advanced-usage.html#tls-warnings
  warnings.warn(</msg>
<msg time="2025-06-19T17:16:15.255111" level="INFO">${response} = &lt;Response [200]&gt;</msg>
<var>${response}</var>
<arg>session</arg>
<arg>url=${g_ENV['server_back']}${g_ENV['endpoint_carts']}${g_ENV['endpoint_conclude']}</arg>
<arg>headers=${g_HEADERS_AUTH}</arg>
<doc>Sends a DELETE request on a previously created HTTP Session.</doc>
<status status="PASS" start="2025-06-19T17:16:14.711796" elapsed="0.543367"/>
</kw>
<doc>Conclui o carrinho do usuário autenticado para limpar o ambiente de teste.</doc>
<status status="PASS" start="2025-06-19T17:16:14.711420" elapsed="0.543960"/>
</kw>
<doc>list a carts success</doc>
<status status="PASS" start="2025-06-19T17:16:12.578469" elapsed="2.677101"/>
</test>
<test id="s1-s1-s1-s1-s1-t2" name="Carts Search By Id Success" line="46">
<kw name="Body User" owner="user_body">
<kw name="Serverest Values" owner="keywords_serverest">
<kw name="Evaluate" owner="BuiltIn">
<msg time="2025-06-19T17:16:15.260102" level="INFO">${name} = Luiza</msg>
<var>${name}</var>
<arg>random.choice(["Lara", "Lana", "Kaira", "Karol", "Juliana", "Vircine", "Viviene", "Vivian", "Sami", "Samilly", "Samara", "Samira", "Luiza", "Luzia"])</arg>
<arg>modules=random</arg>
<doc>Evaluates the given expression in Python and returns the result.</doc>
<status status="PASS" start="2025-06-19T17:16:15.258445" elapsed="0.001723"/>
</kw>
<kw name="Evaluate" owner="BuiltIn">
<msg time="2025-06-19T17:16:15.261013" level="INFO">${surname} = Oliveira</msg>
<var>${surname}</var>
<arg>random.choice(["Santos", "Silva", "Stiti", "Lucena", "Silveira", "Oliveira", "Laradina", "Winked", "Sousa", "Souza", "Alves", "Gomes", "Carneiro", "Santana"])</arg>
<arg>modules=random</arg>
<doc>Evaluates the given expression in Python and returns the result.</doc>
<status status="PASS" start="2025-06-19T17:16:15.260497" elapsed="0.000579"/>
</kw>
<kw name="Catenate" owner="BuiltIn">
<msg time="2025-06-19T17:16:15.261620" level="INFO">${s_FULLNAME} = Luiza Oliveira</msg>
<var>${s_FULLNAME}</var>
<arg>${name} ${surname}</arg>
<doc>Catenates the given items together and returns the resulted string.</doc>
<status status="PASS" start="2025-06-19T17:16:15.261305" elapsed="0.000362"/>
</kw>
<kw name="Set Suite Variable" owner="BuiltIn">
<msg time="2025-06-19T17:16:15.262725" level="INFO">${s_FULLNAME} = Luiza Oliveira</msg>
<arg>${s_FULLNAME}</arg>
<doc>Makes a variable available everywhere within the scope of the current suite.</doc>
<status status="PASS" start="2025-06-19T17:16:15.262134" elapsed="0.000701"/>
</kw>
<kw name="Generate Random String" owner="String">
<msg time="2025-06-19T17:16:15.263834" level="INFO">${number} = 181</msg>
<var>${number}</var>
<arg>3</arg>
<arg>[NUMBERS]</arg>
<doc>Generates a string with a desired ``length`` from the given ``chars``.</doc>
<status status="PASS" start="2025-06-19T17:16:15.263143" elapsed="0.000758"/>
</kw>
<kw name="Set Variable" owner="BuiltIn">
<msg time="2025-06-19T17:16:15.265059" level="INFO">${email} = Luiza_Oliveira_181@hotmail.com</msg>
<var>${email}</var>
<arg>${name}_${surname}_${number}@hotmail.com</arg>
<doc>Returns the given values which can then be assigned to a variables.</doc>
<status status="PASS" start="2025-06-19T17:16:15.264394" elapsed="0.000747"/>
</kw>
<kw name="Set Global Variable" owner="BuiltIn">
<msg time="2025-06-19T17:16:15.266542" level="INFO">${g_FULLNAME} = Luiza Oliveira</msg>
<arg>${g_FULLNAME}</arg>
<arg>${s_FULLNAME}</arg>
<doc>Makes a variable available globally in all tests and suites.</doc>
<status status="PASS" start="2025-06-19T17:16:15.265735" elapsed="0.000945"/>
</kw>
<kw name="Set Global Variable" owner="BuiltIn">
<msg time="2025-06-19T17:16:15.267587" level="INFO">${g_EMAIL} = Luiza_Oliveira_181@hotmail.com</msg>
<arg>${g_EMAIL}</arg>
<arg>${email}</arg>
<doc>Makes a variable available globally in all tests and suites.</doc>
<status status="PASS" start="2025-06-19T17:16:15.267052" elapsed="0.000669"/>
</kw>
<kw name="Set Suite Variable" owner="BuiltIn">
<msg time="2025-06-19T17:16:15.268530" level="INFO">${administrador} = true</msg>
<arg>${administrador}</arg>
<arg>true</arg>
<doc>Makes a variable available everywhere within the scope of the current suite.</doc>
<status status="PASS" start="2025-06-19T17:16:15.268141" elapsed="0.000525"/>
</kw>
<kw name="Set Global Variable" owner="BuiltIn">
<msg time="2025-06-19T17:16:15.269914" level="INFO">${g_ADMIN} = true</msg>
<arg>${g_ADMIN}</arg>
<arg>${administrador}</arg>
<doc>Makes a variable available globally in all tests and suites.</doc>
<status status="PASS" start="2025-06-19T17:16:15.268994" elapsed="0.001007"/>
</kw>
<kw name="Generate Random String" owner="String">
<msg time="2025-06-19T17:16:15.271572" level="INFO">${number} = 089</msg>
<var>${number}</var>
<arg>3</arg>
<arg>[NUMBERS]</arg>
<doc>Generates a string with a desired ``length`` from the given ``chars``.</doc>
<status status="PASS" start="2025-06-19T17:16:15.270654" elapsed="0.000994"/>
</kw>
<kw name="Generate Random String" owner="String">
<msg time="2025-06-19T17:16:15.272654" level="INFO">${letters} = aqJ</msg>
<var>${letters}</var>
<arg>3</arg>
<arg>[LETTERS]</arg>
<doc>Generates a string with a desired ``length`` from the given ``chars``.</doc>
<status status="PASS" start="2025-06-19T17:16:15.272090" elapsed="0.000616"/>
</kw>
<kw name="Set Variable" owner="BuiltIn">
<msg time="2025-06-19T17:16:15.273371" level="INFO">${password_admin} = 089#aqJ</msg>
<var>${password_admin}</var>
<arg>${number}#${letters}</arg>
<doc>Returns the given values which can then be assigned to a variables.</doc>
<status status="PASS" start="2025-06-19T17:16:15.272989" elapsed="0.000429"/>
</kw>
<kw name="Set Global Variable" owner="BuiltIn">
<msg time="2025-06-19T17:16:15.274098" level="INFO">${g_PASSWORD} = 089#aqJ</msg>
<arg>${g_PASSWORD}</arg>
<arg>${password_admin}</arg>
<doc>Makes a variable available globally in all tests and suites.</doc>
<status status="PASS" start="2025-06-19T17:16:15.273654" elapsed="0.000537"/>
</kw>
<kw name="Evaluate" owner="BuiltIn">
<msg time="2025-06-19T17:16:15.275206" level="INFO">${name_product} = Webcam Full HD</msg>
<var>${name_product}</var>
<arg>random.choice(["Camisa Tech", "Fone Gamer", "Notebook X1", "Cadeira Ergonômica", "Mouse RGB", "Teclado Mecânico", "Monitor UltraWide", "Hub USB-C", "Smartwatch Fit", "Echo Bass", "Carregador Turbo", "Luminária LED", "HD Externo", "Webcam Full HD"])</arg>
<arg>modules=random</arg>
<doc>Evaluates the given expression in Python and returns the result.</doc>
<status status="PASS" start="2025-06-19T17:16:15.274436" elapsed="0.000831"/>
</kw>
<kw name="Generate Random String" owner="String">
<msg time="2025-06-19T17:16:15.275923" level="INFO">${number} = 304</msg>
<var>${number}</var>
<arg>3</arg>
<arg>[NUMBERS]</arg>
<doc>Generates a string with a desired ``length`` from the given ``chars``.</doc>
<status status="PASS" start="2025-06-19T17:16:15.275490" elapsed="0.000472"/>
</kw>
<kw name="Set Variable" owner="BuiltIn">
<msg time="2025-06-19T17:16:15.276395" level="INFO">${s_NAME_PRODUCT} = Webcam Full HD304</msg>
<var>${s_NAME_PRODUCT}</var>
<arg>${name_product}${number}</arg>
<doc>Returns the given values which can then be assigned to a variables.</doc>
<status status="PASS" start="2025-06-19T17:16:15.276149" elapsed="0.000277"/>
</kw>
<kw name="Evaluate" owner="BuiltIn">
<msg time="2025-06-19T17:16:15.276888" level="INFO">${description} = Mouse RGB DPI com software de personalização de macros</msg>
<var>${description}</var>
<arg>random.choice(["Tecido respirável com proteção UV, ideal para treinos","16GB RAM, SSD 512GB e tela Full HD"," Apoio lombar ajustável e reclinação 135","Mouse RGB DPI com software de personalização de macros"])</arg>
<arg>modules=random</arg>
<doc>Evaluates the given expression in Python and returns the result.</doc>
<status status="PASS" start="2025-06-19T17:16:15.276566" elapsed="0.000362"/>
</kw>
<kw name="Generate Random String" owner="String">
<msg time="2025-06-19T17:16:15.277366" level="INFO">${price} = 711</msg>
<var>${price}</var>
<arg>3</arg>
<arg>[NUMBERS]</arg>
<doc>Generates a string with a desired ``length`` from the given ``chars``.</doc>
<status status="PASS" start="2025-06-19T17:16:15.277097" elapsed="0.000303"/>
</kw>
<kw name="Generate Random String" owner="String">
<msg time="2025-06-19T17:16:15.277785" level="INFO">${quantity} = 4756</msg>
<var>${quantity}</var>
<arg>4</arg>
<arg>[NUMBERS]</arg>
<doc>Generates a string with a desired ``length`` from the given ``chars``.</doc>
<status status="PASS" start="2025-06-19T17:16:15.277552" elapsed="0.000263"/>
</kw>
<kw name="Set Global Variable" owner="BuiltIn">
[...]
<status status="PASS" start="2025-06-19T17:16:28.961473" elapsed="0.000165"/>
</kw>
<kw name="Set Suite Variable" owner="BuiltIn">
<msg time="2025-06-19T17:16:28.961821" level="INFO">${administrador} = true</msg>
<arg>${administrador}</arg>
<arg>true</arg>
<doc>Makes a variable available everywhere within the scope of the current suite.</doc>
<status status="PASS" start="2025-06-19T17:16:28.961721" elapsed="0.000126"/>
</kw>
<kw name="Set Global Variable" owner="BuiltIn">
<msg time="2025-06-19T17:16:28.962100" level="INFO">${g_ADMIN} = true</msg>
<arg>${g_ADMIN}</arg>
<arg>${administrador}</arg>
<doc>Makes a variable available globally in all tests and suites.</doc>
<status status="PASS" start="2025-06-19T17:16:28.961924" elapsed="0.000204"/>
</kw>
<kw name="Generate Random String" owner="String">
<msg time="2025-06-19T17:16:28.962388" level="INFO">${number} = 371</msg>
<var>${number}</var>
<arg>3</arg>
<arg>[NUMBERS]</arg>
<doc>Generates a string with a desired ``length`` from the given ``chars``.</doc>
<status status="PASS" start="2025-06-19T17:16:28.962214" elapsed="0.000193"/>
</kw>
<kw name="Generate Random String" owner="String">
<msg time="2025-06-19T17:16:28.962629" level="INFO">${letters} = tqj</msg>
<var>${letters}</var>
<arg>3</arg>
<arg>[LETTERS]</arg>
<doc>Generates a string with a desired ``length`` from the given ``chars``.</doc>
<status status="PASS" start="2025-06-19T17:16:28.962494" elapsed="0.000154"/>
</kw>
<kw name="Set Variable" owner="BuiltIn">
<msg time="2025-06-19T17:16:28.962851" level="INFO">${password_admin} = 371#tqj</msg>
<var>${password_admin}</var>
<arg>${number}#${letters}</arg>
<doc>Returns the given values which can then be assigned to a variables.</doc>
<status status="PASS" start="2025-06-19T17:16:28.962736" elapsed="0.000133"/>
</kw>
<kw name="Set Global Variable" owner="BuiltIn">
<msg time="2025-06-19T17:16:28.963106" level="INFO">${g_PASSWORD} = 371#tqj</msg>
<arg>${g_PASSWORD}</arg>
<arg>${password_admin}</arg>
<doc>Makes a variable available globally in all tests and suites.</doc>
<status status="PASS" start="2025-06-19T17:16:28.962954" elapsed="0.000180"/>
</kw>
<kw name="Evaluate" owner="BuiltIn">
<msg time="2025-06-19T17:16:28.963505" level="INFO">${name_product} = Notebook X1</msg>
<var>${name_product}</var>
<arg>random.choice(["Camisa Tech", "Fone Gamer", "Notebook X1", "Cadeira Ergonômica", "Mouse RGB", "Teclado Mecânico", "Monitor UltraWide", "Hub USB-C", "Smartwatch Fit", "Echo Bass", "Carregador Turbo", "Luminária LED", "HD Externo", "Webcam Full HD"])</arg>
<arg>modules=random</arg>
<doc>Evaluates the given expression in Python and returns the result.</doc>
<status status="PASS" start="2025-06-19T17:16:28.963298" elapsed="0.000230"/>
</kw>
<kw name="Generate Random String" owner="String">
<msg time="2025-06-19T17:16:28.963751" level="INFO">${number} = 073</msg>
<var>${number}</var>
<arg>3</arg>
<arg>[NUMBERS]</arg>
<doc>Generates a string with a desired ``length`` from the given ``chars``.</doc>
<status status="PASS" start="2025-06-19T17:16:28.963620" elapsed="0.000151"/>
</kw>
<kw name="Set Variable" owner="BuiltIn">
<msg time="2025-06-19T17:16:28.963977" level="INFO">${s_NAME_PRODUCT} = Notebook X1073</msg>
<var>${s_NAME_PRODUCT}</var>
<arg>${name_product}${number}</arg>
<doc>Returns the given values which can then be assigned to a variables.</doc>
<status status="PASS" start="2025-06-19T17:16:28.963862" elapsed="0.000133"/>
</kw>
<kw name="Evaluate" owner="BuiltIn">
<msg time="2025-06-19T17:16:28.964229" level="INFO">${description} = Mouse RGB DPI com software de personalização de macros</msg>
<var>${description}</var>
<arg>random.choice(["Tecido respirável com proteção UV, ideal para treinos","16GB RAM, SSD 512GB e tela Full HD"," Apoio lombar ajustável e reclinação 135","Mouse RGB DPI com software de personalização de macros"])</arg>
<arg>modules=random</arg>
<doc>Evaluates the given expression in Python and returns the result.</doc>
<status status="PASS" start="2025-06-19T17:16:28.964079" elapsed="0.000178"/>
</kw>
<kw name="Generate Random String" owner="String">
<msg time="2025-06-19T17:16:28.964479" level="INFO">${price} = 367</msg>
<var>${price}</var>
<arg>3</arg>
<arg>[NUMBERS]</arg>
<doc>Generates a string with a desired ``length`` from the given ``chars``.</doc>
<status status="PASS" start="2025-06-19T17:16:28.964352" elapsed="0.000146"/>
</kw>
<kw name="Generate Random String" owner="String">
<msg time="2025-06-19T17:16:28.964715" level="INFO">${quantity} = 6068</msg>
<var>${quantity}</var>
<arg>4</arg>
<arg>[NUMBERS]</arg>
<doc>Generates a string with a desired ``length`` from the given ``chars``.</doc>
<status status="PASS" start="2025-06-19T17:16:28.964591" elapsed="0.000143"/>
</kw>
<kw name="Set Global Variable" owner="BuiltIn">
<msg time="2025-06-19T17:16:28.964980" level="INFO">${g_PRODUCT} = Notebook X1073</msg>
<arg>${g_PRODUCT}</arg>
<arg>${s_NAME_PRODUCT}</arg>
<doc>Makes a variable available globally in all tests and suites.</doc>
<status status="PASS" start="2025-06-19T17:16:28.964824" elapsed="0.000185"/>
</kw>
<kw name="Set Global Variable" owner="BuiltIn">
<msg time="2025-06-19T17:16:28.965237" level="INFO">${g_DESCRIPTION} = Mouse RGB DPI com software de personalização de macros</msg>
<arg>${g_DESCRIPTION}</arg>
<arg>${description}</arg>
<doc>Makes a variable available globally in all tests and suites.</doc>
<status status="PASS" start="2025-06-19T17:16:28.965092" elapsed="0.000194"/>
</kw>
<kw name="Set Global Variable" owner="BuiltIn">
<msg time="2025-06-19T17:16:28.965601" level="INFO">${g_PRICE} = 367</msg>
<arg>${g_PRICE}</arg>
<arg>${price}</arg>
<doc>Makes a variable available globally in all tests and suites.</doc>
<status status="PASS" start="2025-06-19T17:16:28.965400" elapsed="0.000246"/>
</kw>
<kw name="Set Global Variable" owner="BuiltIn">
<msg time="2025-06-19T17:16:28.965979" level="INFO">${g_QUANTITY} = 6068</msg>
<arg>${g_QUANTITY}</arg>
<arg>${quantity}</arg>
<doc>Makes a variable available globally in all tests and suites.</doc>
<status status="PASS" start="2025-06-19T17:16:28.965778" elapsed="0.000250"/>
</kw>
<status status="PASS" start="2025-06-19T17:16:28.959555" elapsed="0.006553"/>
</kw>
<kw name="Create Dictionary" owner="BuiltIn">
<msg time="2025-06-19T17:16:28.966620" level="INFO">${body_update} = {'nome': 'Vivian Oliveira', 'email': 'Vivian_Oliveira_494@hotmail.com', 'password': '371#tqj', 'administrador': 'true'}</msg>
<var>${body_update}</var>
<arg>nome=${g_FULLNAME}</arg>
<arg>email=${g_EMAIL}</arg>
<arg>password=${g_PASSWORD}</arg>
<arg>administrador=${g_ADMIN}</arg>
<doc>Creates and returns a dictionary based on the given ``items``.</doc>
<status status="PASS" start="2025-06-19T17:16:28.966261" elapsed="0.000393"/>
</kw>
<return>
<value>${body_update}</value>
<status status="PASS" start="2025-06-19T17:16:28.966721" elapsed="0.000055"/>
</return>
<msg time="2025-06-19T17:16:28.966970" level="INFO">${body_update} = {'nome': 'Vivian Oliveira', 'email': 'Vivian_Oliveira_494@hotmail.com', 'password': '371#tqj', 'administrador': 'true'}</msg>
<var>${body_update}</var>
<status status="PASS" start="2025-06-19T17:16:28.959227" elapsed="0.007766"/>
</kw>
<kw name="PUT On Session" owner="RequestsLibrary">
<msg time="2025-06-19T17:16:29.251404" level="INFO">PUT Request : url=https://serverest.dev/usuarios/rjFoWWnxR9TMjCMB 
 path_url=/usuarios/rjFoWWnxR9TMjCMB 
 headers={'User-Agent': 'python-requests/2.32.4', 'Accept-Encoding': 'gzip, deflate', 'Accept': '*/*', 'Connection': 'keep-alive', 'Content-Length': '119', 'Content-Type': 'application/json'} 
 body=b'{"nome": "Vivian Oliveira", "email": "Vivian_Oliveira_494@hotmail.com", "password": "371#tqj", "administrador": "true"}' 
 </msg>
<msg time="2025-06-19T17:16:29.251636" level="INFO">PUT Response : url=https://serverest.dev/usuarios/rjFoWWnxR9TMjCMB 
 status=200, reason=OK 
 headers={'access-control-allow-origin': '*', 'x-dns-prefetch-control': 'off', 'x-frame-options': 'SAMEORIGIN', 'strict-transport-security': 'max-age=15552000; includeSubDomains', 'x-download-options': 'noopen', 'x-content-type-options': 'nosniff', 'x-xss-protection': '1; mode=block', 'content-type': 'application/json; charset=utf-8', 'x-cloud-trace-context': 'c54d886b426d69bddee2d5c4797f7fc6', 'date': 'Thu, 19 Jun 2025 20:16:29 GMT', 'server': 'Google Frontend', 'Content-Length': '50'} 
 body={
    "message": "Registro alterado com sucesso"
} 
 </msg>
<msg time="2025-06-19T17:16:29.251790" level="INFO">/home/sami/ecommerce-api-and-web-robotframework/tests/venv/lib/python3.13/site-packages/urllib3/connectionpool.py:1097: InsecureRequestWarning: Unverified HTTPS request is being made to host 'serverest.dev'. Adding certificate verification is strongly advised. See: https://urllib3.readthedocs.io/en/latest/advanced-usage.html#tls-warnings
  warnings.warn(</msg>
<msg time="2025-06-19T17:16:29.252124" level="INFO">${response} = &lt;Response [200]&gt;</msg>
<var>${response}</var>
<arg>session</arg>
<arg>url=${g_ENV['server_back']}${g_ENV['endpoint_user']}/${id_user}</arg>
<arg>json=${body_update}</arg>
<doc>Sends a PUT request on a previously created HTTP Session.</doc>
<status status="PASS" start="2025-06-19T17:16:28.967662" elapsed="0.284534"/>
</kw>
<kw name="Status Should Be" owner="RequestsLibrary">
<arg>200</arg>
<arg>${response}</arg>
<doc>Fails if response status code is different than the expected.</doc>
<status status="PASS" start="2025-06-19T17:16:29.252736" elapsed="0.000492"/>
</kw>
<kw name="Dictionary Should Contain Item" owner="Collections">
<arg>${response.json()}</arg>
<arg>message</arg>
<arg>${msg['update_sucess']}</arg>
<doc>An item of ``key`` / ``value`` must be found in a ``dictionary``.</doc>
<status status="PASS" start="2025-06-19T17:16:29.253650" elapsed="0.002111"/>
</kw>
<kw name="DELETE On Session" owner="RequestsLibrary">
<msg time="2025-06-19T17:16:29.454939" level="INFO">DELETE Request : url=https://serverest.dev/usuarios/rjFoWWnxR9TMjCMB 
 path_url=/usuarios/rjFoWWnxR9TMjCMB 
 headers={'User-Agent': 'python-requests/2.32.4', 'Accept-Encoding': 'gzip, deflate', 'Accept': '*/*', 'Connection': 'keep-alive', 'Content-Length': '0'} 
 body=None 
 </msg>
<msg time="2025-06-19T17:16:29.455142" level="INFO">DELETE Response : url=https://serverest.dev/usuarios/rjFoWWnxR9TMjCMB 
 status=200, reason=OK 
 headers={'access-control-allow-origin': '*', 'x-dns-prefetch-control': 'off', 'x-frame-options': 'SAMEORIGIN', 'strict-transport-security': 'max-age=15552000; includeSubDomains', 'x-download-options': 'noopen', 'x-content-type-options': 'nosniff', 'x-xss-protection': '1; mode=block', 'content-type': 'application/json; charset=utf-8', 'x-cloud-trace-context': 'e7191001e0815b57dee2d5c4797f7522', 'date': 'Thu, 19 Jun 2025 20:16:29 GMT', 'server': 'Google Frontend', 'Content-Length': '51'} 
 body={
    "message": "Registro excluído com sucesso"
} 
 </msg>
<msg time="2025-06-19T17:16:29.455445" level="INFO">/home/sami/ecommerce-api-and-web-robotframework/tests/venv/lib/python3.13/site-packages/urllib3/connectionpool.py:1097: InsecureRequestWarning: Unverified HTTPS request is being made to host 'serverest.dev'. Adding certificate verification is strongly advised. See: https://urllib3.readthedocs.io/en/latest/advanced-usage.html#tls-warnings
  warnings.warn(</msg>
<arg>session</arg>
<arg>url=${g_ENV['server_back']}${g_ENV['endpoint_user']}/${id_user}</arg>
<doc>Sends a DELETE request on a previously created HTTP Session.</doc>
<status status="PASS" start="2025-06-19T17:16:29.256183" elapsed="0.199451"/>
</kw>
<doc>Edit a user success</doc>
<status status="PASS" start="2025-06-19T17:16:28.659124" elapsed="0.796924"/>
</test>
<status status="PASS" start="2025-06-19T17:16:28.639900" elapsed="0.816822"/>
</suite>
<status status="PASS" start="2025-06-19T17:16:25.260714" elapsed="4.197290"/>
</suite>
<status status="PASS" start="2025-06-19T17:16:12.564869" elapsed="16.894313"/>
</suite>
<status status="PASS" start="2025-06-19T17:16:12.563629" elapsed="16.896716"/>
</suite>
<status status="PASS" start="2025-06-19T17:16:11.901670" elapsed="17.559765"/>
</suite>
<statistics>
<total>
<stat pass="15" fail="0" skip="0">All Tests</stat>
</total>
<tag>
</tag>
<suite>
<stat name="Tests" id="s1" pass="15" fail="0" skip="0">Tests</stat>
<stat name="Serverest" id="s1-s1" pass="15" fail="0" skip="0">Tests.Serverest</stat>
<stat name="Api" id="s1-s1-s1" pass="15" fail="0" skip="0">Tests.Serverest.Api</stat>
<stat name="Carts" id="s1-s1-s1-s1" pass="4" fail="0" skip="0">Tests.Serverest.Api.Carts</stat>
<stat name="Get Carts" id="s1-s1-s1-s1-s1" pass="2" fail="0" skip="0">Tests.Serverest.Api.Carts.Get Carts</stat>
<stat name="Post Carts" id="s1-s1-s1-s1-s2" pass="2" fail="0" skip="0">Tests.Serverest.Api.Carts.Post Carts</stat>
<stat name="Product" id="s1-s1-s1-s2" pass="5" fail="0" skip="0">Tests.Serverest.Api.Product</stat>
<stat name="Delete Product" id="s1-s1-s1-s2-s1" pass="1" fail="0" skip="0">Tests.Serverest.Api.Product.Delete Product</stat>
<stat name="Get Product" id="s1-s1-s1-s2-s2" pass="2" fail="0" skip="0">Tests.Serverest.Api.Product.Get Product</stat>
<stat name="Post Product" id="s1-s1-s1-s2-s3" pass="1" fail="0" skip="0">Tests.Serverest.Api.Product.Post Product</stat>
<stat name="Put Product" id="s1-s1-s1-s2-s4" pass="1" fail="0" skip="0">Tests.Serverest.Api.Product.Put Product</stat>
<stat name="User" id="s1-s1-s1-s3" pass="6" fail="0" skip="0">Tests.Serverest.Api.User</stat>
<stat name="Delete User" id="s1-s1-s1-s3-s1" pass="1" fail="0" skip="0">Tests.Serverest.Api.User.Delete User</stat>
<stat name="Get User" id="s1-s1-s1-s3-s2" pass="2" fail="0" skip="0">Tests.Serverest.Api.User.Get User</stat>
<stat name="Post User" id="s1-s1-s1-s3-s3" pass="2" fail="0" skip="0">Tests.Serverest.Api.User.Post User</stat>
<stat name="Put User" id="s1-s1-s1-s3-s4" pass="1" fail="0" skip="0">Tests.Serverest.Api.User.Put User</stat>
</suite>
</statistics>
<errors>
<msg time="2025-06-19T17:16:12.025096" level="ERROR">Error in file '/home/sami/ecommerce-api-and-web-robotframework/support/resources.resource' on line 6: Importing library 'YAML' failed: ModuleNotFoundError: No module named 'YAML'
Traceback (most recent call last):
  None
PYTHONPATH:
  /home/sami/ecommerce-api-and-web-robotframework/tests/venv/bin
  /usr/lib/python313.zip
  /usr/lib/python3.13
  /usr/lib/python3.13/lib-dynload
  /home/sami/ecommerce-api-and-web-robotframework/tests/venv/lib/python3.13/site-packages</msg>
<msg time="2025-06-19T17:16:12.056015" level="WARN">Imported resource file '/home/sami/ecommerce-api-and-web-robotframework/utils/keywords_front.resource' is empty.</msg>
<msg time="2025-06-19T17:16:12.568482" level="ERROR">Error in file '/home/sami/ecommerce-api-and-web-robotframework/support/resources.resource' on line 6: Importing library 'YAML' failed: ModuleNotFoundError: No module named 'YAML'
Traceback (most recent call last):
  None
PYTHONPATH:
  /home/sami/ecommerce-api-and-web-robotframework/tests/venv/bin
  /usr/lib/python313.zip
  /usr/lib/python3.13
  /usr/lib/python3.13/lib-dynload
  /home/sami/ecommerce-api-and-web-robotframework/tests/venv/lib/python3.13/site-packages</msg>
<msg time="2025-06-19T17:16:17.580536" level="ERROR">Error in file '/home/sami/ecommerce-api-and-web-robotframework/support/resources.resource' on line 6: Importing library 'YAML' failed: ModuleNotFoundError: No module named 'YAML'
Traceback (most recent call last):
  None
PYTHONPATH:
  /home/sami/ecommerce-api-and-web-robotframework/tests/venv/bin
  /usr/lib/python313.zip
  /usr/lib/python3.13
  /usr/lib/python3.13/lib-dynload
  /home/sami/ecommerce-api-and-web-robotframework/tests/venv/lib/python3.13/site-packages</msg>
<msg time="2025-06-19T17:16:22.093778" level="ERROR">Error in file '/home/sami/ecommerce-api-and-web-robotframework/support/resources.resource' on line 6: Importing library 'YAML' failed: ModuleNotFoundError: No module named 'YAML'
Traceback (most recent call last):
  None
PYTHONPATH:
  /home/sami/ecommerce-api-and-web-robotframework/tests/venv/bin
  /usr/lib/python313.zip
  /usr/lib/python3.13
  /usr/lib/python3.13/lib-dynload
  /home/sami/ecommerce-api-and-web-robotframework/tests/venv/lib/python3.13/site-packages</msg>
<msg time="2025-06-19T17:16:22.607224" level="ERROR">Error in file '/home/sami/ecommerce-api-and-web-robotframework/support/resources.resource' on line 6: Importing library 'YAML' failed: ModuleNotFoundError: No module named 'YAML'
Traceback (most recent call last):
  None
PYTHONPATH:
  /home/sami/ecommerce-api-and-web-robotframework/tests/venv/bin
  /usr/lib/python313.zip
  /usr/lib/python3.13
  /usr/lib/python3.13/lib-dynload
  /home/sami/ecommerce-api-and-web-robotframework/tests/venv/lib/python3.13/site-packages</msg>
<msg time="2025-06-19T17:16:24.037222" level="ERROR">Error in file '/home/sami/ecommerce-api-and-web-robotframework/support/resources.resource' on line 6: Importing library 'YAML' failed: ModuleNotFoundError: No module named 'YAML'
Traceback (most recent call last):
  None
PYTHONPATH:
  /home/sami/ecommerce-api-and-web-robotframework/tests/venv/bin
  /usr/lib/python313.zip
  /usr/lib/python3.13
  /usr/lib/python3.13/lib-dynload
  /home/sami/ecommerce-api-and-web-robotframework/tests/venv/lib/python3.13/site-packages</msg>
<msg time="2025-06-19T17:16:24.548815" level="ERROR">Error in file '/home/sami/ecommerce-api-and-web-robotframework/support/resources.resource' on line 6: Importing library 'YAML' failed: ModuleNotFoundError: No module named 'YAML'
Traceback (most recent call last):
  None
PYTHONPATH:
  /home/sami/ecommerce-api-and-web-robotframework/tests/venv/bin
  /usr/lib/python313.zip
  /usr/lib/python3.13
  /usr/lib/python3.13/lib-dynload
  /home/sami/ecommerce-api-and-web-robotframework/tests/venv/lib/python3.13/site-packages</msg>
<msg time="2025-06-19T17:16:25.268309" level="ERROR">Error in file '/home/sami/ecommerce-api-and-web-robotframework/support/resources.resource' on line 6: Importing library 'YAML' failed: ModuleNotFoundError: No module named 'YAML'
Traceback (most recent call last):
  None
PYTHONPATH:
  /home/sami/ecommerce-api-and-web-robotframework/tests/venv/bin
  /usr/lib/python313.zip
  /usr/lib/python3.13
  /usr/lib/python3.13/lib-dynload
  /home/sami/ecommerce-api-and-web-robotframework/tests/venv/lib/python3.13/site-packages</msg>
<msg time="2025-06-19T17:16:26.120552" level="ERROR">Error in file '/home/sami/ecommerce-api-and-web-robotframework/support/resources.resource' on line 6: Importing library 'YAML' failed: ModuleNotFoundError: No module named 'YAML'
Traceback (most recent call last):
  None
PYTHONPATH:
  /home/sami/ecommerce-api-and-web-robotframework/tests/venv/bin
  /usr/lib/python313.zip
  /usr/lib/python3.13
  /usr/lib/python3.13/lib-dynload
  /home/sami/ecommerce-api-and-web-robotframework/tests/venv/lib/python3.13/site-packages</msg>
<msg time="2025-06-19T17:16:27.518054" level="ERROR">Error in file '/home/sami/ecommerce-api-and-web-robotframework/support/resources.resource' on line 6: Importing library 'YAML' failed: ModuleNotFoundError: No module named 'YAML'
Traceback (most recent call last):
  None
PYTHONPATH:
  /home/sami/ecommerce-api-and-web-robotframework/tests/venv/bin
  /usr/lib/python313.zip
  /usr/lib/python3.13
  /usr/lib/python3.13/lib-dynload
  /home/sami/ecommerce-api-and-web-robotframework/tests/venv/lib/python3.13/site-packages</msg>
<msg time="2025-06-19T17:16:28.646222" level="ERROR">Error in file '/home/sami/ecommerce-api-and-web-robotframework/support/resources.resource' on line 6: Importing library 'YAML' failed: ModuleNotFoundError: No module named 'YAML'
Traceback (most recent call last):
  None
PYTHONPATH:
  /home/sami/ecommerce-api-and-web-robotframework/tests/venv/bin
  /usr/lib/python313.zip
  /usr/lib/python3.13
  /usr/lib/python3.13/lib-dynload
  /home/sami/ecommerce-api-and-web-robotframework/tests/venv/lib/python3.13/site-packages</msg>
</errors>
</robot>
